ARM GAS  /var/folders/9s/8rp0_f2s1n31qbztm3b5_fdh0000gn/T//cc2fg5RI.s 			page 1


   1              		.cpu cortex-m7
   2              		.arch armv7e-m
   3              		.fpu fpv5-d16
   4              		.eabi_attribute 28, 1
   5              		.eabi_attribute 20, 1
   6              		.eabi_attribute 21, 1
   7              		.eabi_attribute 23, 3
   8              		.eabi_attribute 24, 1
   9              		.eabi_attribute 25, 1
  10              		.eabi_attribute 26, 1
  11              		.eabi_attribute 30, 2
  12              		.eabi_attribute 34, 1
  13              		.eabi_attribute 18, 4
  14              		.file	"arpeggiator.cpp"
  15              		.text
  16              	.Ltext0:
  17              		.cfi_sections	.debug_frame
  18              		.section	.text._ZN11ArpeggiatorC2Ev,"ax",%progbits
  19              		.align	1
  20              		.p2align 2,,3
  21              		.global	_ZN11ArpeggiatorC2Ev
  22              		.syntax unified
  23              		.thumb
  24              		.thumb_func
  26              	_ZN11ArpeggiatorC2Ev:
  27              	.LVL0:
  28              	.LFB4683:
  29              		.file 1 "arpeggiator.cpp"
   1:arpeggiator.cpp **** // arpeggiator.cpp
   2:arpeggiator.cpp **** 
   3:arpeggiator.cpp **** #include "arpeggiator.h"
   4:arpeggiator.cpp **** 
   5:arpeggiator.cpp **** Arpeggiator::Arpeggiator()
  30              		.loc 1 5 1 view -0
  31              		.cfi_startproc
  32              		@ args = 0, pretend = 0, frame = 0
  33              		@ frame_needed = 0, uses_anonymous_args = 0
  34              		@ link register save eliminated.
  35              	.LBB13:
   6:arpeggiator.cpp ****     : rng_state_(0x12345678),
   7:arpeggiator.cpp ****       notes_(nullptr),
   8:arpeggiator.cpp ****       num_notes_(0),
   9:arpeggiator.cpp ****       scale_(nullptr),
  10:arpeggiator.cpp ****       scale_size_(0),
  11:arpeggiator.cpp ****       octave_jump_prob_(0.0f),
  12:arpeggiator.cpp ****       synth_(nullptr),
  13:arpeggiator.cpp ****       hw_(nullptr),
  14:arpeggiator.cpp ****       brightness_(0.5f),
  15:arpeggiator.cpp ****       damping_(0.5f),
  16:arpeggiator.cpp ****       structure_(0.5f),
  17:arpeggiator.cpp ****       knob1_(0.5f) {
  36              		.loc 1 17 18 is_stmt 0 view .LVU1
  37 0000 4FF07C51 		mov	r1, #1056964608
  38 0004 0022     		movs	r2, #0
  39 0006 4FF0000C 		mov	ip, #0
  40 000a 0163     		str	r1, [r0, #48]	@ float
  41 000c C0F824C0 		str	ip, [r0, #36]	@ float
ARM GAS  /var/folders/9s/8rp0_f2s1n31qbztm3b5_fdh0000gn/T//cc2fg5RI.s 			page 2


  42 0010 4163     		str	r1, [r0, #52]	@ float
  43 0012 8163     		str	r1, [r0, #56]	@ float
  44 0014 C163     		str	r1, [r0, #60]	@ float
  45              	.LBE13:
   5:arpeggiator.cpp ****     : rng_state_(0x12345678),
  46              		.loc 1 5 1 view .LVU2
  47 0016 10B4     		push	{r4}
  48              		.cfi_def_cfa_offset 4
  49              		.cfi_offset 4, -4
  50              	.LBB15:
  51              		.loc 1 17 18 view .LVU3
  52 0018 054C     		ldr	r4, .L4
  53              	.LVL1:
  54              	.LBB14:
  55              	.LBI14:
  56              		.file 2 "../../DaisySP/Source/Utility/metro.h"
   1:../../DaisySP/Source/Utility/metro.h **** /*
   2:../../DaisySP/Source/Utility/metro.h **** Copyright (c) 2020 Electrosmith, Corp
   3:../../DaisySP/Source/Utility/metro.h **** 
   4:../../DaisySP/Source/Utility/metro.h **** Use of this source code is governed by an MIT-style
   5:../../DaisySP/Source/Utility/metro.h **** license that can be found in the LICENSE file or at
   6:../../DaisySP/Source/Utility/metro.h **** https://opensource.org/licenses/MIT.
   7:../../DaisySP/Source/Utility/metro.h **** */
   8:../../DaisySP/Source/Utility/metro.h **** 
   9:../../DaisySP/Source/Utility/metro.h **** #pragma once
  10:../../DaisySP/Source/Utility/metro.h **** #ifndef DSY_METRO_H
  11:../../DaisySP/Source/Utility/metro.h **** #define DSY_METRO_H
  12:../../DaisySP/Source/Utility/metro.h **** #include <stdint.h>
  13:../../DaisySP/Source/Utility/metro.h **** #ifdef __cplusplus
  14:../../DaisySP/Source/Utility/metro.h **** 
  15:../../DaisySP/Source/Utility/metro.h **** namespace daisysp
  16:../../DaisySP/Source/Utility/metro.h **** {
  17:../../DaisySP/Source/Utility/metro.h **** /** Creates a clock signal at a specific frequency.
  18:../../DaisySP/Source/Utility/metro.h **** */
  19:../../DaisySP/Source/Utility/metro.h **** class Metro
  20:../../DaisySP/Source/Utility/metro.h **** {
  21:../../DaisySP/Source/Utility/metro.h ****   public:
  22:../../DaisySP/Source/Utility/metro.h ****     Metro() {}
  57              		.loc 2 22 5 is_stmt 1 view .LVU4
  58              		.loc 2 22 5 is_stmt 0 view .LVU5
  59              	.LBE14:
  60              		.loc 1 17 18 view .LVU6
  61 001a C0E90522 		strd	r2, r2, [r0, #20]
  62 001e 0461     		str	r4, [r0, #16]
  63              	.LBE15:
  18:arpeggiator.cpp **** }
  64              		.loc 1 18 1 view .LVU7
  65 0020 5DF8044B 		ldr	r4, [sp], #4
  66              		.cfi_restore 4
  67              		.cfi_def_cfa_offset 0
  68              	.LBB16:
  17:arpeggiator.cpp **** }
  69              		.loc 1 17 18 view .LVU8
  70 0024 C0E90722 		strd	r2, r2, [r0, #28]
  71 0028 C0E90A22 		strd	r2, r2, [r0, #40]
  72              	.LBE16:
  73              		.loc 1 18 1 view .LVU9
ARM GAS  /var/folders/9s/8rp0_f2s1n31qbztm3b5_fdh0000gn/T//cc2fg5RI.s 			page 3


  74 002c 7047     		bx	lr
  75              	.L5:
  76 002e 00BF     		.align	2
  77              	.L4:
  78 0030 78563412 		.word	305419896
  79              		.cfi_endproc
  80              	.LFE4683:
  82              		.global	_ZN11ArpeggiatorC1Ev
  83              		.thumb_set _ZN11ArpeggiatorC1Ev,_ZN11ArpeggiatorC2Ev
  84              		.section	.text._ZN11Arpeggiator4InitEf,"ax",%progbits
  85              		.align	1
  86              		.p2align 2,,3
  87              		.global	_ZN11Arpeggiator4InitEf
  88              		.syntax unified
  89              		.thumb
  90              		.thumb_func
  92              	_ZN11Arpeggiator4InitEf:
  93              	.LVL2:
  94              	.LFB4685:
  19:arpeggiator.cpp **** 
  20:arpeggiator.cpp **** void Arpeggiator::Init(float samplerate) {
  95              		.loc 1 20 42 is_stmt 1 view -0
  96              		.cfi_startproc
  97              		@ args = 0, pretend = 0, frame = 0
  98              		@ frame_needed = 0, uses_anonymous_args = 0
  99              		@ link register save eliminated.
  21:arpeggiator.cpp ****     metro_.Init(2.0f, samplerate); // Default tempo
 100              		.loc 1 21 5 view .LVU11
  20:arpeggiator.cpp ****     metro_.Init(2.0f, samplerate); // Default tempo
 101              		.loc 1 20 42 is_stmt 0 view .LVU12
 102 0000 F0EE400A 		vmov.f32	s1, s0
 103              		.loc 1 21 16 view .LVU13
 104 0004 B0EE000A 		vmov.f32	s0, #2.0e+0
 105              	.LVL3:
 106              		.loc 1 21 16 view .LVU14
 107 0008 FFF7FEBF 		b	_ZN7daisysp5Metro4InitEff
 108              	.LVL4:
 109              		.loc 1 21 16 view .LVU15
 110              		.cfi_endproc
 111              	.LFE4685:
 113              		.section	.text._ZN11Arpeggiator8SetNotesEPii,"ax",%progbits
 114              		.align	1
 115              		.p2align 2,,3
 116              		.global	_ZN11Arpeggiator8SetNotesEPii
 117              		.syntax unified
 118              		.thumb
 119              		.thumb_func
 121              	_ZN11Arpeggiator8SetNotesEPii:
 122              	.LVL5:
 123              	.LFB4686:
  22:arpeggiator.cpp **** }
  23:arpeggiator.cpp **** 
  24:arpeggiator.cpp **** void Arpeggiator::SetNotes(int* notes, int num_notes) {
 124              		.loc 1 24 55 is_stmt 1 view -0
 125              		.cfi_startproc
 126              		@ args = 0, pretend = 0, frame = 0
 127              		@ frame_needed = 0, uses_anonymous_args = 0
ARM GAS  /var/folders/9s/8rp0_f2s1n31qbztm3b5_fdh0000gn/T//cc2fg5RI.s 			page 4


 128              		@ link register save eliminated.
  25:arpeggiator.cpp ****     notes_ = notes;
 129              		.loc 1 25 5 view .LVU17
  26:arpeggiator.cpp ****     num_notes_ = num_notes;
 130              		.loc 1 26 16 is_stmt 0 view .LVU18
 131 0000 C0E90512 		strd	r1, r2, [r0, #20]
  27:arpeggiator.cpp **** }
 132              		.loc 1 27 1 view .LVU19
 133 0004 7047     		bx	lr
 134              		.cfi_endproc
 135              	.LFE4686:
 137 0006 00BF     		.section	.text._ZN11Arpeggiator8SetScaleEPfi,"ax",%progbits
 138              		.align	1
 139              		.p2align 2,,3
 140              		.global	_ZN11Arpeggiator8SetScaleEPfi
 141              		.syntax unified
 142              		.thumb
 143              		.thumb_func
 145              	_ZN11Arpeggiator8SetScaleEPfi:
 146              	.LVL6:
 147              	.LFB4687:
  28:arpeggiator.cpp **** 
  29:arpeggiator.cpp **** void Arpeggiator::SetScale(float* scale, int scale_size) {
 148              		.loc 1 29 58 is_stmt 1 view -0
 149              		.cfi_startproc
 150              		@ args = 0, pretend = 0, frame = 0
 151              		@ frame_needed = 0, uses_anonymous_args = 0
 152              		@ link register save eliminated.
  30:arpeggiator.cpp ****     scale_ = scale;
 153              		.loc 1 30 5 view .LVU21
  31:arpeggiator.cpp ****     scale_size_ = scale_size;
 154              		.loc 1 31 17 is_stmt 0 view .LVU22
 155 0000 C0E90712 		strd	r1, r2, [r0, #28]
  32:arpeggiator.cpp **** }
 156              		.loc 1 32 1 view .LVU23
 157 0004 7047     		bx	lr
 158              		.cfi_endproc
 159              	.LFE4687:
 161 0006 00BF     		.section	.text._ZN11Arpeggiator8SetTempoEf,"ax",%progbits
 162              		.align	1
 163              		.p2align 2,,3
 164              		.global	_ZN11Arpeggiator8SetTempoEf
 165              		.syntax unified
 166              		.thumb
 167              		.thumb_func
 169              	_ZN11Arpeggiator8SetTempoEf:
 170              	.LVL7:
 171              	.LFB4688:
  33:arpeggiator.cpp **** 
  34:arpeggiator.cpp **** void Arpeggiator::SetTempo(float tempo) {
 172              		.loc 1 34 41 is_stmt 1 view -0
 173              		.cfi_startproc
 174              		@ args = 0, pretend = 0, frame = 0
 175              		@ frame_needed = 0, uses_anonymous_args = 0
 176              		@ link register save eliminated.
  35:arpeggiator.cpp ****     metro_.SetFreq(tempo);
 177              		.loc 1 35 5 view .LVU25
ARM GAS  /var/folders/9s/8rp0_f2s1n31qbztm3b5_fdh0000gn/T//cc2fg5RI.s 			page 5


 178              		.loc 1 35 19 is_stmt 0 view .LVU26
 179 0000 FFF7FEBF 		b	_ZN7daisysp5Metro7SetFreqEf
 180              	.LVL8:
 181              		.loc 1 35 19 view .LVU27
 182              		.cfi_endproc
 183              	.LFE4688:
 185              		.section	.text._ZN11Arpeggiator24SetOctaveJumpProbabilityEf,"ax",%progbits
 186              		.align	1
 187              		.p2align 2,,3
 188              		.global	_ZN11Arpeggiator24SetOctaveJumpProbabilityEf
 189              		.syntax unified
 190              		.thumb
 191              		.thumb_func
 193              	_ZN11Arpeggiator24SetOctaveJumpProbabilityEf:
 194              	.LVL9:
 195              	.LFB4689:
  36:arpeggiator.cpp **** }
  37:arpeggiator.cpp **** 
  38:arpeggiator.cpp **** void Arpeggiator::SetOctaveJumpProbability(float probability) {
 196              		.loc 1 38 63 is_stmt 1 view -0
 197              		.cfi_startproc
 198              		@ args = 0, pretend = 0, frame = 0
 199              		@ frame_needed = 0, uses_anonymous_args = 0
 200              		@ link register save eliminated.
  39:arpeggiator.cpp ****     octave_jump_prob_ = probability;
 201              		.loc 1 39 5 view .LVU29
 202              		.loc 1 39 23 is_stmt 0 view .LVU30
 203 0000 80ED090A 		vstr.32	s0, [r0, #36]
  40:arpeggiator.cpp **** }
 204              		.loc 1 40 1 view .LVU31
 205 0004 7047     		bx	lr
 206              		.cfi_endproc
 207              	.LFE4689:
 209 0006 00BF     		.section	.text._ZN11Arpeggiator16UpdateParametersEffff,"ax",%progbits
 210              		.align	1
 211              		.p2align 2,,3
 212              		.global	_ZN11Arpeggiator16UpdateParametersEffff
 213              		.syntax unified
 214              		.thumb
 215              		.thumb_func
 217              	_ZN11Arpeggiator16UpdateParametersEffff:
 218              	.LVL10:
 219              	.LFB4690:
  41:arpeggiator.cpp **** 
  42:arpeggiator.cpp **** void Arpeggiator::UpdateParameters(float brightness, float damping, float structure, float knob1) {
 220              		.loc 1 42 99 is_stmt 1 view -0
 221              		.cfi_startproc
 222              		@ args = 0, pretend = 0, frame = 0
 223              		@ frame_needed = 0, uses_anonymous_args = 0
 224              		@ link register save eliminated.
  43:arpeggiator.cpp ****     brightness_ = brightness;
 225              		.loc 1 43 5 view .LVU33
 226              		.loc 1 43 17 is_stmt 0 view .LVU34
 227 0000 80ED0C0A 		vstr.32	s0, [r0, #48]
  44:arpeggiator.cpp ****     damping_ = damping;
 228              		.loc 1 44 5 is_stmt 1 view .LVU35
 229              		.loc 1 44 14 is_stmt 0 view .LVU36
ARM GAS  /var/folders/9s/8rp0_f2s1n31qbztm3b5_fdh0000gn/T//cc2fg5RI.s 			page 6


 230 0004 C0ED0D0A 		vstr.32	s1, [r0, #52]
  45:arpeggiator.cpp ****     structure_ = structure;
 231              		.loc 1 45 5 is_stmt 1 view .LVU37
 232              		.loc 1 45 16 is_stmt 0 view .LVU38
 233 0008 80ED0E1A 		vstr.32	s2, [r0, #56]
  46:arpeggiator.cpp ****     knob1_ = knob1;
 234              		.loc 1 46 5 is_stmt 1 view .LVU39
 235              		.loc 1 46 12 is_stmt 0 view .LVU40
 236 000c C0ED0F1A 		vstr.32	s3, [r0, #60]
  47:arpeggiator.cpp **** }
 237              		.loc 1 47 1 view .LVU41
 238 0010 7047     		bx	lr
 239              		.cfi_endproc
 240              	.LFE4690:
 242 0012 00BF     		.section	.text._ZNK11Arpeggiator8IsActiveEv,"ax",%progbits
 243              		.align	1
 244              		.p2align 2,,3
 245              		.global	_ZNK11Arpeggiator8IsActiveEv
 246              		.syntax unified
 247              		.thumb
 248              		.thumb_func
 250              	_ZNK11Arpeggiator8IsActiveEv:
 251              	.LVL11:
 252              	.LFB4692:
  48:arpeggiator.cpp **** 
  49:arpeggiator.cpp **** void Arpeggiator::Process(float* out, size_t size) {
  50:arpeggiator.cpp ****     if (num_notes_ < 2 || !synth_ || !hw_) return;
  51:arpeggiator.cpp **** 
  52:arpeggiator.cpp ****     for (size_t i = 0; i < size; i += 2) {
  53:arpeggiator.cpp ****         if (metro_.Process()) {
  54:arpeggiator.cpp ****             TriggerNote();
  55:arpeggiator.cpp ****         }
  56:arpeggiator.cpp ****         // Process audio
  57:arpeggiator.cpp ****         float string_out = synth_->Process();
  58:arpeggiator.cpp **** 
  59:arpeggiator.cpp ****         // Reduce output gain
  60:arpeggiator.cpp ****         float output = string_out * 0.25f;
  61:arpeggiator.cpp **** 
  62:arpeggiator.cpp ****         out[i] = output;
  63:arpeggiator.cpp ****         out[i + 1] = output;
  64:arpeggiator.cpp ****     }
  65:arpeggiator.cpp **** }
  66:arpeggiator.cpp **** 
  67:arpeggiator.cpp **** bool Arpeggiator::IsActive() const {
 253              		.loc 1 67 36 is_stmt 1 view -0
 254              		.cfi_startproc
 255              		@ args = 0, pretend = 0, frame = 0
 256              		@ frame_needed = 0, uses_anonymous_args = 0
 257              		@ link register save eliminated.
  68:arpeggiator.cpp ****     return num_notes_ >= 2;
 258              		.loc 1 68 5 view .LVU43
 259              		.loc 1 68 26 is_stmt 0 view .LVU44
 260 0000 8069     		ldr	r0, [r0, #24]
 261              	.LVL12:
  69:arpeggiator.cpp **** }
 262              		.loc 1 69 1 view .LVU45
 263 0002 0128     		cmp	r0, #1
ARM GAS  /var/folders/9s/8rp0_f2s1n31qbztm3b5_fdh0000gn/T//cc2fg5RI.s 			page 7


 264 0004 D4BF     		ite	le
 265 0006 0020     		movle	r0, #0
 266 0008 0120     		movgt	r0, #1
 267 000a 7047     		bx	lr
 268              		.cfi_endproc
 269              	.LFE4692:
 271              		.section	.text._ZN11Arpeggiator10Xorshift32Ev,"ax",%progbits
 272              		.align	1
 273              		.p2align 2,,3
 274              		.global	_ZN11Arpeggiator10Xorshift32Ev
 275              		.syntax unified
 276              		.thumb
 277              		.thumb_func
 279              	_ZN11Arpeggiator10Xorshift32Ev:
 280              	.LVL13:
 281              	.LFB4693:
  70:arpeggiator.cpp **** 
  71:arpeggiator.cpp **** uint32_t Arpeggiator::Xorshift32() {
 282              		.loc 1 71 36 is_stmt 1 view -0
 283              		.cfi_startproc
 284              		@ args = 0, pretend = 0, frame = 0
 285              		@ frame_needed = 0, uses_anonymous_args = 0
 286              		@ link register save eliminated.
  72:arpeggiator.cpp ****     // Xorshift algorithm
  73:arpeggiator.cpp ****     uint32_t x = rng_state_;
 287              		.loc 1 73 5 view .LVU47
 288              		.loc 1 73 14 is_stmt 0 view .LVU48
 289 0000 0369     		ldr	r3, [r0, #16]
 290              	.LVL14:
  74:arpeggiator.cpp ****     x ^= x << 13;
 291              		.loc 1 74 5 is_stmt 1 view .LVU49
  71:arpeggiator.cpp ****     // Xorshift algorithm
 292              		.loc 1 71 36 is_stmt 0 view .LVU50
 293 0002 0246     		mov	r2, r0
 294              		.loc 1 74 7 view .LVU51
 295 0004 83EA4333 		eor	r3, r3, r3, lsl #13
 296              	.LVL15:
  75:arpeggiator.cpp ****     x ^= x >> 17;
 297              		.loc 1 75 5 is_stmt 1 view .LVU52
 298              		.loc 1 75 7 is_stmt 0 view .LVU53
 299 0008 83EA5343 		eor	r3, r3, r3, lsr #17
 300              	.LVL16:
  76:arpeggiator.cpp ****     x ^= x << 5;
 301              		.loc 1 76 5 is_stmt 1 view .LVU54
 302              		.loc 1 76 7 is_stmt 0 view .LVU55
 303 000c 83EA4310 		eor	r0, r3, r3, lsl #5
 304              	.LVL17:
  77:arpeggiator.cpp ****     rng_state_ = x;
 305              		.loc 1 77 5 is_stmt 1 view .LVU56
 306              		.loc 1 77 16 is_stmt 0 view .LVU57
 307 0010 1061     		str	r0, [r2, #16]
  78:arpeggiator.cpp ****     return x;
 308              		.loc 1 78 5 is_stmt 1 view .LVU58
  79:arpeggiator.cpp **** }
 309              		.loc 1 79 1 is_stmt 0 view .LVU59
 310 0012 7047     		bx	lr
 311              		.cfi_endproc
ARM GAS  /var/folders/9s/8rp0_f2s1n31qbztm3b5_fdh0000gn/T//cc2fg5RI.s 			page 8


 312              	.LFE4693:
 314              		.section	.text._ZN11Arpeggiator12GetMetroRateEv,"ax",%progbits
 315              		.align	1
 316              		.p2align 2,,3
 317              		.global	_ZN11Arpeggiator12GetMetroRateEv
 318              		.syntax unified
 319              		.thumb
 320              		.thumb_func
 322              	_ZN11Arpeggiator12GetMetroRateEv:
 323              	.LVL18:
 324              	.LFB4694:
  80:arpeggiator.cpp **** float Arpeggiator::GetMetroRate() {
 325              		.loc 1 80 35 is_stmt 1 view -0
 326              		.cfi_startproc
 327              		@ args = 0, pretend = 0, frame = 0
 328              		@ frame_needed = 0, uses_anonymous_args = 0
 329              		@ link register save eliminated.
  81:arpeggiator.cpp ****     return metro_.GetFreq();  // Return the current metro rate (in Hz)
 330              		.loc 1 81 5 view .LVU61
 331              	.LBB17:
 332              	.LBI17:
  23:../../DaisySP/Source/Utility/metro.h ****     ~Metro() {}
  24:../../DaisySP/Source/Utility/metro.h ****     /** Initializes Metro module.
  25:../../DaisySP/Source/Utility/metro.h ****         Arguments:
  26:../../DaisySP/Source/Utility/metro.h ****         - freq: frequency at which new clock signals will be generated
  27:../../DaisySP/Source/Utility/metro.h ****             Input Range: 
  28:../../DaisySP/Source/Utility/metro.h ****         - sample_rate: sample rate of audio engine
  29:../../DaisySP/Source/Utility/metro.h ****             Input range: 
  30:../../DaisySP/Source/Utility/metro.h ****     */
  31:../../DaisySP/Source/Utility/metro.h ****     void Init(float freq, float sample_rate);
  32:../../DaisySP/Source/Utility/metro.h **** 
  33:../../DaisySP/Source/Utility/metro.h ****     /** checks current state of Metro object and updates state if necesary.
  34:../../DaisySP/Source/Utility/metro.h ****     */
  35:../../DaisySP/Source/Utility/metro.h ****     uint8_t Process();
  36:../../DaisySP/Source/Utility/metro.h **** 
  37:../../DaisySP/Source/Utility/metro.h ****     /** resets phase to 0
  38:../../DaisySP/Source/Utility/metro.h ****     */
  39:../../DaisySP/Source/Utility/metro.h ****     inline void Reset() { phs_ = 0.0f; }
  40:../../DaisySP/Source/Utility/metro.h ****     /** Sets frequency at which Metro module will run at.
  41:../../DaisySP/Source/Utility/metro.h ****     */
  42:../../DaisySP/Source/Utility/metro.h ****     void SetFreq(float freq);
  43:../../DaisySP/Source/Utility/metro.h **** 
  44:../../DaisySP/Source/Utility/metro.h ****     /** Returns current value for frequency.
  45:../../DaisySP/Source/Utility/metro.h ****     */
  46:../../DaisySP/Source/Utility/metro.h ****     inline float GetFreq() { return freq_; }
 333              		.loc 2 46 18 view .LVU62
 334              	.LBB18:
 335              		.loc 2 46 30 view .LVU63
 336              		.loc 2 46 30 is_stmt 0 view .LVU64
 337              	.LBE18:
 338              	.LBE17:
  82:arpeggiator.cpp **** }
 339              		.loc 1 82 1 view .LVU65
 340 0000 90ED000A 		vldr.32	s0, [r0]
 341 0004 7047     		bx	lr
 342              		.cfi_endproc
 343              	.LFE4694:
ARM GAS  /var/folders/9s/8rp0_f2s1n31qbztm3b5_fdh0000gn/T//cc2fg5RI.s 			page 9


 345 0006 00BF     		.section	.text._ZN11Arpeggiator11TriggerNoteEv,"ax",%progbits
 346              		.align	1
 347              		.p2align 2,,3
 348              		.global	_ZN11Arpeggiator11TriggerNoteEv
 349              		.syntax unified
 350              		.thumb
 351              		.thumb_func
 353              	_ZN11Arpeggiator11TriggerNoteEv:
 354              	.LVL19:
 355              	.LFB4695:
  83:arpeggiator.cpp **** 
  84:arpeggiator.cpp **** void Arpeggiator::TriggerNote() {
 356              		.loc 1 84 33 is_stmt 1 view -0
 357              		.cfi_startproc
 358              		@ args = 0, pretend = 0, frame = 0
 359              		@ frame_needed = 0, uses_anonymous_args = 0
  85:arpeggiator.cpp ****     // Randomly select the next note
  86:arpeggiator.cpp ****     uint32_t rnd = Xorshift32();
 360              		.loc 1 86 5 view .LVU67
  84:arpeggiator.cpp ****     // Randomly select the next note
 361              		.loc 1 84 33 is_stmt 0 view .LVU68
 362 0000 38B5     		push	{r3, r4, r5, lr}
 363              		.cfi_def_cfa_offset 16
 364              		.cfi_offset 3, -16
 365              		.cfi_offset 4, -12
 366              		.cfi_offset 5, -8
 367              		.cfi_offset 14, -4
 368              	.LBB19:
 369              	.LBB20:
  73:arpeggiator.cpp ****     x ^= x << 13;
 370              		.loc 1 73 14 view .LVU69
 371 0002 0369     		ldr	r3, [r0, #16]
 372              	.LBE20:
 373              	.LBE19:
  84:arpeggiator.cpp ****     // Randomly select the next note
 374              		.loc 1 84 33 view .LVU70
 375 0004 0446     		mov	r4, r0
 376              	.LVL20:
 377              	.LBB25:
 378              	.LBI19:
  71:arpeggiator.cpp ****     // Xorshift algorithm
 379              		.loc 1 71 10 is_stmt 1 view .LVU71
 380              	.LBB21:
  73:arpeggiator.cpp ****     x ^= x << 13;
 381              		.loc 1 73 5 view .LVU72
  74:arpeggiator.cpp ****     x ^= x >> 17;
 382              		.loc 1 74 5 view .LVU73
 383              	.LBE21:
 384              	.LBE25:
  87:arpeggiator.cpp ****     int random_index = rnd % num_notes_;
 385              		.loc 1 87 28 is_stmt 0 view .LVU74
 386 0006 8069     		ldr	r0, [r0, #24]
 387              	.LVL21:
 388              	.LBB26:
 389              	.LBB22:
  74:arpeggiator.cpp ****     x ^= x >> 17;
 390              		.loc 1 74 7 view .LVU75
ARM GAS  /var/folders/9s/8rp0_f2s1n31qbztm3b5_fdh0000gn/T//cc2fg5RI.s 			page 10


 391 0008 83EA4333 		eor	r3, r3, r3, lsl #13
 392              	.LVL22:
  75:arpeggiator.cpp ****     x ^= x << 5;
 393              		.loc 1 75 5 is_stmt 1 view .LVU76
 394              	.LBE22:
 395              	.LBE26:
  88:arpeggiator.cpp ****     int note_index = notes_[random_index];
 396              		.loc 1 88 9 is_stmt 0 view .LVU77
 397 000c 6169     		ldr	r1, [r4, #20]
 398              	.LBB27:
  89:arpeggiator.cpp **** 
  90:arpeggiator.cpp ****     if (note_index < scale_size_) {
 399              		.loc 1 90 22 view .LVU78
 400 000e 256A     		ldr	r5, [r4, #32]
 401              	.LBE27:
 402              	.LBB45:
 403              	.LBB23:
  75:arpeggiator.cpp ****     x ^= x << 5;
 404              		.loc 1 75 7 view .LVU79
 405 0010 83EA5343 		eor	r3, r3, r3, lsr #17
 406              	.LVL23:
  76:arpeggiator.cpp ****     rng_state_ = x;
 407              		.loc 1 76 5 is_stmt 1 view .LVU80
  76:arpeggiator.cpp ****     rng_state_ = x;
 408              		.loc 1 76 7 is_stmt 0 view .LVU81
 409 0014 83EA4313 		eor	r3, r3, r3, lsl #5
 410              	.LVL24:
  77:arpeggiator.cpp ****     return x;
 411              		.loc 1 77 5 is_stmt 1 view .LVU82
 412              	.LBE23:
 413              	.LBE45:
  87:arpeggiator.cpp ****     int note_index = notes_[random_index];
 414              		.loc 1 87 28 is_stmt 0 view .LVU83
 415 0018 B3FBF0F2 		udiv	r2, r3, r0
 416 001c 00FB1232 		mls	r2, r0, r2, r3
  84:arpeggiator.cpp ****     // Randomly select the next note
 417              		.loc 1 84 33 view .LVU84
 418 0020 2DED028B 		vpush.64	{d8}
 419              		.cfi_def_cfa_offset 24
 420              		.cfi_offset 80, -24
 421              		.cfi_offset 81, -20
 422              	.LBB46:
 423              	.LBB24:
  77:arpeggiator.cpp ****     return x;
 424              		.loc 1 77 16 view .LVU85
 425 0024 2361     		str	r3, [r4, #16]
  78:arpeggiator.cpp **** }
 426              		.loc 1 78 5 is_stmt 1 view .LVU86
 427              	.LVL25:
  78:arpeggiator.cpp **** }
 428              		.loc 1 78 5 is_stmt 0 view .LVU87
 429              	.LBE24:
 430              	.LBE46:
  87:arpeggiator.cpp ****     int note_index = notes_[random_index];
 431              		.loc 1 87 5 is_stmt 1 view .LVU88
  88:arpeggiator.cpp **** 
 432              		.loc 1 88 5 view .LVU89
ARM GAS  /var/folders/9s/8rp0_f2s1n31qbztm3b5_fdh0000gn/T//cc2fg5RI.s 			page 11


  88:arpeggiator.cpp **** 
 433              		.loc 1 88 9 is_stmt 0 view .LVU90
 434 0026 51F82230 		ldr	r3, [r1, r2, lsl #2]
 435              	.LVL26:
 436              		.loc 1 90 5 is_stmt 1 view .LVU91
 437              	.LBB47:
 438 002a 9D42     		cmp	r5, r3
 439 002c 02DC     		bgt	.L21
 440              	.LBE47:
  91:arpeggiator.cpp ****         float base_freq = scale_[note_index % scale_size_];
  92:arpeggiator.cpp ****         float scaled_freq = base_freq * powf(2.0f, (knob1_ * 4.0f) - 1.0f);
  93:arpeggiator.cpp **** 
  94:arpeggiator.cpp ****         // Randomly decide whether to shift the note up an octave
  95:arpeggiator.cpp ****         rnd = Xorshift32();
  96:arpeggiator.cpp ****         float rand_float = static_cast<float>(rnd) / static_cast<float>(UINT32_MAX);
  97:arpeggiator.cpp ****         if (rand_float < octave_jump_prob_) {
  98:arpeggiator.cpp ****             scaled_freq *= 2.0f; // Raise by one octave
  99:arpeggiator.cpp ****         }
 100:arpeggiator.cpp **** 
 101:arpeggiator.cpp ****         // Set parameters before triggering
 102:arpeggiator.cpp ****         synth_->SetBrightness(brightness_);
 103:arpeggiator.cpp ****         synth_->SetDamping(damping_);
 104:arpeggiator.cpp ****         synth_->SetStructure(structure_);
 105:arpeggiator.cpp **** 
 106:arpeggiator.cpp ****         synth_->SetFreq(scaled_freq);
 107:arpeggiator.cpp ****         synth_->Trig();
 108:arpeggiator.cpp **** 
 109:arpeggiator.cpp ****         // Optional: Toggle LED state for visual feedback
 110:arpeggiator.cpp ****         static bool led_state = false;
 111:arpeggiator.cpp ****         led_state = !led_state;
 112:arpeggiator.cpp ****         hw_->SetLed(led_state);
 113:arpeggiator.cpp ****     }
 114:arpeggiator.cpp **** }
 441              		.loc 1 114 1 is_stmt 0 view .LVU92
 442 002e BDEC028B 		vldm	sp!, {d8}
 443              		.cfi_remember_state
 444              		.cfi_restore 80
 445              		.cfi_restore 81
 446              		.cfi_def_cfa_offset 16
 447 0032 38BD     		pop	{r3, r4, r5, pc}
 448              	.LVL27:
 449              	.L21:
 450              		.cfi_restore_state
 451              	.LBB48:
 452              	.LBB28:
  91:arpeggiator.cpp ****         float base_freq = scale_[note_index % scale_size_];
 453              		.loc 1 91 9 is_stmt 1 view .LVU93
  91:arpeggiator.cpp ****         float base_freq = scale_[note_index % scale_size_];
 454              		.loc 1 91 45 is_stmt 0 view .LVU94
 455 0034 93FBF5F1 		sdiv	r1, r3, r5
  91:arpeggiator.cpp ****         float base_freq = scale_[note_index % scale_size_];
 456              		.loc 1 91 15 view .LVU95
 457 0038 E269     		ldr	r2, [r4, #28]
  91:arpeggiator.cpp ****         float base_freq = scale_[note_index % scale_size_];
 458              		.loc 1 91 45 view .LVU96
 459 003a 05FB1133 		mls	r3, r5, r1, r3
 460              	.LVL28:
ARM GAS  /var/folders/9s/8rp0_f2s1n31qbztm3b5_fdh0000gn/T//cc2fg5RI.s 			page 12


  92:arpeggiator.cpp **** 
 461              		.loc 1 92 45 view .LVU97
 462 003e F1EE007A 		vmov.f32	s15, #4.0e+0
 463 0042 94ED0F7A 		vldr.32	s14, [r4, #60]
 464 0046 FFEE000A 		vmov.f32	s1, #-1.0e+0
  91:arpeggiator.cpp ****         float base_freq = scale_[note_index % scale_size_];
 465              		.loc 1 91 15 view .LVU98
 466 004a 02EB8303 		add	r3, r2, r3, lsl #2
  92:arpeggiator.cpp **** 
 467              		.loc 1 92 45 view .LVU99
 468 004e B0EE000A 		vmov.f32	s0, #2.0e+0
  91:arpeggiator.cpp ****         float base_freq = scale_[note_index % scale_size_];
 469              		.loc 1 91 15 view .LVU100
 470 0052 93ED008A 		vldr.32	s16, [r3]
 471              	.LVL29:
  92:arpeggiator.cpp **** 
 472              		.loc 1 92 9 is_stmt 1 view .LVU101
  92:arpeggiator.cpp **** 
 473              		.loc 1 92 45 is_stmt 0 view .LVU102
 474 0056 E7EE270A 		vfma.f32	s1, s14, s15
 475 005a FFF7FEFF 		bl	powf
 476              	.LVL30:
 477              	.LBB29:
 478              	.LBB30:
  73:arpeggiator.cpp ****     x ^= x << 13;
 479              		.loc 1 73 14 view .LVU103
 480 005e 2369     		ldr	r3, [r4, #16]
 481              	.LBE30:
 482              	.LBE29:
  96:arpeggiator.cpp ****         if (rand_float < octave_jump_prob_) {
 483              		.loc 1 96 15 view .LVU104
 484 0060 DFED1E6A 		vldr.32	s13, .L22
  92:arpeggiator.cpp **** 
 485              		.loc 1 92 74 view .LVU105
 486 0064 20EE088A 		vmul.f32	s16, s0, s16
 487              	.LVL31:
 488              	.LBB37:
 489              	.LBB31:
  74:arpeggiator.cpp ****     x ^= x >> 17;
 490              		.loc 1 74 7 view .LVU106
 491 0068 83EA4333 		eor	r3, r3, r3, lsl #13
 492              	.LBE31:
 493              	.LBE37:
  97:arpeggiator.cpp ****             scaled_freq *= 2.0f; // Raise by one octave
 494              		.loc 1 97 9 view .LVU107
 495 006c 94ED097A 		vldr.32	s14, [r4, #36]
 496              	.LVL32:
  95:arpeggiator.cpp ****         float rand_float = static_cast<float>(rnd) / static_cast<float>(UINT32_MAX);
 497              		.loc 1 95 9 is_stmt 1 view .LVU108
 498              	.LBB38:
 499              	.LBI29:
  71:arpeggiator.cpp ****     // Xorshift algorithm
 500              		.loc 1 71 10 view .LVU109
 501              	.LBB32:
  73:arpeggiator.cpp ****     x ^= x << 13;
 502              		.loc 1 73 5 view .LVU110
  74:arpeggiator.cpp ****     x ^= x >> 17;
ARM GAS  /var/folders/9s/8rp0_f2s1n31qbztm3b5_fdh0000gn/T//cc2fg5RI.s 			page 13


 503              		.loc 1 74 5 view .LVU111
  75:arpeggiator.cpp ****     x ^= x << 5;
 504              		.loc 1 75 5 view .LVU112
 505              	.LBE32:
 506              	.LBE38:
 102:arpeggiator.cpp ****         synth_->SetDamping(damping_);
 507              		.loc 1 102 30 is_stmt 0 view .LVU113
 508 0070 94ED0C0A 		vldr.32	s0, [r4, #48]
 509              	.LBB39:
 510              	.LBB33:
  75:arpeggiator.cpp ****     x ^= x << 5;
 511              		.loc 1 75 7 view .LVU114
 512 0074 83EA5343 		eor	r3, r3, r3, lsr #17
 513              	.LVL33:
  76:arpeggiator.cpp ****     rng_state_ = x;
 514              		.loc 1 76 5 is_stmt 1 view .LVU115
 515              	.LBE33:
 516              	.LBE39:
 102:arpeggiator.cpp ****         synth_->SetDamping(damping_);
 517              		.loc 1 102 30 is_stmt 0 view .LVU116
 518 0078 A06A     		ldr	r0, [r4, #40]
 519              	.LBB40:
 520              	.LBB34:
  76:arpeggiator.cpp ****     rng_state_ = x;
 521              		.loc 1 76 7 view .LVU117
 522 007a 83EA4313 		eor	r3, r3, r3, lsl #5
 523              	.LVL34:
  77:arpeggiator.cpp ****     return x;
 524              		.loc 1 77 5 is_stmt 1 view .LVU118
 525              	.LBE34:
 526              	.LBE40:
  96:arpeggiator.cpp ****         if (rand_float < octave_jump_prob_) {
 527              		.loc 1 96 28 is_stmt 0 view .LVU119
 528 007e 07EE903A 		vmov	s15, r3	@ int
 529              	.LBB41:
 530              	.LBB35:
  77:arpeggiator.cpp ****     return x;
 531              		.loc 1 77 16 view .LVU120
 532 0082 2361     		str	r3, [r4, #16]
 533              	.LBE35:
 534              	.LBE41:
  96:arpeggiator.cpp ****         if (rand_float < octave_jump_prob_) {
 535              		.loc 1 96 28 view .LVU121
 536 0084 F8EE677A 		vcvt.f32.u32	s15, s15
 537              	.LBB42:
 538              	.LBB36:
  78:arpeggiator.cpp **** }
 539              		.loc 1 78 5 is_stmt 1 view .LVU122
 540              	.LVL35:
  78:arpeggiator.cpp **** }
 541              		.loc 1 78 5 is_stmt 0 view .LVU123
 542              	.LBE36:
 543              	.LBE42:
  96:arpeggiator.cpp ****         if (rand_float < octave_jump_prob_) {
 544              		.loc 1 96 9 is_stmt 1 view .LVU124
  97:arpeggiator.cpp ****             scaled_freq *= 2.0f; // Raise by one octave
 545              		.loc 1 97 9 view .LVU125
ARM GAS  /var/folders/9s/8rp0_f2s1n31qbztm3b5_fdh0000gn/T//cc2fg5RI.s 			page 14


  96:arpeggiator.cpp ****         if (rand_float < octave_jump_prob_) {
 546              		.loc 1 96 15 is_stmt 0 view .LVU126
 547 0088 67EEA67A 		vmul.f32	s15, s15, s13
  97:arpeggiator.cpp ****             scaled_freq *= 2.0f; // Raise by one octave
 548              		.loc 1 97 9 view .LVU127
 549 008c B4EEE77A 		vcmpe.f32	s14, s15
 550 0090 F1EE10FA 		vmrs	APSR_nzcv, FPSCR
  98:arpeggiator.cpp ****         }
 551              		.loc 1 98 13 is_stmt 1 view .LVU128
  98:arpeggiator.cpp ****         }
 552              		.loc 1 98 25 is_stmt 0 view .LVU129
 553 0094 C8BF     		it	gt
 554 0096 38EE088A 		vaddgt.f32	s16, s16, s16
 555              	.LVL36:
 102:arpeggiator.cpp ****         synth_->SetDamping(damping_);
 556              		.loc 1 102 9 is_stmt 1 view .LVU130
 102:arpeggiator.cpp ****         synth_->SetDamping(damping_);
 557              		.loc 1 102 30 is_stmt 0 view .LVU131
 558 009a FFF7FEFF 		bl	_ZN7daisysp11StringVoice13SetBrightnessEf
 559              	.LVL37:
 103:arpeggiator.cpp ****         synth_->SetStructure(structure_);
 560              		.loc 1 103 9 is_stmt 1 view .LVU132
 103:arpeggiator.cpp ****         synth_->SetStructure(structure_);
 561              		.loc 1 103 27 is_stmt 0 view .LVU133
 562 009e 94ED0D0A 		vldr.32	s0, [r4, #52]
 563 00a2 A06A     		ldr	r0, [r4, #40]
 564 00a4 FFF7FEFF 		bl	_ZN7daisysp11StringVoice10SetDampingEf
 565              	.LVL38:
 104:arpeggiator.cpp **** 
 566              		.loc 1 104 9 is_stmt 1 view .LVU134
 104:arpeggiator.cpp **** 
 567              		.loc 1 104 29 is_stmt 0 view .LVU135
 568 00a8 A06A     		ldr	r0, [r4, #40]
 569 00aa 94ED0E0A 		vldr.32	s0, [r4, #56]
 570 00ae FFF7FEFF 		bl	_ZN7daisysp11StringVoice12SetStructureEf
 571              	.LVL39:
 106:arpeggiator.cpp ****         synth_->Trig();
 572              		.loc 1 106 9 is_stmt 1 view .LVU136
 106:arpeggiator.cpp ****         synth_->Trig();
 573              		.loc 1 106 24 is_stmt 0 view .LVU137
 574 00b2 B0EE480A 		vmov.f32	s0, s16
 575 00b6 A06A     		ldr	r0, [r4, #40]
 576 00b8 FFF7FEFF 		bl	_ZN7daisysp11StringVoice7SetFreqEf
 577              	.LVL40:
 107:arpeggiator.cpp **** 
 578              		.loc 1 107 9 is_stmt 1 view .LVU138
 107:arpeggiator.cpp **** 
 579              		.loc 1 107 21 is_stmt 0 view .LVU139
 580 00bc A06A     		ldr	r0, [r4, #40]
 581 00be FFF7FEFF 		bl	_ZN7daisysp11StringVoice4TrigEv
 582              	.LVL41:
 110:arpeggiator.cpp ****         led_state = !led_state;
 583              		.loc 1 110 9 is_stmt 1 view .LVU140
 111:arpeggiator.cpp ****         hw_->SetLed(led_state);
 584              		.loc 1 111 9 view .LVU141
 111:arpeggiator.cpp ****         hw_->SetLed(led_state);
 585              		.loc 1 111 21 is_stmt 0 view .LVU142
ARM GAS  /var/folders/9s/8rp0_f2s1n31qbztm3b5_fdh0000gn/T//cc2fg5RI.s 			page 15


 586 00c2 074B     		ldr	r3, .L22+4
 112:arpeggiator.cpp ****     }
 587              		.loc 1 112 20 view .LVU143
 588 00c4 E06A     		ldr	r0, [r4, #44]
 111:arpeggiator.cpp ****         hw_->SetLed(led_state);
 589              		.loc 1 111 21 view .LVU144
 590 00c6 1978     		ldrb	r1, [r3]	@ zero_extendqisi2
 591              	.LBE28:
 592              	.LBE48:
 593              		.loc 1 114 1 view .LVU145
 594 00c8 BDEC028B 		vldm	sp!, {d8}
 595              		.cfi_restore 80
 596              		.cfi_restore 81
 597              		.cfi_def_cfa_offset 16
 598              	.LVL42:
 599              	.LBB49:
 600              	.LBB43:
 111:arpeggiator.cpp ****         hw_->SetLed(led_state);
 601              		.loc 1 111 21 view .LVU146
 602 00cc 81F00101 		eor	r1, r1, #1
 111:arpeggiator.cpp ****         hw_->SetLed(led_state);
 603              		.loc 1 111 19 view .LVU147
 604 00d0 1970     		strb	r1, [r3]
 112:arpeggiator.cpp ****     }
 605              		.loc 1 112 9 is_stmt 1 view .LVU148
 606              	.LBE43:
 607              	.LBE49:
 608              		.loc 1 114 1 is_stmt 0 view .LVU149
 609 00d2 BDE83840 		pop	{r3, r4, r5, lr}
 610              		.cfi_restore 14
 611              		.cfi_restore 5
 612              		.cfi_restore 4
 613              		.cfi_restore 3
 614              		.cfi_def_cfa_offset 0
 615              	.LVL43:
 616              	.LBB50:
 617              	.LBB44:
 112:arpeggiator.cpp ****     }
 618              		.loc 1 112 20 view .LVU150
 619 00d6 FFF7FEBF 		b	_ZN5daisy9DaisySeed6SetLedEb
 620              	.LVL44:
 621              	.L23:
 622 00da 00BF     		.align	2
 623              	.L22:
 624 00dc 0000802F 		.word	796917760
 625 00e0 00000000 		.word	.LANCHOR0
 626              	.LBE44:
 627              	.LBE50:
 628              		.cfi_endproc
 629              	.LFE4695:
 631              		.section	.text._ZN11Arpeggiator7ProcessEPfj,"ax",%progbits
 632              		.align	1
 633              		.p2align 2,,3
 634              		.global	_ZN11Arpeggiator7ProcessEPfj
 635              		.syntax unified
 636              		.thumb
 637              		.thumb_func
ARM GAS  /var/folders/9s/8rp0_f2s1n31qbztm3b5_fdh0000gn/T//cc2fg5RI.s 			page 16


 639              	_ZN11Arpeggiator7ProcessEPfj:
 640              	.LVL45:
 641              	.LFB4691:
  49:arpeggiator.cpp ****     if (num_notes_ < 2 || !synth_ || !hw_) return;
 642              		.loc 1 49 52 is_stmt 1 view -0
 643              		.cfi_startproc
 644              		@ args = 0, pretend = 0, frame = 0
 645              		@ frame_needed = 0, uses_anonymous_args = 0
  50:arpeggiator.cpp **** 
 646              		.loc 1 50 5 view .LVU152
  49:arpeggiator.cpp ****     if (num_notes_ < 2 || !synth_ || !hw_) return;
 647              		.loc 1 49 52 is_stmt 0 view .LVU153
 648 0000 F8B5     		push	{r3, r4, r5, r6, r7, lr}
 649              		.cfi_def_cfa_offset 24
 650              		.cfi_offset 3, -24
 651              		.cfi_offset 4, -20
 652              		.cfi_offset 5, -16
 653              		.cfi_offset 6, -12
 654              		.cfi_offset 7, -8
 655              		.cfi_offset 14, -4
  50:arpeggiator.cpp **** 
 656              		.loc 1 50 5 view .LVU154
 657 0002 8369     		ldr	r3, [r0, #24]
 658 0004 012B     		cmp	r3, #1
 659 0006 24DD     		ble	.L24
  50:arpeggiator.cpp **** 
 660              		.loc 1 50 24 discriminator 2 view .LVU155
 661 0008 836A     		ldr	r3, [r0, #40]
 662 000a 0546     		mov	r5, r0
 663 000c 0BB3     		cbz	r3, .L24
  50:arpeggiator.cpp **** 
 664              		.loc 1 50 35 discriminator 4 view .LVU156
 665 000e C36A     		ldr	r3, [r0, #44]
 666 0010 FBB1     		cbz	r3, .L24
 667              	.LVL46:
 668              	.LBB51:
  52:arpeggiator.cpp ****         if (metro_.Process()) {
 669              		.loc 1 52 26 is_stmt 1 view .LVU157
 670 0012 F2B1     		cbz	r2, .L24
 671 0014 013A     		subs	r2, r2, #1
 672              	.LVL47:
  52:arpeggiator.cpp ****         if (metro_.Process()) {
 673              		.loc 1 52 26 is_stmt 0 view .LVU158
 674 0016 0C46     		mov	r4, r1
 675              	.LBB52:
  53:arpeggiator.cpp ****             TriggerNote();
 676              		.loc 1 53 27 view .LVU159
 677 0018 0026     		movs	r6, #0
 678 001a 5708     		lsrs	r7, r2, #1
 679 001c 10E0     		b	.L28
 680              	.LVL48:
 681              	.L27:
  57:arpeggiator.cpp **** 
 682              		.loc 1 57 9 is_stmt 1 discriminator 2 view .LVU160
  57:arpeggiator.cpp **** 
 683              		.loc 1 57 43 is_stmt 0 discriminator 2 view .LVU161
 684 001e 0021     		movs	r1, #0
ARM GAS  /var/folders/9s/8rp0_f2s1n31qbztm3b5_fdh0000gn/T//cc2fg5RI.s 			page 17


 685 0020 A86A     		ldr	r0, [r5, #40]
 686 0022 FFF7FEFF 		bl	_ZN7daisysp11StringVoice7ProcessEb
 687              	.LVL49:
  60:arpeggiator.cpp **** 
 688              		.loc 1 60 9 is_stmt 1 discriminator 2 view .LVU162
  60:arpeggiator.cpp **** 
 689              		.loc 1 60 15 is_stmt 0 discriminator 2 view .LVU163
 690 0026 F5EE007A 		vmov.f32	s15, #2.5e-1
 691              	.LBE52:
  52:arpeggiator.cpp ****         if (metro_.Process()) {
 692              		.loc 1 52 26 discriminator 2 view .LVU164
 693 002a 0834     		adds	r4, r4, #8
 694 002c 731C     		adds	r3, r6, #1
 695 002e BE42     		cmp	r6, r7
 696              	.LBB53:
  60:arpeggiator.cpp **** 
 697              		.loc 1 60 15 discriminator 2 view .LVU165
 698 0030 20EE270A 		vmul.f32	s0, s0, s15
 699              	.LVL50:
  62:arpeggiator.cpp ****         out[i + 1] = output;
 700              		.loc 1 62 9 is_stmt 1 discriminator 2 view .LVU166
 701              	.LBE53:
 702 0034 1E46     		mov	r6, r3
 703              	.LVL51:
 704              	.LBB54:
  62:arpeggiator.cpp ****         out[i + 1] = output;
 705              		.loc 1 62 16 is_stmt 0 discriminator 2 view .LVU167
 706 0036 04ED020A 		vstr.32	s0, [r4, #-8]
  63:arpeggiator.cpp ****     }
 707              		.loc 1 63 9 is_stmt 1 discriminator 2 view .LVU168
  63:arpeggiator.cpp ****     }
 708              		.loc 1 63 20 is_stmt 0 discriminator 2 view .LVU169
 709 003a 04ED010A 		vstr.32	s0, [r4, #-4]
 710              	.LBE54:
  52:arpeggiator.cpp ****         if (metro_.Process()) {
 711              		.loc 1 52 5 is_stmt 1 discriminator 2 view .LVU170
 712              	.LVL52:
  52:arpeggiator.cpp ****         if (metro_.Process()) {
 713              		.loc 1 52 26 discriminator 2 view .LVU171
 714 003e 08D0     		beq	.L24
 715              	.LVL53:
 716              	.L28:
 717              	.LBB55:
  53:arpeggiator.cpp ****             TriggerNote();
 718              		.loc 1 53 9 view .LVU172
  53:arpeggiator.cpp ****             TriggerNote();
 719              		.loc 1 53 27 is_stmt 0 view .LVU173
 720 0040 2846     		mov	r0, r5
 721 0042 FFF7FEFF 		bl	_ZN7daisysp5Metro7ProcessEv
 722              	.LVL54:
  53:arpeggiator.cpp ****             TriggerNote();
 723              		.loc 1 53 9 view .LVU174
 724 0046 0028     		cmp	r0, #0
 725 0048 E9D0     		beq	.L27
  54:arpeggiator.cpp ****         }
 726              		.loc 1 54 13 is_stmt 1 view .LVU175
  54:arpeggiator.cpp ****         }
ARM GAS  /var/folders/9s/8rp0_f2s1n31qbztm3b5_fdh0000gn/T//cc2fg5RI.s 			page 18


 727              		.loc 1 54 24 is_stmt 0 view .LVU176
 728 004a 2846     		mov	r0, r5
 729 004c FFF7FEFF 		bl	_ZN11Arpeggiator11TriggerNoteEv
 730              	.LVL55:
 731 0050 E5E7     		b	.L27
 732              	.LVL56:
 733              	.L24:
  54:arpeggiator.cpp ****         }
 734              		.loc 1 54 24 view .LVU177
 735              	.LBE55:
 736              	.LBE51:
  65:arpeggiator.cpp **** 
 737              		.loc 1 65 1 view .LVU178
 738 0052 F8BD     		pop	{r3, r4, r5, r6, r7, pc}
 739              		.cfi_endproc
 740              	.LFE4691:
 742              		.section	.text._ZN11Arpeggiator8SetSynthEPN7daisysp11StringVoiceE,"ax",%progbits
 743              		.align	1
 744              		.p2align 2,,3
 745              		.global	_ZN11Arpeggiator8SetSynthEPN7daisysp11StringVoiceE
 746              		.syntax unified
 747              		.thumb
 748              		.thumb_func
 750              	_ZN11Arpeggiator8SetSynthEPN7daisysp11StringVoiceE:
 751              	.LVL57:
 752              	.LFB4696:
 115:arpeggiator.cpp **** 
 116:arpeggiator.cpp **** void Arpeggiator::SetSynth(StringVoice* synth) {
 753              		.loc 1 116 48 is_stmt 1 view -0
 754              		.cfi_startproc
 755              		@ args = 0, pretend = 0, frame = 0
 756              		@ frame_needed = 0, uses_anonymous_args = 0
 757              		@ link register save eliminated.
 117:arpeggiator.cpp ****     synth_ = synth;
 758              		.loc 1 117 5 view .LVU180
 759              		.loc 1 117 12 is_stmt 0 view .LVU181
 760 0000 8162     		str	r1, [r0, #40]
 118:arpeggiator.cpp **** }
 761              		.loc 1 118 1 view .LVU182
 762 0002 7047     		bx	lr
 763              		.cfi_endproc
 764              	.LFE4696:
 766              		.section	.text._ZN11Arpeggiator11SetHardwareEPN5daisy9DaisySeedE,"ax",%progbits
 767              		.align	1
 768              		.p2align 2,,3
 769              		.global	_ZN11Arpeggiator11SetHardwareEPN5daisy9DaisySeedE
 770              		.syntax unified
 771              		.thumb
 772              		.thumb_func
 774              	_ZN11Arpeggiator11SetHardwareEPN5daisy9DaisySeedE:
 775              	.LVL58:
 776              	.LFB4697:
 119:arpeggiator.cpp **** 
 120:arpeggiator.cpp **** void Arpeggiator::SetHardware(DaisySeed* hardware) {
 777              		.loc 1 120 52 is_stmt 1 view -0
 778              		.cfi_startproc
 779              		@ args = 0, pretend = 0, frame = 0
ARM GAS  /var/folders/9s/8rp0_f2s1n31qbztm3b5_fdh0000gn/T//cc2fg5RI.s 			page 19


 780              		@ frame_needed = 0, uses_anonymous_args = 0
 781              		@ link register save eliminated.
 121:arpeggiator.cpp ****     hw_ = hardware;
 782              		.loc 1 121 5 view .LVU184
 783              		.loc 1 121 9 is_stmt 0 view .LVU185
 784 0000 C162     		str	r1, [r0, #44]
 122:arpeggiator.cpp **** }
 785              		.loc 1 122 1 view .LVU186
 786 0002 7047     		bx	lr
 787              		.cfi_endproc
 788              	.LFE4697:
 790              		.section	.bss._ZZN11Arpeggiator11TriggerNoteEvE9led_state,"aw",%nobits
 791              		.set	.LANCHOR0,. + 0
 794              	_ZZN11Arpeggiator11TriggerNoteEvE9led_state:
 795 0000 00       		.space	1
 796              		.text
 797              	.Letext0:
 798              		.file 3 "/Library/DaisyToolchain/0.2.0/arm/arm-none-eabi/include/machine/_default_types.h"
 799              		.file 4 "/Library/DaisyToolchain/0.2.0/arm/arm-none-eabi/include/sys/_stdint.h"
 800              		.file 5 "/Library/DaisyToolchain/0.2.0/arm/arm-none-eabi/include/stdint.h"
 801              		.file 6 "/Library/DaisyToolchain/0.2.0/arm/lib/gcc/arm-none-eabi/10.3.1/include/stddef.h"
 802              		.file 7 "/Library/DaisyToolchain/0.2.0/arm/arm-none-eabi/include/c++/10.3.1/cmath"
 803              		.file 8 "/Library/DaisyToolchain/0.2.0/arm/arm-none-eabi/include/c++/10.3.1/bits/std_abs.h"
 804              		.file 9 "/Library/DaisyToolchain/0.2.0/arm/arm-none-eabi/include/c++/10.3.1/cstdlib"
 805              		.file 10 "/Library/DaisyToolchain/0.2.0/arm/arm-none-eabi/include/c++/10.3.1/cstdint"
 806              		.file 11 "/Library/DaisyToolchain/0.2.0/arm/arm-none-eabi/include/c++/10.3.1/type_traits"
 807              		.file 12 "/Library/DaisyToolchain/0.2.0/arm/arm-none-eabi/include/c++/10.3.1/debug/debug.h"
 808              		.file 13 "/Library/DaisyToolchain/0.2.0/arm/arm-none-eabi/include/c++/10.3.1/arm-none-eabi/thumb/v
 809              		.file 14 "/Library/DaisyToolchain/0.2.0/arm/arm-none-eabi/include/c++/10.3.1/bits/algorithmfwd.h"
 810              		.file 15 "/Library/DaisyToolchain/0.2.0/arm/arm-none-eabi/include/c++/10.3.1/bits/stl_pair.h"
 811              		.file 16 "/Library/DaisyToolchain/0.2.0/arm/arm-none-eabi/include/c++/10.3.1/bits/exception_ptr.h"
 812              		.file 17 "/Library/DaisyToolchain/0.2.0/arm/arm-none-eabi/include/c++/10.3.1/cstdarg"
 813              		.file 18 "/Library/DaisyToolchain/0.2.0/arm/arm-none-eabi/include/c++/10.3.1/cstdio"
 814              		.file 19 "/Library/DaisyToolchain/0.2.0/arm/arm-none-eabi/include/c++/10.3.1/cstring"
 815              		.file 20 "/Library/DaisyToolchain/0.2.0/arm/arm-none-eabi/include/c++/10.3.1/cwchar"
 816              		.file 21 "/Library/DaisyToolchain/0.2.0/arm/arm-none-eabi/include/c++/10.3.1/clocale"
 817              		.file 22 "/Library/DaisyToolchain/0.2.0/arm/arm-none-eabi/include/c++/10.3.1/bits/basic_string.h"
 818              		.file 23 "/Library/DaisyToolchain/0.2.0/arm/arm-none-eabi/include/c++/10.3.1/bits/stl_iterator.h"
 819              		.file 24 "/Library/DaisyToolchain/0.2.0/arm/arm-none-eabi/include/c++/10.3.1/bits/predefined_ops.h
 820              		.file 25 "/Library/DaisyToolchain/0.2.0/arm/arm-none-eabi/include/sys/_types.h"
 821              		.file 26 "/Library/DaisyToolchain/0.2.0/arm/arm-none-eabi/include/sys/reent.h"
 822              		.file 27 "/Library/DaisyToolchain/0.2.0/arm/arm-none-eabi/include/sys/lock.h"
 823              		.file 28 "/Library/DaisyToolchain/0.2.0/arm/arm-none-eabi/include/math.h"
 824              		.file 29 "/Library/DaisyToolchain/0.2.0/arm/arm-none-eabi/include/stdlib.h"
 825              		.file 30 "/Library/DaisyToolchain/0.2.0/arm/arm-none-eabi/include/c++/10.3.1/math.h"
 826              		.file 31 "/Library/DaisyToolchain/0.2.0/arm/arm-none-eabi/include/c++/10.3.1/stdlib.h"
 827              		.file 32 "../../libDaisy/src/daisy_core.h"
 828              		.file 33 "../../libDaisy/src/per/tim.h"
 829              		.file 34 "../../libDaisy/src/sys/system.h"
 830              		.file 35 "../../libDaisy/src/per/qspi.h"
 831              		.file 36 "../../libDaisy/src/per/dac.h"
 832              		.file 37 "../../libDaisy/src/per/sai.h"
 833              		.file 38 "../../libDaisy/src/hid/audio.h"
 834              		.file 39 "../../libDaisy/src/per/adc.h"
 835              		.file 40 "../../libDaisy/src/hid/usb.h"
 836              		.file 41 "../../libDaisy/src/util/wav_format.h"
 837              		.file 42 "../../libDaisy/src/dev/max11300.h"
ARM GAS  /var/folders/9s/8rp0_f2s1n31qbztm3b5_fdh0000gn/T//cc2fg5RI.s 			page 20


 838              		.file 43 "../../libDaisy/src/daisy_seed.h"
 839              		.file 44 "../../libDaisy/src/per/gpio.h"
 840              		.file 45 "../../libDaisy/src/dev/sdram.h"
 841              		.file 46 "/Library/DaisyToolchain/0.2.0/arm/lib/gcc/arm-none-eabi/10.3.1/include/stdarg.h"
 842              		.file 47 "/Library/DaisyToolchain/0.2.0/arm/arm-none-eabi/include/stdio.h"
 843              		.file 48 "/Library/DaisyToolchain/0.2.0/arm/arm-none-eabi/include/string.h"
 844              		.file 49 "../../DaisySP/Source/Control/adenv.h"
 845              		.file 50 "../../DaisySP/Source/Utility/dsp.h"
 846              		.file 51 "../../DaisySP/Source/Filters/svf.h"
 847              		.file 52 "../../DaisySP/Source/Dynamics/crossfade.h"
 848              		.file 53 "../../DaisySP/Source/Utility/dcblock.h"
 849              		.file 54 "../../DaisySP/Source/Filters/onepole.h"
 850              		.file 55 "../../DaisySP/Source/Noise/dust.h"
 851              		.file 56 "../../DaisySP/Source/PhysicalModeling/KarplusString.h"
 852              		.file 57 "../../DaisySP/Source/Utility/delayline.h"
 853              		.file 58 "../../DaisySP/Source/PhysicalModeling/stringvoice.h"
 854              		.file 59 "/Library/DaisyToolchain/0.2.0/arm/arm-none-eabi/include/wchar.h"
 855              		.file 60 "/Library/DaisyToolchain/0.2.0/arm/arm-none-eabi/include/locale.h"
 856              		.file 61 "arpeggiator.h"
 857              		.file 62 "../../libDaisy/src/dev/sr_595.h"
 858              		.file 63 "<built-in>"
ARM GAS  /var/folders/9s/8rp0_f2s1n31qbztm3b5_fdh0000gn/T//cc2fg5RI.s 			page 21


DEFINED SYMBOLS
                            *ABS*:0000000000000000 arpeggiator.cpp
/var/folders/9s/8rp0_f2s1n31qbztm3b5_fdh0000gn/T//cc2fg5RI.s:19     .text._ZN11ArpeggiatorC2Ev:0000000000000000 $t
/var/folders/9s/8rp0_f2s1n31qbztm3b5_fdh0000gn/T//cc2fg5RI.s:26     .text._ZN11ArpeggiatorC2Ev:0000000000000000 _ZN11ArpeggiatorC2Ev
/var/folders/9s/8rp0_f2s1n31qbztm3b5_fdh0000gn/T//cc2fg5RI.s:78     .text._ZN11ArpeggiatorC2Ev:0000000000000030 $d
/var/folders/9s/8rp0_f2s1n31qbztm3b5_fdh0000gn/T//cc2fg5RI.s:26     .text._ZN11ArpeggiatorC2Ev:0000000000000000 _ZN11ArpeggiatorC1Ev
/var/folders/9s/8rp0_f2s1n31qbztm3b5_fdh0000gn/T//cc2fg5RI.s:85     .text._ZN11Arpeggiator4InitEf:0000000000000000 $t
/var/folders/9s/8rp0_f2s1n31qbztm3b5_fdh0000gn/T//cc2fg5RI.s:92     .text._ZN11Arpeggiator4InitEf:0000000000000000 _ZN11Arpeggiator4InitEf
/var/folders/9s/8rp0_f2s1n31qbztm3b5_fdh0000gn/T//cc2fg5RI.s:114    .text._ZN11Arpeggiator8SetNotesEPii:0000000000000000 $t
/var/folders/9s/8rp0_f2s1n31qbztm3b5_fdh0000gn/T//cc2fg5RI.s:121    .text._ZN11Arpeggiator8SetNotesEPii:0000000000000000 _ZN11Arpeggiator8SetNotesEPii
/var/folders/9s/8rp0_f2s1n31qbztm3b5_fdh0000gn/T//cc2fg5RI.s:138    .text._ZN11Arpeggiator8SetScaleEPfi:0000000000000000 $t
/var/folders/9s/8rp0_f2s1n31qbztm3b5_fdh0000gn/T//cc2fg5RI.s:145    .text._ZN11Arpeggiator8SetScaleEPfi:0000000000000000 _ZN11Arpeggiator8SetScaleEPfi
/var/folders/9s/8rp0_f2s1n31qbztm3b5_fdh0000gn/T//cc2fg5RI.s:162    .text._ZN11Arpeggiator8SetTempoEf:0000000000000000 $t
/var/folders/9s/8rp0_f2s1n31qbztm3b5_fdh0000gn/T//cc2fg5RI.s:169    .text._ZN11Arpeggiator8SetTempoEf:0000000000000000 _ZN11Arpeggiator8SetTempoEf
/var/folders/9s/8rp0_f2s1n31qbztm3b5_fdh0000gn/T//cc2fg5RI.s:186    .text._ZN11Arpeggiator24SetOctaveJumpProbabilityEf:0000000000000000 $t
/var/folders/9s/8rp0_f2s1n31qbztm3b5_fdh0000gn/T//cc2fg5RI.s:193    .text._ZN11Arpeggiator24SetOctaveJumpProbabilityEf:0000000000000000 _ZN11Arpeggiator24SetOctaveJumpProbabilityEf
/var/folders/9s/8rp0_f2s1n31qbztm3b5_fdh0000gn/T//cc2fg5RI.s:210    .text._ZN11Arpeggiator16UpdateParametersEffff:0000000000000000 $t
/var/folders/9s/8rp0_f2s1n31qbztm3b5_fdh0000gn/T//cc2fg5RI.s:217    .text._ZN11Arpeggiator16UpdateParametersEffff:0000000000000000 _ZN11Arpeggiator16UpdateParametersEffff
/var/folders/9s/8rp0_f2s1n31qbztm3b5_fdh0000gn/T//cc2fg5RI.s:243    .text._ZNK11Arpeggiator8IsActiveEv:0000000000000000 $t
/var/folders/9s/8rp0_f2s1n31qbztm3b5_fdh0000gn/T//cc2fg5RI.s:250    .text._ZNK11Arpeggiator8IsActiveEv:0000000000000000 _ZNK11Arpeggiator8IsActiveEv
/var/folders/9s/8rp0_f2s1n31qbztm3b5_fdh0000gn/T//cc2fg5RI.s:272    .text._ZN11Arpeggiator10Xorshift32Ev:0000000000000000 $t
/var/folders/9s/8rp0_f2s1n31qbztm3b5_fdh0000gn/T//cc2fg5RI.s:279    .text._ZN11Arpeggiator10Xorshift32Ev:0000000000000000 _ZN11Arpeggiator10Xorshift32Ev
/var/folders/9s/8rp0_f2s1n31qbztm3b5_fdh0000gn/T//cc2fg5RI.s:315    .text._ZN11Arpeggiator12GetMetroRateEv:0000000000000000 $t
/var/folders/9s/8rp0_f2s1n31qbztm3b5_fdh0000gn/T//cc2fg5RI.s:322    .text._ZN11Arpeggiator12GetMetroRateEv:0000000000000000 _ZN11Arpeggiator12GetMetroRateEv
/var/folders/9s/8rp0_f2s1n31qbztm3b5_fdh0000gn/T//cc2fg5RI.s:346    .text._ZN11Arpeggiator11TriggerNoteEv:0000000000000000 $t
/var/folders/9s/8rp0_f2s1n31qbztm3b5_fdh0000gn/T//cc2fg5RI.s:353    .text._ZN11Arpeggiator11TriggerNoteEv:0000000000000000 _ZN11Arpeggiator11TriggerNoteEv
/var/folders/9s/8rp0_f2s1n31qbztm3b5_fdh0000gn/T//cc2fg5RI.s:624    .text._ZN11Arpeggiator11TriggerNoteEv:00000000000000dc $d
/var/folders/9s/8rp0_f2s1n31qbztm3b5_fdh0000gn/T//cc2fg5RI.s:632    .text._ZN11Arpeggiator7ProcessEPfj:0000000000000000 $t
/var/folders/9s/8rp0_f2s1n31qbztm3b5_fdh0000gn/T//cc2fg5RI.s:639    .text._ZN11Arpeggiator7ProcessEPfj:0000000000000000 _ZN11Arpeggiator7ProcessEPfj
/var/folders/9s/8rp0_f2s1n31qbztm3b5_fdh0000gn/T//cc2fg5RI.s:743    .text._ZN11Arpeggiator8SetSynthEPN7daisysp11StringVoiceE:0000000000000000 $t
/var/folders/9s/8rp0_f2s1n31qbztm3b5_fdh0000gn/T//cc2fg5RI.s:750    .text._ZN11Arpeggiator8SetSynthEPN7daisysp11StringVoiceE:0000000000000000 _ZN11Arpeggiator8SetSynthEPN7daisysp11StringVoiceE
/var/folders/9s/8rp0_f2s1n31qbztm3b5_fdh0000gn/T//cc2fg5RI.s:767    .text._ZN11Arpeggiator11SetHardwareEPN5daisy9DaisySeedE:0000000000000000 $t
/var/folders/9s/8rp0_f2s1n31qbztm3b5_fdh0000gn/T//cc2fg5RI.s:774    .text._ZN11Arpeggiator11SetHardwareEPN5daisy9DaisySeedE:0000000000000000 _ZN11Arpeggiator11SetHardwareEPN5daisy9DaisySeedE
/var/folders/9s/8rp0_f2s1n31qbztm3b5_fdh0000gn/T//cc2fg5RI.s:794    .bss._ZZN11Arpeggiator11TriggerNoteEvE9led_state:0000000000000000 _ZZN11Arpeggiator11TriggerNoteEvE9led_state
/var/folders/9s/8rp0_f2s1n31qbztm3b5_fdh0000gn/T//cc2fg5RI.s:795    .bss._ZZN11Arpeggiator11TriggerNoteEvE9led_state:0000000000000000 $d

UNDEFINED SYMBOLS
_ZN7daisysp5Metro4InitEff
_ZN7daisysp5Metro7SetFreqEf
powf
_ZN7daisysp11StringVoice13SetBrightnessEf
_ZN7daisysp11StringVoice10SetDampingEf
_ZN7daisysp11StringVoice12SetStructureEf
_ZN7daisysp11StringVoice7SetFreqEf
_ZN7daisysp11StringVoice4TrigEv
_ZN5daisy9DaisySeed6SetLedEb
_ZN7daisysp11StringVoice7ProcessEb
_ZN7daisysp5Metro7ProcessEv
