ARM GAS  /var/folders/9s/8rp0_f2s1n31qbztm3b5_fdh0000gn/T//cc1DClOG.s 			page 1


   1              		.cpu cortex-m7
   2              		.arch armv7e-m
   3              		.fpu fpv5-d16
   4              		.eabi_attribute 28, 1
   5              		.eabi_attribute 20, 1
   6              		.eabi_attribute 21, 1
   7              		.eabi_attribute 23, 3
   8              		.eabi_attribute 24, 1
   9              		.eabi_attribute 25, 1
  10              		.eabi_attribute 26, 1
  11              		.eabi_attribute 30, 4
  12              		.eabi_attribute 34, 1
  13              		.eabi_attribute 18, 4
  14              		.file	"lpc_speech_synth_words.cc"
  15              		.text
  16              	.Ltext0:
  17              		.cfi_sections	.debug_frame
  18              		.global	_ZN6plaits11word_banks_E
  19              		.global	_ZN6plaits6bank_3E
  20              		.global	_ZN6plaits6bank_2E
  21              		.global	_ZN6plaits6bank_1E
  22              		.global	_ZN6plaits6bank_0E
  23              		.section	.data._ZN6plaits11word_banks_E,"aw"
  24              		.align	2
  27              	_ZN6plaits11word_banks_E:
  28 0000 00000000 		.word	_ZN6plaits6bank_0E
  29 0004 D1040000 		.word	1233
  30 0008 00000000 		.word	_ZN6plaits6bank_1E
  31 000c 84030000 		.word	900
  32 0010 00000000 		.word	_ZN6plaits6bank_2E
  33 0014 10060000 		.word	1552
  34 0018 00000000 		.word	_ZN6plaits6bank_3E
  35 001c DC090000 		.word	2524
  36              		.section	.rodata._ZN6plaits6bank_0E,"a"
  39              	_ZN6plaits6bank_0E:
  40 0000 304A57D8 		.ascii	"0JW\330#,\311\251b\241\210\2626\247\312\225\303\303"
  40      232CC9A9 
  40      62A188B2 
  40      36A7CA95 
  40      C3C3
  41 0012 669FB264 		.ascii	"f\237\262d\011O\233}\212R$5\263\354\311k\222\262\350"
  41      094F9B7D 
  41      8A522435 
  41      B3ECC96B 
  41      92B2E8
  42 0025 B027CF41 		.ascii	"\260'\317A*c\314\236\";\215\362\016{\312\0344\312\332"
  42      2A63CC9E 
  42      223B8DF2 
  42      0E7BCA1C 
  42      34CADA
  43 0038 EC29B3B7 		.ascii	"\354)\263\267(k\263\247\316\301\274\262\255\236.\005"
  43      286BB3A7 
  43      CEC1BCB2 
  43      AD9E2E05 
  44 0048 CD8C967A 		.ascii	"\315\214\226z\372\344\315;\323\314\351\213v\253\250"
  44      FAE4CD3B 
  44      D3CCE98B 
ARM GAS  /var/folders/9s/8rp0_f2s1n31qbztm3b5_fdh0000gn/T//cc1DClOG.s 			page 2


  44      76ABA8
  45 0057 D267AC5E 		.ascii	"\322g\254^\334c\342\234\251Eq\323\216r\246\356DCj*\300"
  45      DC63E29C 
  45      A94571D3 
  45      8E72A6EE 
  45      44436A2A 
  46 006c 98070BB5 		.ascii	"\230\007\013\265\2608m\256Z8}\212\000\000\374\243\015"
  46      B0386DAE 
  46      5A387D8A 
  46      0000FCA3 
  46      0D
  47 007d A39A3923 		.ascii	"\243\2329#\237\314\327\015W\213s\222P.\215\255\311\211"
  47      9FCCD70D 
  47      578B7392 
  47      502E8DAD 
  47      C989
  48 008f 4399748C 		.ascii	"C\231t\214\272#\366\303\323\310\033\215\304O\267d\235"
  48      BA23F6C3 
  48      D3C81B8D 
  48      C44FB764 
  48      9D
  49 00a0 3C923092 		.ascii	"<\2220\222Ki\362\310\302Ti\2219\253\010\303\251\214"
  49      4B69F2C8 
  49      C2546991 
  49      39AB08C3 
  49      A98C
  50 00b2 EB8E3A4E 		.ascii	"\353\216:N\252\302,\323\3328\260\222\263\350\350c\243"
  50      AAC22CD3 
  50      DA38B092 
  50      B3E8E863 
  50      A3
  51 00c3 0A8D30A3 		.ascii	"\012\2150\243O\205\332=\203\254!gj\263\012\263\206\222"
  51      4F85DA3D 
  51      83AC2167 
  51      6AB30AB3 
  51      8692
  52 00d5 B0DC33CC 		.ascii	"\260\3343\314\030\263\243\214\326\300k,\001\323:-\215"
  52      18B3A38C 
  52      D6C06B2C 
  52      01D33A2D 
  52      8D
  53 00e6 294B4A5D 		.ascii	")KJ]\265\\f\313m\331,I\231\215\264\32146i\341\306*\322"
  53      B55C66CB 
  53      6DD92C49 
  53      998DB4D1 
  53      343669E1 
  54 00fd 91A4951B 		.ascii	"\221\244\225\033\317\316\202\333\326(9\274\305\261\003"
  54      CFCE82DB 
  54      D62839BC 
  54      C5B103
  55 010c 02E548C0 		.ascii	"\002\345H\300\014B\016\030\247K\001s\247\001\000\374"
  55      0C420E18 
  55      A74B0173 
  55      A70100FC 
  56 011c A9DA94DC 		.ascii	"\251\332\224\3342\344\266\252\003\362\350\262;\212\001"
  56      32E4B6AA 
  56      03F2E8B2 
ARM GAS  /var/folders/9s/8rp0_f2s1n31qbztm3b5_fdh0000gn/T//cc1DClOG.s 			page 3


  56      3B8A01
  57 012b B8B2C7EA 		.ascii	"\270\262\307\352\31236\357\0161'/\222=;\245\234\254"
  57      CA3336EF 
  57      0E31272F 
  57      923D3BA5 
  57      9CAC
  58 013d 78CAAEB0 		.ascii	"x\312\256\260|\262\0329#\323\312\311J\226(k+'\313Y3"
  58      7CB21A39 
  58      23D3CAC9 
  58      4A96286B 
  58      2B27CB59 
  59 0152 ACC29C3C 		.ascii	"\254\302\234<W+\263\266r\362\324,\335*\314\312cN7\215"
  59      572BB3B6 
  59      72F2D42C 
  59      DD2ACCCA 
  59      634E378D 
  60 0166 28AD083E 		.ascii	"(\255\010>\232\244#\217:\324\012\346\256\334j_\313Y"
  60      9AA4238F 
  60      3AD40AE6 
  60      AEDC6A5F 
  60      CB59
  61 0178 3ACA6843 		.ascii	":\312hC\031U\251\262\243\013=\325<\243\256.\224Q\363"
  61      1955A9B2 
  61      A30B3DD5 
  61      3CA3AE2E 
  61      9451F3
  62 018b 8AB2FA58 		.ascii	"\212\262\372X\323\334*\354\351S\212\222h+gH)S\275\302"
  62      D3DC2AEC 
  62      E9538A92 
  62      682B6748 
  62      2953BDC2 
  63 019f 9C21874A 		.ascii	"\234!\207J\323\030s\306\034\262\\}\314\031\263\257r"
  63      D31873C6 
  63      1CB25C7D 
  63      CC19B3AF 
  63      72
  64 01b0 93316BCC 		.ascii	"\2231k\314>\332U\246\254)\273*3\256<\246\344+M\245r"
  64      3EDA55A6 
  64      AC29BB2A 
  64      33AE3CA6 
  64      E42B4DA5 
  65 01c5 9B63EE14 		.ascii	"\233c\356\024\261\312a\215\265\235X*\233)\204\012d\256"
  65      B1CA618D 
  65      B59D582A 
  65      9B29840A 
  65      64AE
  66 01d7 A2A6E8DA 		.ascii	"\242\246\350\332\320\311\012\000\300\377\200\032\360"
  66      D0C90A00 
  66      C0FF801A 
  66      F0
  67 01e4 D788258D 		.ascii	"\327\210%\215h@7\237JK\245\3167\335\325b\257\262\224"
  67      6840379F 
  67      4A4BA5CE 
  67      37DDD562 
  67      AFB294
  68 01f7 7417B63D 		.ascii	"t\027\266=j\037\334\302#N+M\345\314\010'\245\260\005"
  68      6A1FDCC2 
ARM GAS  /var/folders/9s/8rp0_f2s1n31qbztm3b5_fdh0000gn/T//cc1DClOG.s 			page 4


  68      234E2B4D 
  68      E5CC0827 
  68      A5B005
  69 020a ABCD63B7 		.ascii	"\253\315c\267\302G\212q/\262\012\357\324\2668\364*\222"
  69      C2478A71 
  69      2FB20AEF 
  69      D4B638F4 
  69      2A92
  70 021c 21DFB4C0 		.ascii	"!\337\264\300\247\310\232l[C\237\"k\262\031\013}\352"
  70      A7C89A6C 
  70      5B439F22 
  70      6BB2190B 
  70      7DEA
  71 022e AA487BDC 		.ascii	"\252H{\334\364\351\252\"\3536+gh\2064\333\254\234\241"
  71      F4E9AA22 
  71      EB362B67 
  71      688634DB 
  71      AC9CA1
  72 0241 1B926C8B 		.ascii	"\033\222l\213s\206a\230\263=\316\031\272%\215\214(g"
  72      73866198 
  72      B33DCE19 
  72      BA258D8C 
  72      2867
  73 0253 EA9E2C3C 		.ascii	"\352\236,<\343\214\251z\222\324,3\246\342\320\\;\352"
  73      E38CA97A 
  73      92D42C33 
  73      A6E2D05C 
  73      3BEA
  74 0265 986B4057 		.ascii	"\230k@W\033;k\256\221L\264\223\266)\031\012\217V\222"
  74      1B3B6BAE 
  74      914CB493 
  74      B629190A 
  74      8F5692
  75 0278 CAA0C5AD 		.ascii	"\312\240\305\255<v\360\233VG\2675\000\000\377\242\201"
  75      3C76F09B 
  75      5647B735 
  75      0000FFA2 
  75      81
  76 0289 39D22CA3 		.ascii	"9\322,\243\250\022\024/\365\264\242J\3229=\315q\313"
  76      A812142F 
  76      F5B4A24A 
  76      D2393DCD 
  76      71CB
  77 029b BB4E17B5 		.ascii	"\273N\027\265&+\213*\323\302\313\254:\350MS\253\332"
  77      262B8B2A 
  77      D3C2CBAC 
  77      3AE84D53 
  77      ABDA
  78 02ad 2AAFDED1 		.ascii	"*\257\336\321\243r)\235\374 \367:\245pbK]\343\224\\"
  78      A372299D 
  78      FC20F73A 
  78      A570624B 
  78      5DE3945C 
  79 02c1 9B0953AF 		.ascii	"\233\011S\2573r\247:\304\243\316(\214\333p\311\322\243"
  79      3372A73A 
  79      C4A3CE28 
  79      8CDB70C9 
ARM GAS  /var/folders/9s/8rp0_f2s1n31qbztm3b5_fdh0000gn/T//cc1DClOG.s 			page 5


  79      D2A3
  80 02d3 50613A39 		.ascii	"Pa:9*\257Z\373\256\322*|Z\347\302#\273\322\351\222r"
  80      2AAF5AFB 
  80      AED22A7C 
  80      5AE7C223 
  80      BBD2E992 
  81 02e8 77CF45A7 		.ascii	"w\317E\247\317\312M\303W\236>I\013\017[x\206\244-\334"
  81      CFCA4DC3 
  81      579E3E49 
  81      0B0F5B78 
  81      86A42DDC 
  82 02fc ECF61AA2 		.ascii	"\354\366\032\242\366p\265\333m\010>]\331n\2671\244T"
  82      F670B5DB 
  82      6D083E5D 
  82      D96EB731 
  82      A454
  83 030e 56AF1346 		.ascii	"V\257\023F\357\322L\265\266\231\242\013U\345pf\216\311"
  83      EFD24CB5 
  83      B699A20B 
  83      55E57066 
  83      8EC9
  84 0320 8249A3B2 		.ascii	"\202I\243\262I\007Ma\267\013\000\360\256\250\206\274"
  84      49074D61 
  84      B70B00F0 
  84      AEA886BC 
  85 0330 33949E62 		.ascii	"3\224\236b\004C\213\256{\212\246Hc\332\312\311Gtb\357"
  85      04438BAE 
  85      7B8AA648 
  85      63DACAC9 
  85      477462EF 
  86 0344 2627EF8A 		.ascii	"&'\357\212\325\273-\217,Ir\357\262=\222 9\263\322vK"
  86      D5BB2D8F 
  86      2C4972EF 
  86      B23D9220 
  86      39B3D276 
  87 0359 9C92F24D 		.ascii	"\234\222\362M\206%QV\306Wl\245\214&\037+r\0242\022\242"
  87      86255156 
  87      C6576CA5 
  87      8C261F2B 
  87      72143212 
  88 036e D39DCECA 		.ascii	"\323\235\316\312\207M\025m\253\247\250\206\315jl\237"
  88      874D156D 
  88      ABA7A886 
  88      CD6A6C9F 
  89 037e 2A1BB6AE 		.ascii	"*\033\266\256\266r\252b\330\262\333\316i\253e\251\234"
  89      B672AA62 
  89      D8B2DBCE 
  89      69AB65A9 
  89      9C
  90 038f 28ADCF9A 		.ascii	"(\255\317\232\"\275\225\250\221)\353\311\220L\000l\251"
  90      22BD95A8 
  90      9129EBC9 
  90      904C006C 
  90      A9
  91 03a0 039003F9 		.ascii	"\003\220\003\371\312\213\023\316\354*g(J\255=\213\234"
  91      CA8B13CE 
  91      EC2A6728 
ARM GAS  /var/folders/9s/8rp0_f2s1n31qbztm3b5_fdh0000gn/T//cc1DClOG.s 			page 6


  91      4AAD3D8B 
  91      9C
  92 03b1 215BB7F0 		.ascii	"![\267\360\256r\206\350,#&\312\031\203/\017\357\322"
  92      AE7286E8 
  92      2C2326CA 
  92      19832F0F 
  92      EFD2
  93 03c3 678C213D 		.ascii	"g\214!=\274\252\2341\244T\217\252r\306\020F\335s\322"
  93      BCAA9C31 
  93      A4548FAA 
  93      72C61046 
  93      DD73D2
  94 03d6 19835F35 		.ascii	"\031\203_5\317\312gL1\212\245Z\235)\306,\326l9\246\230"
  94      CFCA674C 
  94      318AA55A 
  94      9D29C62C 
  94      D66C39A6 
  95 03eb 33496BE5 		.ascii	"3Ik\345\230B\252D\215Vc\012\271\0025[\216\305\325t\326"
  95      9842AA44 
  95      8D56630A 
  95      B902355B 
  95      8EC5D574 
  96 0400 6EA496E4 		.ascii	"n\244\226\344\303\315<\011\000\374\251\0216\263\\#\246"
  96      C3CD3C09 
  96      00FCA911 
  96      36B35C23 
  96      A6
  97 0411 2E487355 		.ascii	".HsUKZ\232\244]M\331\311h\2522w'+\253\2562\"\034\035"
  97      4B5A9AA4 
  97      5D4DD9C9 
  97      68AA3277 
  97      272BABAE 
  98 0429 9F32D988 		.ascii	"\2372\331\210\024\251s\312\030\313Cm\352\251\342(\015"
  98      14A973CA 
  98      18CB436D 
  98      EAA9E228 
  98      0D
  99 043a CD2AA78A 		.ascii	"\315*\247\212;\270\"C\237<\366\322\322\034}\362\330"
  99      3BB82243 
  99      9F3CF6D2 
  99      D21C7DF2 
  99      D8
 100 044b D24BAAF4 		.ascii	"\322K\252\364\311S\036\251\264J'O-t\322#\237<\325\320"
 100      C9531EA9 
 100      B44A274F 
 100      2D74D223 
 100      9F3CD5D0 
 101 045f F10C73CA 		.ascii	"\361\014s\312\234,\312&\314\251Jt+\233*\247\311\321"
 101      9C2CCA26 
 101      CCA94A74 
 101      2B9B2AA7 
 101      C9D1
 102 0471 3C7DAD9C 		.ascii	"<}\255\234.\233\322\264*}\372$G\303\243\312\3513\037"
 102      2E9BD2B4 
 102      2A7DFA24 
 102      47C3A3CA 
 102      E9331F
ARM GAS  /var/folders/9s/8rp0_f2s1n31qbztm3b5_fdh0000gn/T//cc1DClOG.s 			page 7


 103 0484 57B5396B 		.ascii	"W\2659k\210\272\334\270\352\234!\351T\327\256r\206\244"
 103      88BADCB8 
 103      EA9C21E9 
 103      54D7AE72 
 103      86A4
 104 0496 5343BBCA 		.ascii	"SC\273\312\031\212\322(\351*g,\326\314m\252\2369k\327"
 104      198AD228 
 104      E92A672C 
 104      D6CC6DAA 
 104      9E396BD7 
 105 04aa B01A72D6 		.ascii	"\260\032r\326d\334\302kl\032\242W\265\230\242\246Q\315"
 105      64DCC26B 
 105      6C1AA257 
 105      B598A2A6 
 105      51CD
 106 04bc C335AC08 		.ascii	"\3035\254\010 \021M\0064.\306\200,\334\010\220\2249"
 106      20114D06 
 106      342EC680 
 106      2CDC0890 
 106      9439
 107 04ce 00C0FF   		.ascii	"\000\300\377"
 108              		.section	.rodata._ZN6plaits6bank_1E,"a"
 111              	_ZN6plaits6bank_1E:
 112 0000 69FC59DD 		.ascii	"i\374Y\335Q\325\327\241\217\012x\300R\001\017P\254\374"
 112      51D5D7A1 
 112      8F0A78C0 
 112      52010F50 
 112      ACFC
 113 0012 A81615F2 		.ascii	"\250\026\025\362{\262\031G\320d\353Mw\272\263\221\227"
 113      7BB21947 
 113      D064EB4D 
 113      77BAB391 
 113      97
 114 0023 246E626D 		.ascii	"$nbm[\025\012\247\271\305\253\325\252c\360\360\342l"
 114      5B150AA7 
 114      B9C5ABD5 
 114      AA63F0F0 
 114      E26C
 115 0035 B3195D52 		.ascii	"\263\031]R\035\031\224ov}\350C\031\203\334H\307.q\214"
 115      1D19946F 
 115      767DE843 
 115      1983DC48 
 115      C72E718C 
 116 0049 939FE0FF 		.ascii	"\223\237\340\377\246N\250z\215\355\304\266\325\211\324"
 116      A64EA87A 
 116      8DEDC4B6 
 116      D589D4
 117 0058 BCA2DB91 		.ascii	"\274\242\333\221%\2763L\331O\222MW\212v\276\361\211"
 117      25BE334C 
 117      D94F924D 
 117      578A76BE 
 117      F189
 118 006a AA2E4FD5 		.ascii	"\252.O\325\3157\331Ek\207\023L\015\247\265\253}\036"
 118      CD37D945 
 118      6B87134C 
 118      0DA7B5AB 
 118      7D1E
ARM GAS  /var/folders/9s/8rp0_f2s1n31qbztm3b5_fdh0000gn/T//cc1DClOG.s 			page 8


 119 007c E318673F 		.ascii	"\343\030g?\247\245\371\3200[\035\226\2324D\274\266]"
 119      A7A5F9D0 
 119      305B1D96 
 119      9A3444BC 
 119      B65D
 120 008e E0FF06B8 		.ascii	"\340\377\006\270Y4\000'\3268`X\323\021U-\252e\235O\322"
 120      59340027 
 120      D6386058 
 120      D311552D 
 120      AA659D4F 
 121 00a3 B8391767 		.ascii	"\2709\027g\277\311\316Z\036\265z\006\366\251u\355Ro"
 121      BFC9CE5A 
 121      1EB57A06 
 121      F6A975ED 
 121      526F
 122 00b5 55A52675 		.ascii	"U\245&u\311\223\237\374l\026c:4p\257^\341\377\014\350"
 122      C9939FFC 
 122      6C16633A 
 122      3470AF5E 
 122      E1FF0CE8 
 123 00c9 2E94014D 		.ascii	".\224\001M\272J@\003\026hA6\034\351\272\270E9pr\204"
 123      BA4A4003 
 123      16684136 
 123      1CE9BAB8 
 123      45397072 
 124 00de DB11A7A8 		.ascii	"\333\021\247\250N\243\311w\274\222\326R\250q\355JzK"
 124      4EA3C977 
 124      BC92D652 
 124      A871ED4A 
 124      7A4B
 125 00f0 A6E03737 		.ascii	"\246\34077]\345H\216\224\361dv\255\037U\221\274n\327"
 125      5DE5488E 
 125      94F16476 
 125      AD1F5591 
 125      BC6ED7
 126 0103 B1CE75AD 		.ascii	"\261\316u\255[\332\307p\"\315\307y\217;\374\010h!\015"
 126      5BDAC770 
 126      22CDC779 
 126      8F3BFC08 
 126      68210D
 127 0116 031C90C0 		.ascii	"\003\034\220\300p\223\262)\207v+(\\{\006\331\355`\004"
 127      7093B229 
 127      87762B28 
 127      5C7B06D9 
 127      ED6004
 128 0129 51544DA2 		.ascii	"QTM\242\272\031\265,\370\352t\312\323\353\336\227)\244"
 128      BA19B52C 
 128      F8EA74CA 
 128      D3EBDE97 
 128      29A4
 129 013b D44EC95F 		.ascii	"\324N\311_\247\262\245\234\034c\336\362\221\3164\204"
 129      A7B2A59C 
 129      1C63DEF2 
 129      91CE3484 
 130 014b 272D4BB8 		.ascii	"'-K\270R\011\234\016\267\356\314[p\335\262\300\377\010"
 130      52099C0E 
 130      B7EECC5B 
ARM GAS  /var/folders/9s/8rp0_f2s1n31qbztm3b5_fdh0000gn/T//cc1DClOG.s 			page 9


 130      70DDB2C0 
 130      FF08
 131 015d 684E9D02 		.ascii	"hN\235\002\034`\300\214i\022\260\300\210\252\214\234"
 131      1C60C08C 
 131      6912B0C0 
 131      88AA8C9C 
 132 016d C02D3B3A 		.ascii	"\300-;:A1\025\243\266\344F7\332\311\316V\336T[\205\276"
 132      413115A3 
 132      B6E44637 
 132      DAC9CE56 
 132      DE545B85 
 133 0182 D9D56C47 		.ascii	"\331\325lG\337m\261\245\277\231}\033[0\011\257/m\352"
 133      DF6DB1A5 
 133      BF997D1B 
 133      5B3009AF 
 133      2F6DEA
 134 0195 31C45CBE 		.ascii	"1\304\\\276\326)-\255\210\207\342\322\262\366\340\026"
 134      D6292DAD 
 134      8887E2D2 
 134      B2F6E016 
 135 01a5 2AB2E36A 		.ascii	"*\262\343jW\271\362\025\376\004\370\271U\001\277\245"
 135      57B9F215 
 135      FE04F8B9 
 135      5501BFA5 
 136 01b5 1BE0370F 		.ascii	"\033\3407\017\003\374\226a\200\337<\014\360\223\332"
 136      03FC9661 
 136      80DF3C0C 
 136      F093DA
 137 01c4 EA864953 		.ascii	"\352\206IS\2217\253k\322U#\336\254\271\271\026\011\377"
 137      9137AB6B 
 137      D25523DE 
 137      ACB9B916 
 137      09FF
 138 01d6 B2F66693 		.ascii	"\262\366f\223<c\363\274\021>E\251\012\325\000\000\002"
 138      3C63F3BC 
 138      113E45A9 
 138      0AD50000 
 138      02
 139 01e7 1497AA80 		.ascii	"\024\227\252\200\253k\015\360c\245\001~\3130\300o\351"
 139      AB6B0DF0 
 139      63A5017E 
 139      CB30C06F 
 139      E9
 140 01f8 0AF82593 		.ascii	"\012\370%\223\001?W\300\377\014x\306\225\001?\245(\340"
 140      013F57C0 
 140      FF0C78C6 
 140      95013FA5 
 140      28E0
 141 020a B7520B04 		.ascii	"\267R\013\004\340\267T\007\374Rf\200\237\313V]l\230"
 141      E0B75407 
 141      FC526680 
 141      9FCB565D 
 141      6C98
 142 021c 473E595D 		.ascii	"G>Y]\211if\271zt9\206\233\331\2464\344\020\256\312\255"
 142      896966B9 
 142      7A743986 
 142      9BD9A634 
ARM GAS  /var/folders/9s/8rp0_f2s1n31qbztm3b5_fdh0000gn/T//cc1DClOG.s 			page 10


 142      E410AECA 
 143 0231 C7905D9A 		.ascii	"\307\220]\232\251\256\032m\261\245f\371\262\264Mc\266"
 143      A9AE1A6D 
 143      B1A566F9 
 143      B2B44D63 
 143      B6
 144 0242 849A5277 		.ascii	"\204\232RwE\021\032\252K5\014yJ\260I\325P\242A\241\311"
 144      45111AAA 
 144      4B350C79 
 144      4AB049D5 
 144      50A241A1 
 145 0257 E5D9AB89 		.ascii	"\345\331\253\211V\004\370m\030\336X#\027\257a\350 \353"
 145      5604F86D 
 145      18DE5823 
 145      17AF61E8 
 145      20EB
 146 0269 5CBCBA61 		.ascii	"\\\274\272a\003\255s\366jfJ\320\314\331\253\033E\301"
 146      03AD73F6 
 146      6A664AD0 
 146      CCD9AB1B 
 146      45C1
 147 027b A366AF69 		.ascii	"\243f\257i6\003\213Z\234\326Q\004\242f\226{\272G\354"
 147      36038B5A 
 147      9CD65104 
 147      A266967B 
 147      BA47EC
 148 028e ED8A089A 		.ascii	"\355\212\010\232\242T\205j\000\200\002\206tc\300\346"
 148      A254856A 
 148      00800286 
 148      7463C0E6 
 149 029e 6AF0A273 		.ascii	"j\360\242s\3343\265b\2716\013\2164\217\323\352\256Y"
 149      DC33B562 
 149      B9360B8E 
 149      348FD3EA 
 149      AE59
 150 02b0 D234E9A8 		.ascii	"\3224\351\250\206'\311\320x+o\316\302E\033\257\264\370"
 150      8627C9D0 
 150      782B6FCE 
 150      C2451BAF 
 150      B4F8
 151 02c2 51739DB3 		.ascii	"Qs\235\263\322\022\307,m\311JrK\363\210&+\311-\314#"
 151      D212C72C 
 151      6DC94A72 
 151      4BF38826 
 151      2BC92DCC 
 152 02d7 EAAC34B7 		.ascii	"\352\2544\267\320\210\230\263\362\\C2}\316*K\012\315"
 152      D08898B3 
 152      F25C4332 
 152      7DCE2A4B 
 152      0ACD
 153 02e9 F439ABAE 		.ascii	"\3649\253\256>$\313g\257\256\331\344\030_\264\206n\222"
 153      3E24CB67 
 153      AFAED9E4 
 153      185FB486 
 153      6E92
 154 02fb 627DD118 		.ascii	"b}\321\030\273\011\362\215Ym\354:\330'\026\246\245{"
 154      BB09F28D 
ARM GAS  /var/folders/9s/8rp0_f2s1n31qbztm3b5_fdh0000gn/T//cc1DClOG.s 			page 11


 154      596DEC3A 
 154      D82716A6 
 154      A57B
 155 030d F2744F92 		.ascii	"\362tO\222\326\036\310J\303IZ\233%+\365$i\351\321$%"
 155      D61EC84A 
 155      C3495A9B 
 155      252BF524 
 155      69E9D124 
 156 0322 27BAA525 		.ascii	"'\272\245%Q\323\252$\346^TU:\024\374\012\330\\M\003"
 156      51D3AA24 
 156      E65E5455 
 156      3A14FC0A 
 156      D85C4D03 
 157 0336 2BA85EC4 		.ascii	"+\250^\3043+\257x\204\022\015{\263\342fC\242\343\366"
 157      332BAF78 
 157      84120D7B 
 157      B3E26643 
 157      A2E3F6
 158 0349 4AAA4EC9 		.ascii	"J\252N\311\211\333+k\272\305\333f\257\266\350\346L\277"
 158      89DB2B6B 
 158      BAC5DB66 
 158      AFB6E8E6 
 158      4CBF
 159 035b 3DDA6AC4 		.ascii	"=\332j\304K\312I\031\272a+\011%m\352Z\264\304\355\246"
 159      4BCA4919 
 159      BA612B09 
 159      256DEA5A 
 159      B4C4EDA6 
 160 036f 6518E156 		.ascii	"e\030\341V\267\232\226\246DG\334n^\302\332\245\360\270"
 160      B79A96A6 
 160      4447DC6E 
 160      5EC2DAA5 
 160      F0B8
 161 0381 D985FF   		.ascii	"\331\205\377"
 162              		.section	.rodata._ZN6plaits6bank_2E,"a"
 165              	_ZN6plaits6bank_2E:
 166 0000 A52F96AD 		.ascii	"\245/\226\255{j\237j\344 \215\234s\363\233\335\354\346"
 166      7B6A9F6A 
 166      E4208D9C 
 166      73F39BDD 
 166      ECE6
 167 0012 37BFE5AA 		.ascii	"7\277\345\252f(\240\316\325\273\331\355\356f?\2076\316"
 167      6628A0CE 
 167      D5BBD9ED 
 167      EE663F87 
 167      36CE
 168 0024 9C80518B 		.ascii	"\234\200Q\213\353T\347\274\302\377\246*\252\005\\\326"
 168      EB54E7BC 
 168      C2FFA62A 
 168      AA055CD6 
 169 0034 8CB8C716 		.ascii	"\214\270\307\026pY3\242\225\013\301\375\315\214f8\343"
 169      705933A2 
 169      950BC1FD 
 169      CD8C6638 
 169      E3
 170 0045 91AD9800 		.ascii	"\221\255\230\000U\213g\321\333\336\325\251\316u.\353"
 170      558B67D1 
ARM GAS  /var/folders/9s/8rp0_f2s1n31qbztm3b5_fdh0000gn/T//cc1DClOG.s 			page 12


 170      DBDED5A9 
 170      CE752EEB 
 171 0055 2C4D60BE 		.ascii	",M`\276&\357\361\210'\374\004\370\245\203\003\022\260"
 171      26EFF188 
 171      27FC04F8 
 171      A5830312 
 171      B0
 172 0066 800722B0 		.ascii	"\200\007\"\260\234\356\215E}\311\212f)B\3655;\332\321"
 172      9CEE8D45 
 172      7DC98A66 
 172      2942F535 
 172      3BDAD1
 173 0079 88670D40 		.ascii	"\210g\015@\317\3273\031\371\254\006\024\265h\326\275"
 173      CFD73319 
 173      F9AC0614 
 173      B568D6BD 
 174 0089 EB7D1FD3 		.ascii	"\353}\037\3232[\002D\275\316k^\363\226\266U\012\301"
 174      325B0244 
 174      BDCE6B5E 
 174      F396B655 
 174      0AC1
 175 009b 734DDEF3 		.ascii	"sM\336\363\016\377\010 \272\015\003m8,UE\263\214\272"
 175      0EFF0820 
 175      BA0D036D 
 175      382C5545 
 175      B38CBA
 176 00ae 0565D578 		.ascii	"\005e\325x2\252\356\2054\362\366\250\2073\340\312\307"
 176      32AAEE85 
 176      34F2F6A8 
 176      8733E0CA 
 176      C7
 177 00bf AD9ECE81 		.ascii	"\255\236\316\201\273f\267v\006\007\356\234\325\272\251"
 177      BB66B776 
 177      0607EE9C 
 177      D5BAA9
 178 00ce 1D657211 		.ascii	"\035er\021\374\242Z\225Q\272\027\367b\345\2538B\344"
 178      FCA25A95 
 178      51BA17F7 
 178      62E5AB38 
 178      42E4
 179 00e0 929DEF6C 		.ascii	"\222\235\357le3;P\326\222\235\257b\305\004\250Z\274"
 179      65333B50 
 179      D6929DAF 
 179      62C504A8 
 179      5ABC
 180 00f2 CB5DED7A 		.ascii	"\313]\355z7\273\335\303\036\3664\247\276\364\245\255"
 180      37BBDDC3 
 180      1EF634A7 
 180      BEF4A5AD 
 181 0102 B33481F9 		.ascii	"\2634\201\371\032\370\253\032a\224\335\326\334\366T"
 181      1AF8AB1A 
 181      6194DDD6 
 181      DCF654
 182 0111 DD37B9E7 		.ascii	"\3357\271\347\352S5\263\034\341\257ou\3335\324\340V"
 182      EA5335B3 
 182      1CE1AF6F 
 182      75DB35D4 
ARM GAS  /var/folders/9s/8rp0_f2s1n31qbztm3b5_fdh0000gn/T//cc1DClOG.s 			page 13


 182      E056
 183 0123 9C77DB58 		.ascii	"\234w\333X\235\353\230\214a\3000\351\032\260\200\005"
 183      9DEB988C 
 183      61C030E9 
 183      1AB08005 
 184 0133 14306DBB 		.ascii	"\0240m\273\006$ \001\016\020\240\0065\370n>)\215\230"
 184      06242001 
 184      0E10A006 
 184      35F86E3E 
 184      298D98
 185 0146 95CD3900 		.ascii	"\225\3159\000\2538\225\364\324\3534\201z\342QSPu\353"
 185      AB3895F4 
 185      D4EB3481 
 185      7AE25153 
 185      5075EB
 186 0159 8E76B4C3 		.ascii	"\216v\264\303\025\215\222H\231\253w\274\323]\216v\226"
 186      158D9248 
 186      99AB77BC 
 186      D35D8E76 
 186      96
 187 016a 048C5A3C 		.ascii	"\004\214Z<\373\331\367\251Nu+\333*\205\340\271&\036"
 187      FBD9F7A9 
 187      4E752BDB 
 187      2A85E0B9 
 187      261E
 188 017c F180FFA5 		.ascii	"\361\200\377\245\035m\220-\326\354\362\3467\273\351"
 188      1D6D902D 
 188      D6ECF2E6 
 188      37BBE9
 189 018b 2E463BA3 		.ascii	".F;\243\001m-\316\243]\335\334<av\305%\263\010\345."
 189      016D2DCE 
 189      A35DDDDC 
 189      3C6176C5 
 189      25B308E5 
 190 01a0 221B0080 		.ascii	"\"\033\000\200\001+\2078`\345\355\010X\300\002\026\260"
 190      012B8738 
 190      60E5ED08 
 190      58C00216 
 190      B0
 191 01b1 80063440 		.ascii	"\200\0064@\200v\323\340\377*\213c\250\252f\255\266\250"
 191      8076D3E0 
 191      FF2A8B63 
 191      A8AA66AD 
 191      B6A8
 192 01c3 CB08DD7C 		.ascii	"\313\010\335|\213\233\336\364f7;Y\265\243\025\272\370"
 192      8B9BDEF4 
 192      66373B59 
 192      B5A315BA 
 192      F8
 193 01d4 E6BBD8CD 		.ascii	"\346\273\330\315nW\337\\I\245-\336c\033kv)\257\307m"
 193      6E57DF5C 
 193      49A52DDE 
 193      631B6B76 
 193      29AFC76D 
 194 01e8 EC31D85C 		.ascii	"\3541\330\\\036\367\261NuJ\363(\211\342\3628/y\205\377"
 194      1EF7B14E 
 194      754AF328 
ARM GAS  /var/folders/9s/8rp0_f2s1n31qbztm3b5_fdh0000gn/T//cc1DClOG.s 			page 14


 194      89E2F238 
 194      2F7985FF 
 195 01fc AE5EC199 		.ascii	"\256^\301\231T\262\011`I\"\007\354\250\026\200]&G\325"
 195      54B20960 
 195      492207EC 
 195      A816805D 
 195      2647D5
 196 020f A3927874 		.ascii	"\243\222xt>q/!j\261\372\3067\276\361Moz\363]\215~\264"
 196      3E712F21 
 196      6AB1FAC6 
 196      37BEF14D 
 196      6F7AF35D 
 197 0226 22367F53 		.ascii	"\"6\177S\347\276\264m\226a4\333R\267\264\217\334\210"
 197      E7BEB46D 
 197      966134DB 
 197      52B7B48F 
 197      DC88
 198 0238 E15FF29A 		.ascii	"\341_\362\232W\370\001\030\221\271\000M\221F`\005-\263"
 198      57F80118 
 198      91B9004D 
 198      91466005 
 198      2DB3
 199 024a B867ED13 		.ascii	"\270g\355\023\367\024d\021Kn|\343\033\337\370\024\303"
 199      F7146411 
 199      4B6E7CE3 
 199      1BDFF814 
 199      C3
 200 025b 056AE7EA 		.ascii	"\005j\347\352]\357z\367m\032\261\000+\337\364\251M\263"
 200      5DEF7AF7 
 200      6D1AB100 
 200      2BDFF4A9 
 200      4DB3
 201 026d 2460D4E2 		.ascii	"$`\324\342\272\3465oi\033CH\243\353\344\015\376\253"
 201      BAE6356F 
 201      691B4348 
 201      A3EBE40D 
 201      FEAB
 202 027f 6C2ED82A 		.ascii	"l.\330*7\337\342\026\247\250!\274\304\027\337\342\026"
 202      37DFE216 
 202      A7A821BC 
 202      C417DFE2 
 202      16
 203 0290 A7CC6AC3 		.ascii	"\247\314j\303M:\337r\325\225l\246q\236\3215\230SI^{"
 203      4D3ADF72 
 203      D5956CA6 
 203      719ED135 
 203      9853495E 
 204 02a5 57C60A7A 		.ascii	"W\306\012zC\331O\034\303T\340\364\010\371\011S\0031"
 204      43D94F1C 
 204      C354E0F4 
 204      08F90953 
 204      0331
 205 02b7 19A2254E 		.ascii	"\031\242%N\360)\352\305\330s\026\317\350V7\277\331I"
 205      F029EAC5 
 205      D87316CF 
 205      E85637BF 
 205      D949
ARM GAS  /var/folders/9s/8rp0_f2s1n31qbztm3b5_fdh0000gn/T//cc1DClOG.s 			page 15


 206 02c9 BB6FF1F0 		.ascii	"\273o\361\360\3257\275\331\316GUcr\230X\356m\357\333"
 206      D537BDD9 
 206      CE475563 
 206      729858EE 
 206      6DEFDB
 207 02dc D0627298 		.ascii	"\320br\230X\256c\035\323XEr\223\330\215\223\235\354"
 207      58AE631D 
 207      D3584572 
 207      93D88D93 
 207      9DEC
 208 02ee 64E73097 		.ascii	"d\3470\227X\341\242M\342\022W\370\201\355\321\310\263"
 208      58E1A24D 
 208      E21257F8 
 208      81EDD1C8 
 208      B3
 209 02ff 16EFE264 		.ascii	"\026\357\342d\3035Y\304\343\233\336\364\246;_\371\222"
 209      C33559C4 
 209      E39BDEF4 
 209      A63B5FF9 
 209      92
 210 0310 CD91B478 		.ascii	"\315\221\264x\267\243\037\2368,\234\316\276\017u\016"
 210      B7A31F9E 
 210      382C9CCE 
 210      BE0F750E 
 211 0320 F3B0C261 		.ascii	"\363\260\302a\0365\316q\211k\334\322\326MI\270\316\016"
 211      1E35CE71 
 211      896BDCD2 
 211      D64D49B8 
 211      CE0E
 212 0332 DB34AD16 		.ascii	"\3334\255\026\274\031\376\243h\264\272\215\274\255\274"
 212      BC19FEA3 
 212      68B4BA8D 
 212      BCADBC
 213 0341 92EC0EF2 		.ascii	"\222\354\016\362\266\323\035\217\270\340\356\026\366"
 213      B6D31D8F 
 213      B8E0EE16 
 213      F6
 214 034e 3F9359CF 		.ascii	"?\223Y\317\246\014\221\345\014\213\27709\323\035(Y\342"
 214      A60C91E5 
 214      0C8BBF30 
 214      39D31D28 
 214      59E2
 215 0360 E217BBFA 		.ascii	"\342\027\273\372\035\376\002\210&\324\000m\226\265\270"
 215      1DFE0288 
 215      26D4006D 
 215      96B5B8
 216 036f 2505896C 		.ascii	"%\005\211l=\222\346Q\263\246\364Hf\011\240\214\3073"
 216      3D92E651 
 216      B3A6F448 
 216      6609A08C 
 216      C733
 217 0381 9D79CB67 		.ascii	"\235y\313g\016\200\312\327\275l\345r\006\264\265\272"
 217      0E80CAD7 
 217      BD6CE572 
 217      06B4B5BA 
 218 0391 37BDAB53 		.ascii	"7\275\253S]\362\236\367x\300\377\016\230\325(\002\021"
 218      5DF29EF7 
ARM GAS  /var/folders/9s/8rp0_f2s1n31qbztm3b5_fdh0000gn/T//cc1DClOG.s 			page 16


 218      78C0FF0E 
 218      98D52802 
 218      11
 219 03a2 18C9CC46 		.ascii	"\030\311\314F\230\361f''\031!\231\222\266\334l\347\253"
 219      98F16627 
 219      27192199 
 219      92B6DC6C 
 219      E7AB
 220 03b4 28D22D13 		.ascii	"(\322-\023;\357\262\265\316\224G\320\356\332\3071\317"
 220      3BEFB2B5 
 220      CE9447D0 
 220      EEDAC731 
 220      CF
 221 03c5 613131A2 		.ascii	"a11\242P\266\370\325\357\360+\316r3\223\273\334\362"
 221      50B6F8D5 
 221      EFF02BCE 
 221      723393BB 
 221      DCF2
 222 03d7 1637BFD9 		.ascii	"\0267\277\331(R\\\251\246M\263l]\012\313q\330\273\017"
 222      28525CA9 
 222      A64DB36C 
 222      5D0ACB71 
 222      D8BB0F
 223 03ea 7D2A73B6 		.ascii	"}*s\266\307\364\2247-\2514\370S\227\270\302\377\253"
 223      C7F49437 
 223      2DA934F8 
 223      5397B8C2 
 223      FFAB
 224 03fc 6FD9346C 		.ascii	"o\3314l\346\334\342\0267\277\371i\252\017-\332%{\030"
 224      E6DCE216 
 224      37BFF969 
 224      AA0F2DDA 
 224      257B18
 225 040f 534D9AA2 		.ascii	"SM\232\242\347\270-#\245&q*\003\374\224\346\001\017"
 225      E7B82D23 
 225      A526712A 
 225      03FC94E6 
 225      010F
 226 0421 68400312 		.ascii	"h@\003\022\340\000\0070\000\377\001\330\266\335\001"
 226      E0000730 
 226      00FF01D8 
 226      B6DD01
 227 0430 2FF43860 		.ascii	"/\3648`\325\321\221L\227\204\346KN2\262\020g\315\031"
 227      D5D1914C 
 227      9784E64B 
 227      4E32B210 
 227      67CD19
 228 0443 C92C0194 		.ascii	"\311,\001\224\361x&3\351i/{S\2736\256R\010\236k\352"
 228      F1782633 
 228      E9692F7B 
 228      53BB36AE 
 228      52089E6B 
 229 0458 5C97BA95 		.ascii	"\\\227\272\225}EG\254Z\234\017\370\241\231\234\224r"
 229      7D4547AC 
 229      5A9C0FF8 
 229      A1999C94 
 229      72
ARM GAS  /var/folders/9s/8rp0_f2s1n31qbztm3b5_fdh0000gn/T//cc1DClOG.s 			page 17


 230 0469 268D6A07 		.ascii	"&\215j\007U\220x<\213\231\237\254\207`v\332r\263\223"
 230      5590783C 
 230      8B999FAC 
 230      876076DA 
 230      72B393
 231 047c 35A5642D 		.ascii	"5\245d-{n\276\232$\3342\261s\357\372\020F\253\306\312"
 231      7B6EBE9A 
 231      24DC32B1 
 231      73EFFA10 
 231      46ABC6CA 
 232 0490 E0B55FCC 		.ascii	"\340\265_\314\252\324x\033\266S\273t\247!\274\004\376"
 232      AAD4781B 
 232      B653BB74 
 232      A721BC04 
 232      FE
 233 04a1 66F0D238 		.ascii	"f\360\3228C\263\330!\364M\273p\260\333\320\017\027,"
 233      43B3D821 
 233      F44DBB70 
 233      B0DBD00F 
 233      172C
 234 04b3 26AE5337 		.ascii	"&\256S7l\2732\253\031u\367!l\234\345d3\266\200\313\232"
 234      6CBB32AB 
 234      1975F721 
 234      6C9CE564 
 234      33B680CB 
 235 04c8 1BAE60E5 		.ascii	"\033\256`\345Bp\177\263\203\355\357p%+&@\325\342\231"
 235      42707FB3 
 235      83EDEF70 
 235      252B2640 
 235      D5E299
 236 04db F7BAB775 		.ascii	"\367\272\267u\250c\235\3122K\023\230\257\251K\336\363"
 236      A8639DCA 
 236      324B1398 
 236      AFA94BDE 
 236      F3
 237 04ec 918E190B 		.ascii	"\221\216\031\0131\363\015\374!\333\302D\302\374\234"
 237      31F30DFC 
 237      21DBC244 
 237      C2FC9C
 238 04fb 64887009 		.ascii	"d\210p\011Y{\342\312;=\244\317\015V\220\304\246\273"
 238      597BE2CA 
 238      3B3DA4CF 
 238      0D5690C4 
 238      A6BB
 239 050d F46E41E2 		.ascii	"\364nA\342\235\352\342Je\022e\273\263\353\221U\022\231"
 239      9DEAE24A 
 239      651265BB 
 239      B3EB9155 
 239      1299
 240 051f C1D96EB1 		.ascii	"\301\331n\261\233\3216\222j\311\233G;L\022Fl\231]\357"
 240      9BD13692 
 240      6AC99B47 
 240      3B4C1246 
 240      6C995DEF 
 241 0533 5BDF9292 		.ascii	"[\337\222\222dl\356C\031k\"q\217\317e)A\324\3356\245"
 241      646CEE43 
 241      196B2271 
ARM GAS  /var/folders/9s/8rp0_f2s1n31qbztm3b5_fdh0000gn/T//cc1DClOG.s 			page 18


 241      8FCF6529 
 241      41D4DD36 
 242 0548 2D19F50C 		.ascii	"-\031\365\014\356\023\267|\230\303\205\310b\356mO\370"
 242      EE13B77C 
 242      98C385C8 
 242      62EE6D4F 
 242      F8
 243 0559 AD69C9C5 		.ascii	"\255i\311\3052V\337\376t-5{\370\352\333\335\341lm\004"
 243      3256DFFE 
 243      742D357B 
 243      F8EADBDD 
 243      E16C6D04 
 244 056d A6C5EAB9 		.ascii	"\246\305\352\271\207\243u#7O\203`\021\312]D6\000(\240"
 244      87A37523 
 244      374F8360 
 244      11CA5D44 
 244      360028A0 
 245 0581 E6310F68 		.ascii	"\3461\017h\300\000\277\215y\300\003\026\320\000\007"
 245      C000BF8D 
 245      79C00316 
 245      D00007
 246 0590 E0FFAAB3 		.ascii	"\340\377\252\263\242\247\225\322\330.W#/\262z\034\263"
 246      A2A795D2 
 246      D82E5723 
 246      2FB27A1C 
 246      B3
 247 05a1 DEECA445 		.ascii	"\336\354\244EmV\312\232\233\336\364\346\273\330\305"
 247      6D56CA9A 
 247      9BDEF4E6 
 247      BBD8C5
 248 05b0 AA8A6F2B 		.ascii	"\252\212o+\3637\273\033]\323%9\372\271\017m\3501\304"
 248      F337BB1B 
 248      5DD32539 
 248      FAB90F6D 
 248      E831C4
 249 05c3 5C1EF7A1 		.ascii	"\\\036\367\241Oe\036\245H\\\036\327%/y\201\377\255\373"
 249      4F651EA5 
 249      485C1ED7 
 249      252F7981 
 249      FFADFB
 250 05d6 C65C95D5 		.ascii	"\306\\\225\325\365\316\002\273[\371Q-*\344w\345\243"
 250      F5CE02BB 
 250      5BF9512D 
 250      2AE477E5 
 250      A3
 251 05e7 3AB1FA9B 		.ascii	":\261\372\233\235\354x\3053'`\324\342\231\316t\326\263"
 251      9DEC78C5 
 251      332760D4 
 251      E299CE74 
 251      D6B3
 252 05f9 9B439FFA 		.ascii	"\233C\237\372T\346U\012\301sM\235\353\222\326\025\022"
 252      54E6550A 
 252      C1734D9D 
 252      EB92D615 
 252      12
 253 060a A06B755E 		.ascii	"\240ku^\341\377"
 253      E1FF
ARM GAS  /var/folders/9s/8rp0_f2s1n31qbztm3b5_fdh0000gn/T//cc1DClOG.s 			page 19


 254              		.section	.rodata._ZN6plaits6bank_3E,"a"
 257              	_ZN6plaits6bank_3E:
 258 0000 63AC21B4 		.ascii	"c\254!\264<\026\257\262\204\322\012_\263\362\342\332"
 258      3C16AFB2 
 258      84D20A5F 
 258      B3F2E2DA 
 259 0010 32F4CDCA 		.ascii	"2\364\315\312\222\337(\327'+\315\342[\223W\257\254\320"
 259      92DF28D7 
 259      272BCDE2 
 259      5B9357AF 
 259      ACD0
 260 0022 1B0BEEB2 		.ascii	"\033\013\356\262\262$\256\303(K)\012\257\016\023G\002"
 260      B224AEC3 
 260      284B290A 
 260      AF0E1347 
 260      02
 261 0033 A8A64C00 		.ascii	"\250\246L\000MW\010\240\231\014\001t\355\261\212\"\272"
 261      4D5708A0 
 261      990C0174 
 261      EDB18A22 
 261      BA
 262 0044 D4A9CD2A 		.ascii	"\324\251\315**\357\326\340\275kl\254Z\203\367\256\255"
 262      2AEFD6E0 
 262      BD6B6CAC 
 262      5A83F7AE 
 262      AD
 263 0055 B16A0BDE 		.ascii	"\261j\013\3362\226\242:\302ys\335\363\001\377\002\020"
 263      3296A23A 
 263      C27973DD 
 263      F301FF02 
 263      10
 264 0066 2C349446 		.ascii	",4\224F\257\310\212\275T\204\251\346-\374F\036{H\207"
 264      AFC88ABD 
 264      5484A9E6 
 264      2DFC461E 
 264      7B4887
 265 0079 2A5F5976 		.ascii	"*_Yv\023\351\272z\247;\235Y)\243\253H\327\325\261\016"
 265      13E9BA7A 
 265      A73B9D59 
 265      29A3AB48 
 265      D7D5B10E 
 266 008d 6DF7A1E6 		.ascii	"m\367\241\346*;\266\245\015\251RUV\215\262\222jw\361"
 266      2A3BB6A5 
 266      0DA95255 
 266      568DB292 
 266      6A77F1
 267 00a0 BBDA86B2 		.ascii	"\273\332\206\262:D\375\354\333PH\3278\271\357s\235\303"
 267      3A44FDEC 
 267      DB5048D7 
 267      38B9EF73 
 267      9DC3
 268 00b2 EC7D67B0 		.ascii	"\354}g\260\364\211k\334\340\377\006\330-,\0013\267g"
 268      F4896BDC 
 268      E0FF06D8 
 268      2D2C0133 
 268      B767
 269 00c4 A0B9C58D 		.ascii	"\240\271\305\215\310\262\267\026\026\277&\207\371Z\224"
ARM GAS  /var/folders/9s/8rp0_f2s1n31qbztm3b5_fdh0000gn/T//cc1DClOG.s 			page 20


 269      C8B2B716 
 269      16BF2687 
 269      F95A94
 270 00d3 F3B01F75 		.ascii	"\363\260\037u\031Q\316\315q\324e\3049\216\332q\266\221"
 270      1951CECD 
 270      71D465C4 
 270      398EDA71 
 270      B691
 271 00e5 C730E96E 		.ascii	"\3070\351niK[Q\217\025fI\343\2001\242\346}\315U\266"
 271      694B5B51 
 271      8F156649 
 271      E38031A2 
 271      E67DCD55 
 272 00fa 59D8EAB1 		.ascii	"Y\330\352\261\016\336\312\345\233\307\326e\222Ul.\373"
 272      0EDECAE5 
 272      9BC7D665 
 272      92556C2E 
 272      FB
 273 010b 304992B1 		.ascii	"0I\222\261:\355\303\004r\347\346pt\353\250\223\253\341"
 273      3AEDC304 
 273      72E7E670 
 273      74EBA893 
 273      ABE1
 274 011d FF0A2830 		.ascii	"\377\012(0l\215\303\247\252p\327Uv]\"\356[W\326\371"
 274      6C8DC3A7 
 274      AA70D755 
 274      765D22EE 
 274      5B57D6F9 
 275 0131 B8A66D59 		.ascii	"\270\246mYY\026\233\241\336{\025\231m\245X\336Ud\021"
 275      59169BA1 
 275      DE7B1599 
 275      6DA558DE 
 275      556411
 276 0144 5DC2694A 		.ascii	"]\302iJ;%[\2052!@\226&\016XJ3\000K\265\255\252\232\360"
 276      3B255B85 
 276      32214096 
 276      260E584A 
 276      33004BB5 
 277 015c 30DFB2BB 		.ascii	"0\337\262\273\3217U\351!]{?\226\252\306<\245s_\341\377"
 277      D13755E9 
 277      215D7B3F 
 277      96AAC63C 
 277      A5735FE1 
 278 0171 2B6EB1D9 		.ascii	"+n\261\331\3236\337\362\0267'\251\010\345.\"\033 \000"
 278      D336DFF2 
 278      163727A9 
 278      08E52E22 
 278      1B2000
 279 0184 25AC2A20 		.ascii	"%\254* \317\323\222ESj\251\236O\231TG\271\344\337\355"
 279      CFD39245 
 279      536AA99E 
 279      4F995447 
 279      B9E4DFED 
 280 0198 6C479B45 		.ascii	"lG\233Ee\273x\237\303\034\322\350Cg\260\345\315sX\235"
 280      65BB789F 
 280      C31CD2E8 
 280      4367B0E5 
ARM GAS  /var/folders/9s/8rp0_f2s1n31qbztm3b5_fdh0000gn/T//cc1DClOG.s 			page 21


 280      CD73589D 
 281 01ac AD2C1537 		.ascii	"\255,\0257q\205\377\004\030\266\202\000\323W\010`\272"
 281      7185FF04 
 281      18B68200 
 281      D3570860 
 281      BA
 282 01bd F491C758 		.ascii	"\364\221\307X\025\312\213G\236\374d\032\257\031EJ\235"
 282      15CA8B47 
 282      9EFC641A 
 282      AF19454A 
 282      9D
 283 01ce A1FA6414 		.ascii	"\241\372d\024\251e\206\344\342Q\245\356\231\222\253"
 283      A96586E4 
 283      E251A5EE 
 283      9992AB
 284 01dd 04E0A293 		.ascii	"\004\340\242\223\004\010\220\2353\003\236qe\300O)\012"
 284      0408909D 
 284      33039E71 
 284      65C04F29 
 284      0A
 285 01ee F8ADD402 		.ascii	"\370\255\324\002\010\236\242T\205j\200\000\206!W\300"
 285      089EA254 
 285      856A8000 
 285      862157C0 
 286 01fe 48530118 		.ascii	"HS\001\0306\274\025\251K\252K\233\326\307\356\021Ak"
 286      36BC15A9 
 286      4BAA4B9B 
 286      D6C7EE11 
 286      416B
 287 0210 DB9AEC94 		.ascii	"\333\232\354\2246\355m[v\223\236\374\245]\331MX\352"
 287      36ED6D5B 
 287      76939EFC 
 287      A55DD94D 
 287      58EA
 288 0222 9A7EB537 		.ascii	"\232~\2657\305vO\177\024\376\330\315+z\262\372\233\362"
 288      C5764F7F 
 288      14FED8CD 
 288      2B7AB2FA 
 288      9BF2
 289 0234 88F0AE08 		.ascii	"\210\360\256\010\026\241\334Ed\003\200\000\216\3400"
 289      16A1DC45 
 289      64038000 
 289      8EE030
 290 0243 C0B253F0 		.ascii	"\300\262S\360\012\210\241qe\205vE\212\377\233\336x\305"
 290      0A88A171 
 290      65857645 
 290      8AFF9BDE 
 290      78C5
 291 0255 995CB772 		.ascii	"\231\\\267r\336\035\357|\327\263ocT5c\344\246\256y3"
 291      DE1DEF7C 
 291      D7B36F63 
 291      543563E4 
 291      A6AE7933 
 292 0269 47943963 		.ascii	"G\2249c\344\206\037\004\2304\335\002\016\2302]\003\022"
 292      E4861F04 
 292      9834DD02 
 292      0E98325D 
ARM GAS  /var/folders/9s/8rp0_f2s1n31qbztm3b5_fdh0000gn/T//cc1DClOG.s 			page 22


 292      0312
 293 027b E000FC08 		.ascii	"\340\000\374\010\310J\014\001\305t\021\240\312\352\321"
 293      C84A0C01 
 293      C57411A0 
 293      CAEAD1
 294 028a 355ADD46 		.ascii	"5Z\335F\336V]Iv\007y\333\325\250\012\356na\377\275\252"
 294      DE565D49 
 294      760779DB 
 294      D5A80AEE 
 294      6E61FFBD 
 295 029f 2D824470 		.ascii	"-\202Dp\027\021\331\000\002\350T-\000\325\204\005`*"
 295      1711D900 
 295      02E8542D 
 295      00D58405 
 295      602A
 296 02b1 B3933767 		.ascii	"\263\2237gf\234kN^\275\233j\3359y\361\256n\275\370T"
 296      669C6B4E 
 296      5EBD9B6A 
 296      DD3979F1 
 296      AE6EBDF8 
 297 02c6 C5A785E5 		.ascii	"\305\247\205\345\342S\027\325\236.\237\317X\344\246"
 297      E25317D5 
 297      9E2E9FCF 
 297      58E4A6
 298 02d5 07BF595B 		.ascii	"\007\277Y[\3053\031\330\245\234\211\316\224a\233ty\335"
 298      C53319D8 
 298      A59C89CE 
 298      94619B74 
 298      79DD
 299 02e7 13C44BFC 		.ascii	"\023\304K\374\345.\247\256\012\245\015\374\243\230\326"
 299      E52EA7AE 
 299      0AA50DFC 
 299      A398D6
 300 02f6 9932178F 		.ascii	"\2312\027\217|\206\026t_\263\362\341J\304\364\316NG"
 300      7C861674 
 300      5FB3F2E1 
 300      4AC4F4CE 
 300      4E47
 301 0308 DC1D5A46 		.ascii	"\334\035ZF:\231q\213\253\202\254\010'>]\345\014%B\274"
 301      3A99718B 
 301      AB82AC08 
 301      273E5DE5 
 301      0C2542BC 
 302 031c 7B55D317 		.ascii	"{U\323\027a\370\226]\355z\364\315\212D\306\3431U\033"
 302      61F8965D 
 302      ED7AF4CD 
 302      8A44C6E3 
 302      31551B
 303 032f 6269AFC7 		.ascii	"bi\257\307\222\234{f,n[\366i\021\366\252\034)\244\207"
 303      929C7B66 
 303      2C6E5BF6 
 303      6911F6AA 
 303      1C29A487 
 304 0343 DBE774E6 		.ascii	"\333\347t\346\024\036\032\253\335\225bzh\254\202\377"
 304      141E1AAB 
 304      DD95627A 
 304      68AC82FF 
ARM GAS  /var/folders/9s/8rp0_f2s1n31qbztm3b5_fdh0000gn/T//cc1DClOG.s 			page 23


 305 0353 615D9649 		.ascii	"a]\226I4\322\006`\307\220\014\214f\366\025\"M7\252j"
 305      34D20660 
 305      C7900C8C 
 305      66F61522 
 305      4D37AA6A 
 306 0367 C82C6DCD 		.ascii	"\310,m\315(\262\025\213\3445\263hyQ\346\332\234\276"
 306      28B2158B 
 306      E435B368 
 306      7951E6DA 
 306      9CBE
 307 0379 154389F0 		.ascii	"\025C\211\360\242\333\225w\247\246fIw\261\232\236\012"
 307      A2DB9577 
 307      A7A66649 
 307      77B19A9E 
 307      0A
 308 038a D575EBEE 		.ascii	"\325u\353\356\366\260\306\346\203\322\343\353^\327\332"
 308      F6B0C6E6 
 308      83D2E3EB 
 308      5ED7DA
 309 0399 5C48876D 		.ascii	"\\H\207m\236{\337\363\211@\021\312]D6\0008`\352\214"
 309      9E7BDFF3 
 309      894011CA 
 309      5D443600 
 309      3860EA8C 
 310 03ad 002CB36D 		.ascii	"\000,\263m\001\001\024_\216\001\370\006\350\022\331"
 310      0101145F 
 310      8E01F806 
 310      E812D9
 311 03bc 021268EE 		.ascii	"\002\022h\356\214\206\324\365vz\323\035\356tJT\036o"
 311      8C86D4F5 
 311      767AD31D 
 311      EE744A54 
 311      1E6F
 312 03ce FA2B5CDC 		.ascii	"\372+\\\334B\223\262\355f\265\225{\216S\337=\254\241"
 312      4293B2ED 
 312      66B5957B 
 312      8E53DF3D 
 312      ACA1
 313 03e0 B0CC2AEE 		.ascii	"\260\314*\356\273\247\266$S\331J}\373R6\037+\033uM\334"
 313      BBA7B624 
 313      53D94A7D 
 313      FB52361F 
 313      2B1B754D 
 314 03f5 E21E8EA0 		.ascii	"\342\036\216\240\2462\310\257\273\222\030\257 }\360"
 314      A632C8AF 
 314      BB9218AF 
 314      207DF0
 315 0404 A15F90BA 		.ascii	"\241_\220\272\300\327\246~\000\031\205j\332\312\315"
 315      C0D7A67E 
 315      0019856A 
 315      DACACD
 316 0413 24D9CCCB 		.ascii	"$\331\314\313JGvf\3657;\236\341\210zP\324\216\331=\255"
 316      4A477666 
 316      F5373B9E 
 316      E1887A50 
 316      D48ED93D 
 317 0428 452BB362 		.ascii	"E+\263b\356\364\270\265\254\365\250\033\257\314\242"
ARM GAS  /var/folders/9s/8rp0_f2s1n31qbztm3b5_fdh0000gn/T//cc1DClOG.s 			page 24


 317      EEF4B8B5 
 317      ACF5A81B 
 317      AFCCA2
 318 0437 CEBBDDCB 		.ascii	"\316\273\335\313\330\262\332\310\320U\375\254W\275\340"
 318      D8B2DAC8 
 318      D055FDAC 
 318      57BDE0
 319 0446 FF66313C 		.ascii	"\377f1<|R\343\304i\365\205W\206Q\252\323Vu\241i\235"
 319      7C52E3C4 
 319      69F58557 
 319      8651AAD3 
 319      5675A169 
 320 045b 6F7DCA6A 		.ascii	"o}\312jW#m\365\315W\321KPx,\332uiFw\264\316\333\261"
 320      57236DF5 
 320      CD57D14B 
 320      50782CDA 
 320      75694677 
 321 0473 45AD08E5 		.ascii	"E\255\010\345.\"\033\000\030\320<\221\003Z\011\261\200"
 321      2E221B00 
 321      18D03C91 
 321      035A09B1 
 321      80
 322 0484 00B21386 		.ascii	"\000\262\023\206\377f,\002bK\343\216\241\353\020wn\263"
 322      FF662C02 
 322      624BE38E 
 322      A1EB1077 
 322      6EB3
 323 0496 B22A2A39 		.ascii	"\262**9t\313J\013\313\262\344\256+M\274\333\234\372"
 323      74CB4A0B 
 323      CBB2E4AE 
 323      2B4DBCDB 
 323      9CFA
 324 04a8 B62C8A29 		.ascii	"\266,\212)3\356\223\362\240\246\304\271U\250\222\250"
 324      33EE93F2 
 324      A0A6C4B9 
 324      55A892A8 
 325 04b8 54A7C4AE 		.ascii	"T\247\304\256\0352\314T-\267\261\251rSQ\274\262\342"
 325      1D32CC54 
 325      2DB7B1A9 
 325      725351BC 
 325      B2E2
 326 04ca 532CB4F5 		.ascii	"S,\264\365J\213+\265\322\325+-\246\324\332Z\2574\373"
 326      4A8B2BB5 
 326      D2D52B2D 
 326      A6D4DA5A 
 326      AF34FB
 327 04dd 322B4BD3 		.ascii	"2+K\323\322\024\334\332\310N\311R$kS\271\252\365Q\265"
 327      D214DCDA 
 327      C84EC952 
 327      246B53B9 
 327      AAF551B5 
 328 04f1 42E931C0 		.ascii	"B\3511\300\233\260\324\247\246\324\205o\312X\302\012"
 328      9BB0D4A7 
 328      A6D4856F 
 328      CA58C20A 
 329 0501 2EE66B6B 		.ascii	".\346kk\211\303\264\330/m%\015\323R\337t\024\337DG\373"
 329      89C3B4D8 
ARM GAS  /var/folders/9s/8rp0_f2s1n31qbztm3b5_fdh0000gn/T//cc1DClOG.s 			page 25


 329      2F6D250D 
 329      D352DF74 
 329      14DF4447 
 330 0516 D25172A2 		.ascii	"\322Qr\242\036u\011G\211\215|\264\007\376\253\315\342"
 330      1E750947 
 330      898D7CB4 
 330      07FEABCD 
 330      E2
 331 0527 B2423ADF 		.ascii	"\262B:\337\342\246'I\256}\304\027\2678E\257\244\266"
 331      E2A62749 
 331      AE7DC417 
 331      B73845AF 
 331      A4B6
 332 0539 6D8003D8 		.ascii	"m\200\003\330\014\360\247\233\007<\340\200\353\265\021"
 332      0CF0A79B 
 332      073CE080 
 332      EBB511
 333 0548 3845A90A 		.ascii	"8E\251\012\325\000\0024ue\346\246\256\2424n\252\213"
 333      D5000234 
 333      7565E6A6 
 333      AEA2346E 
 333      AA8B
 334 055a 9B2413A5 		.ascii	"\233$\023\245\255\312\251\310\206\363\316zvm\314\315"
 334      ADCAA9C8 
 334      86F3CE7A 
 334      766DCCCD 
 335 056a B05A7ACF 		.ascii	"\260Zz\317\271.uKG\211\203:\2517\337\341)\255H\207\263"
 335      B92E754B 
 335      4789833A 
 335      A937DFE1 
 335      29AD4887 
 336 057f C0FF0A28 		.ascii	"\300\377\012(V\271\345EU\204I\314\223g\327\031&KN\221"
 336      56B9E545 
 336      558449CC 
 336      9367D719 
 336      264B4E91 
 337 0593 DD44BAAE 		.ascii	"\335D\272\256\276\305,\020$B\271\213\310\006`\200\361"
 337      BEC52C10 
 337      2442B98B 
 337      C8066080 
 337      F1
 338 05a4 E9ABC9A6 		.ascii	"\351\253\311\246#\3246\337\351\314Ut\206k\237qf\275"
 338      23D436DF 
 338      E9CC5574 
 338      866B9F71 
 338      66BD
 339 05b6 E1E6BBDB 		.ascii	"\341\346\273\333\237SE\210\317\256?\374\014\210~\214"
 339      9F534588 
 339      CFAE3FFC 
 339      0C887E8C 
 340 05c6 02A50C31 		.ascii	"\002\245\0141\335\\\262\254:[\317L\356\273\273\336\245"
 340      DD5CB2AC 
 340      3A5BCF4C 
 340      EEBBBBDE 
 340      A5
 341 05d7 CDA8B475 		.ascii	"\315\250\264uM\034\267\321\325(\356\346[vs\352\032\304"
 341      4D1CB7D1 
ARM GAS  /var/folders/9s/8rp0_f2s1n31qbztm3b5_fdh0000gn/T//cc1DClOG.s 			page 26


 341      D528EEE6 
 341      5B7673EA 
 341      1AC4
 342 05e9 33F3F1AD 		.ascii	"3\363\361\255w7\247\266\266\354\022\221\233\362\216"
 342      7737A7B6 
 342      B6EC1291 
 342      9BF28E
 343 05f8 4011CA5D 		.ascii	"@\021\312]D6\200\000z/S@-$\024\200\377\"\32798\312\354"
 343      44368000 
 343      7A2F5340 
 343      2D241480 
 343      FF22D739 
 344 060f DBBEB4A1 		.ascii	"\333\276\264\241\230Z\271\362SFo\351i\312N\326\211W"
 344      985AB9F2 
 344      53466FE9 
 344      69CA4ED6 
 344      8957
 345 0621 0E693F71 		.ascii	"\016i?qa\331\225\230e\207%l\206dL\254\365\370\244\315"
 345      61D99598 
 345      6587256C 
 345      86644CAC 
 345      F5F8A4CD 
 346 0635 867AD0E6 		.ascii	"\206z\320\346UO\327\002\245{v\275\333\335\257\241\252"
 346      554FD702 
 346      A57B76BD 
 346      DBDDAFA1 
 346      AA
 347 0646 541DDBB2 		.ascii	"T\035\333\262\246\354\303\323ds\231b\310,\325\337i\011"
 347      A6ECC3D3 
 347      64739962 
 347      C82CD5DF 
 347      6909
 348 0658 A133D8F2 		.ascii	"\2413\330\362\346%\256n\017\266\262T\334\370\035\376"
 348      E625AE6E 
 348      0FB6B254 
 348      DCF81DFE 
 349 0668 0CF8AD54 		.ascii	"\014\370\255T\003\006\370-\325\001\277\2249\340\347"
 349      0306F82D 
 349      D501BF94 
 349      39E0E7
 350 0677 320BB4B0 		.ascii	"2\013\264\260;%u_\275\342\021\0159c\365HF4\340\352M"
 350      3B25755F 
 350      BDE2110D 
 350      3963F548 
 350      4634E0EA 
 351 068c 231D4991 		.ascii	"#\035I\221\273V\215lxE\331|\262\362\341\234x\342\361"
 351      BB568D6C 
 351      7845D97C 
 351      B2F2E19C 
 351      78E2F1
 352 069f C9870992 		.ascii	"\311\207\011\222\261\327'k.\331\307^\237\254\204\344"
 352      B1D7276B 
 352      2ED9C75E 
 352      9FAC84E4 
 353 06af 1C79BDD2 		.ascii	"\034y\275\322\324\304\262y\315\310R\227\360\246<\243"
 353      D4C4B279 
 353      CDC85297 
ARM GAS  /var/folders/9s/8rp0_f2s1n31qbztm3b5_fdh0000gn/T//cc1DClOG.s 			page 27


 353      F0A63CA3 
 354 06bf 4C53C39A 		.ascii	"LS\303\232\362\214&U\013\035\352\263\246\024=-5\317"
 354      F28C2655 
 354      0B1DEAB3 
 354      A6143D2D 
 354      35CF
 355 06d1 99B21BF3 		.ascii	"\231\262\033\363\320>k)z\334S6\2175\305\326p\177\325"
 355      D03E6B29 
 355      7ADC5336 
 355      8F35C5D6 
 355      707FD5
 356 06e4 F614DBC2 		.ascii	"\366\024\333\302|U9sL/\361\227\351\312j\265\302v\226"
 356      7C553973 
 356      4C2FF197 
 356      E9CA6AB5 
 356      C27696
 357 06f7 2B87D2D2 		.ascii	"+\207\322\322X\011\377\016\330\\\315\003\313+\331\324"
 357      5809FF0E 
 357      D85CCD03 
 357      CB2BD9D4 
 358 0707 232BADA8 		.ascii	"#+\255\250&W\217X\262\342V\\-c\366\212[6\365\314Y+n"
 358      26578F58 
 358      B2E2565C 
 358      2D63F68A 
 358      5B36F5CC 
 359 071e 91B5DB42 		.ascii	"\221\265\333B\267\244Z\3524W]\262bh\\U\265+\242\242"
 359      B7A45AEA 
 359      34575DB2 
 359      62685C55 
 359      B52BA2A2 
 360 0732 0913A7A5 		.ascii	"\011\023\247\245\255*\230SV\217\276\2620\031\335\263"
 360      AD2A9853 
 360      568FBEB2 
 360      3019DDB3 
 361 0742 FA22CBA4 		.ascii	"\372\"\313\244\264\353\350\262\352\220\222.m\012\276"
 361      B4EBE8B2 
 361      EA90922E 
 361      6D0ABE
 362 0751 C3523AA7 		.ascii	"\303R:\2475\304\012K\331[\366P2<\244s\270C\0137\223"
 362      35C40A4B 
 362      D95BF650 
 362      323CA473 
 362      B8430B37 
 363 0766 D5E6F635 		.ascii	"\325\346\3665\335\225\177\253\333\207\3624\336\007\377"
 363      DD957FAB 
 363      DB87F234 
 363      DE07FF
 364 0775 A13F5698 		.ascii	"\241?V\230\324\266\346\256\325\307\250\001\305\332S"
 364      D4B6E6AE 
 364      D5C7A801 
 364      C5DA53
 365 0784 2D970612 		.ascii	"-\227\006\022\331O\334m0\246e\337a\363\213\021\317\340"
 365      D94FDC6D 
 365      30A665DF 
 365      61F38B11 
 365      CFE0
 366 0796 AEC9CF4E 		.ascii	"\256\311\317N]8\352u\377\004EG\204\312\346\035\367\214"
ARM GAS  /var/folders/9s/8rp0_f2s1n31qbztm3b5_fdh0000gn/T//cc1DClOG.s 			page 28


 366      5D38EA75 
 366      FF044547 
 366      84CAE61D 
 366      F78C
 367 07a8 01CD976A 		.ascii	"\001\315\227j@\003\032(E\320\333a\354}\027\273>M\026"
 367      40031A28 
 367      45D0DB61 
 367      EC7D17BB 
 367      3E4D16
 368 07bb DB9AEAF5 		.ascii	"\333\232\352\365v\253/jCF\274\315\271m\331\265\332p"
 368      76AB2F6A 
 368      4346BCCD 
 368      B96DD9B5 
 368      DA70
 369 07cd DFB2E6   		.ascii	"\337\262\346"
 370 07d0 94EACD9D 		.ascii	"\224\352\315\235\335\232\274s\251(5[\022A\341\226\324"
 370      DD9ABC73 
 370      A928355B 
 370      1241E196 
 370      D4
 371 07e1 6D4D24A7 		.ascii	"mM$\247\212\224\270\373=\034\315vxP\352x\300\377\256"
 371      8A94B8FB 
 371      3D1CCD76 
 371      7850EA78 
 371      C0FFAE
 372 07f4 6F5255CD 		.ascii	"oRU\315\335\250\271rU\225p\343\346\351\335\324\204N"
 372      DDA8B972 
 372      559570E3 
 372      E6E9DDD4 
 372      844E
 373 0806 99A74B0B 		.ascii	"\231\247K\013e\245+l.MB\266\254\250\333\022I]\275\342"
 373      65A52B6C 
 373      2E4D42B6 
 373      ACA8DB12 
 373      495DBDE2 
 374 081a 1E022D6C 		.ascii	"\036\002-l50\240rF\004NQ\252B5\000@\0013I:`Z\361\322"
 374      3530A072 
 374      46044E51 
 374      AA423500 
 374      40013349 
 375 0833 956C2C2D 		.ascii	"\225l,-]Z\237c!\237\346/s)M\274\224\257-\2454\361r\266"
 375      5D5A9F63 
 375      219FE62F 
 375      73294DBC 
 375      94AF2DA5 
 376 084b B494BA82 		.ascii	"\264\224\272\202\303\376\313ZF\2234\345+[\351\205Z\342"
 376      C3FECB5A 
 376      469334E5 
 376      2B5BE985 
 376      5AE2
 377 085d C7EDE50A 		.ascii	"\307\355\345\012\247K'\370\004\210\256\214\003\022\010"
 377      A74B27F8 
 377      0488AE8C 
 377      031208
 378 086c 5E7465E9 		.ascii	"^te\351\354h\004YFxA\327\3437mb\303[\257\337\302\352"
 378      EC680459 
 378      467841D7 
ARM GAS  /var/folders/9s/8rp0_f2s1n31qbztm3b5_fdh0000gn/T//cc1DClOG.s 			page 29


 378      E3376D62 
 378      C35BAFDF 
 379 0882 54D2E389 		.ascii	"T\322\343\211\001~+\367\200\007\024\320\345\0258`\214"
 379      017E2BF7 
 379      800714D0 
 379      E5153860 
 379      8C
 380 0893 70030429 		.ascii	"p\003\004)6\252^\0244r\366\250\246o\202\364-\263\353"
 380      36AA5E14 
 380      3472F6A8 
 380      A66F82F4 
 380      2DB3EB
 381 08a6 4B5A676A 		.ascii	"KZgj\300\360/qO\307\250\212\034\271\330\337\356\036"
 381      C0F02F71 
 381      4FC7A88A 
 381      1CB9D8DF 
 381      EE1E
 382 08b8 BB59D0D6 		.ascii	"\273Y\320\326\302\377+\256\336\264bf\237\260us\323n"
 382      C2FF2BAE 
 382      DEB46266 
 382      9FB07573 
 382      D36E
 383 08ca 72FC5654 		.ascii	"r\374VT\313\272\266\001\222\307&@KC\014\310)\305\001"
 383      CBBAB601 
 383      92C72640 
 383      4B430CC8 
 383      29C501
 384 08dd CFB81AE0 		.ascii	"\317\270\032\340\247\024\007\374V\352\001\005\230`Z"
 384      A71407FC 
 384      56EA0105 
 384      98605A
 385 08ec 92D429B5 		.ascii	"\222\324)\265\270\353\310R\027\263\226n#/)T[\366\215"
 385      B8EBC852 
 385      17B3966E 
 385      232F2954 
 385      5BF68D
 386 08ff AEA9325E 		.ascii	"\256\2512^\3337\372\241\333\261t\313h\273I\221\366\315"
 386      DB37FAA1 
 386      DBB174CB 
 386      68BB4991 
 386      F6CD
 387 0911 631E3A85 		.ascii	"c\036:\205:V\267y\230b\352\370\334\366\236\203\324\343"
 387      3A56B779 
 387      9862EAF8 
 387      DCF69E83 
 387      D4E3
 388 0923 49387A71 		.ascii	"I8zqT\257\331\341\350SU\270\347\302\377n\350BX\266k"
 388      54AFD9E1 
 388      E85355B8 
 388      E7C2FF6E 
 388      E84258B6 
 389 0938 A7616825 		.ascii	"\247ah%\314Y\264\206\021\202\310j\361*G.\022\2157'\357"
 389      CC59B486 
 389      1182C86A 
 389      F12A472E 
 389      128D3727 
 390 094d C9C9A36E 		.ascii	"\311\311\243n\237l\324\"s\177\264\222Q\013-b\342HFC"
ARM GAS  /var/folders/9s/8rp0_f2s1n31qbztm3b5_fdh0000gn/T//cc1DClOG.s 			page 30


 390      9F6CD422 
 390      737FB492 
 390      510B2D62 
 390      E2484643 
 391 0961 D72E292E 		.ascii	"\327.).K\222\252(\\\213\246j\353$\225\343\200\035\223"
 391      4B92AA28 
 391      5C8BA66A 
 391      EB2495E3 
 391      801D93
 392 0974 3590F259 		.ascii	"5\220\362Y\003E\263u)G'\226\230\305e\030\315\210\274"
 392      0345B375 
 392      29472796 
 392      98C56518 
 392      CD88BC
 393 0987 16D721AD 		.ascii	"\026\327!\255c\020In\355\270\371\035\376m\370\336\304"
 393      6310496E 
 393      EDB8F91D 
 393      FE6DF8DE 
 393      C4
 394 0998 C4E82960 		.ascii	"\304\350)`\000.\017\234x)q*Nw\303\025t*\256\303\316"
 394      002E0F9C 
 394      7829712A 
 394      4E77C315 
 394      742AAEC3 
 395 09ad 7630C2A5 		.ascii	"v0\302\245Dx\321mOF9\270\273\007\366[m\221n\251\362"
 395      4478D16D 
 395      4F4639B8 
 395      BB07F65B 
 395      6D916EA9 
 396 09c2 65F4C998 		.ascii	"e\364\311\230\227i\237:\347-l\301\232\217\312\336p\004"
 396      97699F3A 
 396      E72D6CC1 
 396      9A8FCADE 
 396      7004
 397 09d4 9DEEC979 		.ascii	"\235\356\311y\342\341\037\370"
 397      E2E11FF8 
 398              		.text
 399              	.Letext0:
 400              		.file 1 "/Library/DaisyToolchain/0.2.0/arm/arm-none-eabi/include/machine/_default_types.h"
 401              		.file 2 "/Library/DaisyToolchain/0.2.0/arm/arm-none-eabi/include/sys/_stdint.h"
 402              		.file 3 "/Library/DaisyToolchain/0.2.0/arm/lib/gcc/arm-none-eabi/10.3.1/include/stddef.h"
 403              		.file 4 "/Library/DaisyToolchain/0.2.0/arm/arm-none-eabi/include/c++/10.3.1/cmath"
 404              		.file 5 "/Library/DaisyToolchain/0.2.0/arm/arm-none-eabi/include/c++/10.3.1/bits/std_abs.h"
 405              		.file 6 "/Library/DaisyToolchain/0.2.0/arm/arm-none-eabi/include/c++/10.3.1/arm-none-eabi/thumb/v7
 406              		.file 7 "/Library/DaisyToolchain/0.2.0/arm/arm-none-eabi/include/math.h"
 407              		.file 8 "/Library/DaisyToolchain/0.2.0/arm/arm-none-eabi/include/c++/10.3.1/math.h"
 408              		.file 9 "eurorack/stmlib/stmlib.h"
 409              		.file 10 "eurorack/plaits/dsp/dsp.h"
 410              		.file 11 "eurorack/plaits/dsp/speech/lpc_speech_synth.h"
 411              		.file 12 "eurorack/plaits/dsp/speech/lpc_speech_synth_controller.h"
 412              		.file 13 "eurorack/plaits/dsp/speech/lpc_speech_synth_words.h"
 413              		.file 14 "eurorack/plaits/dsp/speech/lpc_speech_synth_words.cc"
 414              		.file 15 "<built-in>"
ARM GAS  /var/folders/9s/8rp0_f2s1n31qbztm3b5_fdh0000gn/T//cc1DClOG.s 			page 31


DEFINED SYMBOLS
                            *ABS*:0000000000000000 lpc_speech_synth_words.cc
/var/folders/9s/8rp0_f2s1n31qbztm3b5_fdh0000gn/T//cc1DClOG.s:27     .data._ZN6plaits11word_banks_E:0000000000000000 _ZN6plaits11word_banks_E
/var/folders/9s/8rp0_f2s1n31qbztm3b5_fdh0000gn/T//cc1DClOG.s:257    .rodata._ZN6plaits6bank_3E:0000000000000000 _ZN6plaits6bank_3E
/var/folders/9s/8rp0_f2s1n31qbztm3b5_fdh0000gn/T//cc1DClOG.s:165    .rodata._ZN6plaits6bank_2E:0000000000000000 _ZN6plaits6bank_2E
/var/folders/9s/8rp0_f2s1n31qbztm3b5_fdh0000gn/T//cc1DClOG.s:111    .rodata._ZN6plaits6bank_1E:0000000000000000 _ZN6plaits6bank_1E
/var/folders/9s/8rp0_f2s1n31qbztm3b5_fdh0000gn/T//cc1DClOG.s:39     .rodata._ZN6plaits6bank_0E:0000000000000000 _ZN6plaits6bank_0E
/var/folders/9s/8rp0_f2s1n31qbztm3b5_fdh0000gn/T//cc1DClOG.s:24     .data._ZN6plaits11word_banks_E:0000000000000000 $d

NO UNDEFINED SYMBOLS
