ARM GAS  /var/folders/9s/8rp0_f2s1n31qbztm3b5_fdh0000gn/T//ccnok6VO.s 			page 1


   1              		.cpu cortex-m7
   2              		.arch armv7e-m
   3              		.fpu fpv5-d16
   4              		.eabi_attribute 28, 1
   5              		.eabi_attribute 20, 1
   6              		.eabi_attribute 21, 1
   7              		.eabi_attribute 23, 3
   8              		.eabi_attribute 24, 1
   9              		.eabi_attribute 25, 1
  10              		.eabi_attribute 26, 1
  11              		.eabi_attribute 30, 4
  12              		.eabi_attribute 34, 1
  13              		.eabi_attribute 18, 4
  14              		.file	"Thaumazein.cpp"
  15              		.text
  16              	.Ltext0:
  17              		.cfi_sections	.debug_frame
  18              		.section	.rodata._Z13UpdateDisplayv.part.0.str1.1,"aMS",%progbits,1
  19              	.LC2:
  20 0000 506F6C79 		.ascii	"Poly-4\000"
  20      2D3400
  21              	.LC3:
  22 0007 4D6F6E6F 		.ascii	"Mono\000"
  22      00
  23              	.LC4:
  24 000c 4350553A 		.ascii	"CPU: %d\012\000"
  24      2025640A 
  24      00
  25              	.LC5:
  26 0015 456E6769 		.ascii	"Engine: %d (%s)\012\000"
  26      6E653A20 
  26      25642028 
  26      2573290A 
  26      00
  27              	.LC6:
  28 0026 41444320 		.ascii	"ADC Values (8-11):\012\000"
  28      56616C75 
  28      65732028 
  28      382D3131 
  28      293A0A00 
  29              	.LC7:
  30 003a 5B25645D 		.ascii	"[%d]: %d\012\000"
  30      3A202564 
  30      0A00
  31              	.LC8:
  32 0044 2D2D2D2D 		.ascii	"--------\000"
  32      2D2D2D2D 
  32      00
  33              	.LC9:
  34 004d 257300   		.ascii	"%s\000"
  35              		.section	.text._Z13UpdateDisplayv.part.0,"ax",%progbits
  36              		.align	1
  37              		.syntax unified
  38              		.thumb
  39              		.thumb_func
  41              	_Z13UpdateDisplayv.part.0:
  42              	.LFB6067:
ARM GAS  /var/folders/9s/8rp0_f2s1n31qbztm3b5_fdh0000gn/T//ccnok6VO.s 			page 2


  43              		.file 1 "Thaumazein.cpp"
   1:Thaumazein.cpp **** #include "Thaumazein.h"
   2:Thaumazein.cpp **** 
   3:Thaumazein.cpp **** // Define shared volatile variables
   4:Thaumazein.cpp **** volatile uint16_t current_touch_state = 0;
   5:Thaumazein.cpp **** volatile float touch_cv_value = 0.0f;
   6:Thaumazein.cpp **** 
   7:Thaumazein.cpp **** void UpdateDisplay() {
  44              		.loc 1 7 6 view -0
  45              		.cfi_startproc
  46              		@ args = 0, pretend = 0, frame = 512
  47              		@ frame_needed = 0, uses_anonymous_args = 0
  48              	.LBB37:
   8:Thaumazein.cpp ****     if (update_display) {
   9:Thaumazein.cpp ****         // Build stats message in a smaller buffer
  10:Thaumazein.cpp ****         char msg[512];
  49              		.loc 1 10 9 view .LVU1
  11:Thaumazein.cpp ****         int pos = 0;
  50              		.loc 1 11 9 view .LVU2
  51              	.LVL0:
  12:Thaumazein.cpp **** 
  13:Thaumazein.cpp ****         // CPU Load
  14:Thaumazein.cpp ****         float avg_cpu_load = cpu_meter.GetAvgCpuLoad();
  52              		.loc 1 14 9 view .LVU3
  53              	.LBB38:
  54              	.LBI38:
  55              		.file 2 "lib/libdaisy/src/util/CpuLoadMeter.h"
   1:lib/libdaisy/src/util/CpuLoadMeter.h **** #pragma once
   2:lib/libdaisy/src/util/CpuLoadMeter.h **** 
   3:lib/libdaisy/src/util/CpuLoadMeter.h **** #include "sys/system.h"
   4:lib/libdaisy/src/util/CpuLoadMeter.h **** #include <cmath>
   5:lib/libdaisy/src/util/CpuLoadMeter.h **** 
   6:lib/libdaisy/src/util/CpuLoadMeter.h **** namespace daisy
   7:lib/libdaisy/src/util/CpuLoadMeter.h **** {
   8:lib/libdaisy/src/util/CpuLoadMeter.h **** /** @brief CPU load metering
   9:lib/libdaisy/src/util/CpuLoadMeter.h ****  *  @author jelliesen
  10:lib/libdaisy/src/util/CpuLoadMeter.h ****  *  @addtogroup utility
  11:lib/libdaisy/src/util/CpuLoadMeter.h ****  * 
  12:lib/libdaisy/src/util/CpuLoadMeter.h ****  *  To measure the CPU load of your audio processing, create a CpuLoadMeter
  13:lib/libdaisy/src/util/CpuLoadMeter.h ****  *  and initialize it with your block size and sample rate.
  14:lib/libdaisy/src/util/CpuLoadMeter.h ****  *  Then at the beginning of the audio callback, call `OnBlockStart()`, 
  15:lib/libdaisy/src/util/CpuLoadMeter.h ****  *  and at the end of the audio callback, call `OnBlockEnd()`.
  16:lib/libdaisy/src/util/CpuLoadMeter.h ****  *  You can then read out the minimum, maximum and average CPU load.
  17:lib/libdaisy/src/util/CpuLoadMeter.h ****  */
  18:lib/libdaisy/src/util/CpuLoadMeter.h **** class CpuLoadMeter
  19:lib/libdaisy/src/util/CpuLoadMeter.h **** {
  20:lib/libdaisy/src/util/CpuLoadMeter.h ****   public:
  21:lib/libdaisy/src/util/CpuLoadMeter.h ****     CpuLoadMeter(){};
  22:lib/libdaisy/src/util/CpuLoadMeter.h **** 
  23:lib/libdaisy/src/util/CpuLoadMeter.h ****     /** Initializes the CpuLoadMeter for a particular sample rate and block size.
  24:lib/libdaisy/src/util/CpuLoadMeter.h ****      *  @param sampleRateInHz           The sample rate in Hz
  25:lib/libdaisy/src/util/CpuLoadMeter.h ****      *  @param blockSizeInSamples       The block size in samples
  26:lib/libdaisy/src/util/CpuLoadMeter.h ****      *  @param smoothingFilterCutoffHz  The cutoff frequency of the smoothing filter that's used to
  27:lib/libdaisy/src/util/CpuLoadMeter.h ****      *                                  create the average CPU load reading.
  28:lib/libdaisy/src/util/CpuLoadMeter.h ****      */
  29:lib/libdaisy/src/util/CpuLoadMeter.h ****     void Init(float sampleRateInHz,
  30:lib/libdaisy/src/util/CpuLoadMeter.h ****               int   blockSizeInSamples,
ARM GAS  /var/folders/9s/8rp0_f2s1n31qbztm3b5_fdh0000gn/T//ccnok6VO.s 			page 3


  31:lib/libdaisy/src/util/CpuLoadMeter.h ****               float smoothingFilterCutoffHz = 1.0f)
  32:lib/libdaisy/src/util/CpuLoadMeter.h ****     {
  33:lib/libdaisy/src/util/CpuLoadMeter.h ****         const auto secPerBlock = float(blockSizeInSamples) / sampleRateInHz;
  34:lib/libdaisy/src/util/CpuLoadMeter.h ****         const auto ticksPerS   = float(System::GetTickFreq());
  35:lib/libdaisy/src/util/CpuLoadMeter.h ****         ticksPerBlockInv_      = 1.0f / (ticksPerS * secPerBlock);
  36:lib/libdaisy/src/util/CpuLoadMeter.h **** 
  37:lib/libdaisy/src/util/CpuLoadMeter.h ****         // update filter coefficient for smoothing filter (1pole lowpass)
  38:lib/libdaisy/src/util/CpuLoadMeter.h ****         const auto blockRateInHz = sampleRateInHz / float(blockSizeInSamples);
  39:lib/libdaisy/src/util/CpuLoadMeter.h ****         const auto cutoffNormalized
  40:lib/libdaisy/src/util/CpuLoadMeter.h ****             = smoothingFilterCutoffHz * 2.0f * 3.141592653f / blockRateInHz;
  41:lib/libdaisy/src/util/CpuLoadMeter.h ****         // according to
  42:lib/libdaisy/src/util/CpuLoadMeter.h ****         // https://en.wikipedia.org/wiki/Low-pass_filter#Simple_infinite_impulse_response_filter
  43:lib/libdaisy/src/util/CpuLoadMeter.h ****         smoothingConstant_ = cutoffNormalized / (cutoffNormalized + 1.0f);
  44:lib/libdaisy/src/util/CpuLoadMeter.h **** 
  45:lib/libdaisy/src/util/CpuLoadMeter.h ****         Reset();
  46:lib/libdaisy/src/util/CpuLoadMeter.h ****     }
  47:lib/libdaisy/src/util/CpuLoadMeter.h **** 
  48:lib/libdaisy/src/util/CpuLoadMeter.h ****     /** Call this at the beginning of your audio callback */
  49:lib/libdaisy/src/util/CpuLoadMeter.h ****     void OnBlockStart() { currentBlockStartTicks_ = System::GetTick(); }
  50:lib/libdaisy/src/util/CpuLoadMeter.h **** 
  51:lib/libdaisy/src/util/CpuLoadMeter.h ****     /** Call this at the end of your audio callback */
  52:lib/libdaisy/src/util/CpuLoadMeter.h ****     void OnBlockEnd()
  53:lib/libdaisy/src/util/CpuLoadMeter.h ****     {
  54:lib/libdaisy/src/util/CpuLoadMeter.h ****         const auto end         = System::GetTick();
  55:lib/libdaisy/src/util/CpuLoadMeter.h ****         const auto ticksPassed = end - currentBlockStartTicks_;
  56:lib/libdaisy/src/util/CpuLoadMeter.h ****         const auto currentBlockLoad
  57:lib/libdaisy/src/util/CpuLoadMeter.h ****             = float(ticksPassed) * ticksPerBlockInv_; // usPassed / usPerBlock
  58:lib/libdaisy/src/util/CpuLoadMeter.h **** 
  59:lib/libdaisy/src/util/CpuLoadMeter.h ****         if(firstCycle_)
  60:lib/libdaisy/src/util/CpuLoadMeter.h ****         {
  61:lib/libdaisy/src/util/CpuLoadMeter.h ****             max_ = min_ = avg_ = currentBlockLoad;
  62:lib/libdaisy/src/util/CpuLoadMeter.h ****             firstCycle_        = false;
  63:lib/libdaisy/src/util/CpuLoadMeter.h ****         }
  64:lib/libdaisy/src/util/CpuLoadMeter.h ****         else
  65:lib/libdaisy/src/util/CpuLoadMeter.h ****         {
  66:lib/libdaisy/src/util/CpuLoadMeter.h ****             if(currentBlockLoad > max_)
  67:lib/libdaisy/src/util/CpuLoadMeter.h ****                 max_ = currentBlockLoad;
  68:lib/libdaisy/src/util/CpuLoadMeter.h ****             if(currentBlockLoad < min_)
  69:lib/libdaisy/src/util/CpuLoadMeter.h ****                 min_ = currentBlockLoad;
  70:lib/libdaisy/src/util/CpuLoadMeter.h **** 
  71:lib/libdaisy/src/util/CpuLoadMeter.h ****             avg_ = smoothingConstant_ * currentBlockLoad
  72:lib/libdaisy/src/util/CpuLoadMeter.h ****                    + (1.0f - smoothingConstant_) * avg_;
  73:lib/libdaisy/src/util/CpuLoadMeter.h ****         }
  74:lib/libdaisy/src/util/CpuLoadMeter.h ****     }
  75:lib/libdaisy/src/util/CpuLoadMeter.h **** 
  76:lib/libdaisy/src/util/CpuLoadMeter.h ****     /** Returns the smoothed average CPU load in the range 0..1 */
  77:lib/libdaisy/src/util/CpuLoadMeter.h ****     float GetAvgCpuLoad() const { return avg_; }
  56              		.loc 2 77 11 view .LVU4
  57              	.LBB39:
  58              		.loc 2 77 35 view .LVU5
  59              		.loc 2 77 35 is_stmt 0 view .LVU6
  60              	.LBE39:
  61              	.LBE38:
  15:Thaumazein.cpp ****         int cpu_percent_int = static_cast<int>(avg_cpu_load * 100.0f);
  62              		.loc 1 15 9 is_stmt 1 view .LVU7
  16:Thaumazein.cpp ****         cpu_percent_int = cpu_percent_int < 0 ? 0 : (cpu_percent_int > 100 ? 100 : cpu_percent_int)
  63              		.loc 1 16 9 view .LVU8
ARM GAS  /var/folders/9s/8rp0_f2s1n31qbztm3b5_fdh0000gn/T//ccnok6VO.s 			page 4


  17:Thaumazein.cpp ****         pos += snprintf(msg + pos, sizeof(msg) - pos, "CPU: %d\n", cpu_percent_int);
  64              		.loc 1 17 9 view .LVU9
  65              	.LBB41:
  66              	.LBB40:
  67              		.loc 2 77 42 is_stmt 0 view .LVU10
  68 0000 2F4B     		ldr	r3, .L7
  69              	.LBE40:
  70              	.LBE41:
  71              		.loc 1 17 24 view .LVU11
  72 0002 4FF40071 		mov	r1, #512
  15:Thaumazein.cpp ****         int cpu_percent_int = static_cast<int>(avg_cpu_load * 100.0f);
  73              		.loc 1 15 61 view .LVU12
  74 0006 9FED2F7A 		vldr.32	s14, .L7+4
  75 000a D3ED057A 		vldr.32	s15, [r3, #20]
  76              		.loc 1 17 24 view .LVU13
  77 000e 2E4A     		ldr	r2, .L7+8
  15:Thaumazein.cpp ****         int cpu_percent_int = static_cast<int>(avg_cpu_load * 100.0f);
  78              		.loc 1 15 61 view .LVU14
  79 0010 67EE877A 		vmul.f32	s15, s15, s14
  80              	.LBE37:
   7:Thaumazein.cpp ****     if (update_display) {
  81              		.loc 1 7 6 view .LVU15
  82 0014 30B5     		push	{r4, r5, lr}
  83              		.cfi_def_cfa_offset 12
  84              		.cfi_offset 4, -12
  85              		.cfi_offset 5, -8
  86              		.cfi_offset 14, -4
  87              	.LBB46:
  15:Thaumazein.cpp ****         cpu_percent_int = cpu_percent_int < 0 ? 0 : (cpu_percent_int > 100 ? 100 : cpu_percent_int)
  88              		.loc 1 15 13 view .LVU16
  89 0016 FDEEE77A 		vcvt.s32.f32	s15, s15
  90              	.LBE46:
   7:Thaumazein.cpp ****     if (update_display) {
  91              		.loc 1 7 6 view .LVU17
  92 001a ADF5037D 		sub	sp, sp, #524
  93              		.cfi_def_cfa_offset 536
  94              	.LBB47:
  95              	.LBB42:
  18:Thaumazein.cpp **** 
  19:Thaumazein.cpp ****         // Engine Info
  20:Thaumazein.cpp ****         int current_engine_idx = current_engine_index;
  21:Thaumazein.cpp ****         pos += snprintf(msg + pos, sizeof(msg) - pos, "Engine: %d (%s)\n", current_engine_idx, (cur
  22:Thaumazein.cpp **** 
  23:Thaumazein.cpp ****         // Only show ADC values 8-11
  24:Thaumazein.cpp ****         pos += snprintf(msg + pos, sizeof(msg) - pos, "ADC Values (8-11):\n");
  25:Thaumazein.cpp ****         for (int i = 8; i < 12; ++i) {
  96              		.loc 1 25 18 view .LVU18
  97 001e 0825     		movs	r5, #8
  98              	.LBE42:
  17:Thaumazein.cpp **** 
  99              		.loc 1 17 24 view .LVU19
 100 0020 02A8     		add	r0, sp, #8
  15:Thaumazein.cpp ****         cpu_percent_int = cpu_percent_int < 0 ? 0 : (cpu_percent_int > 100 ? 100 : cpu_percent_int)
 101              		.loc 1 15 13 view .LVU20
 102 0022 17EE903A 		vmov	r3, s15	@ int
  16:Thaumazein.cpp ****         pos += snprintf(msg + pos, sizeof(msg) - pos, "CPU: %d\n", cpu_percent_int);
 103              		.loc 1 16 47 view .LVU21
ARM GAS  /var/folders/9s/8rp0_f2s1n31qbztm3b5_fdh0000gn/T//ccnok6VO.s 			page 5


 104 0026 642B     		cmp	r3, #100
 105 0028 A8BF     		it	ge
 106 002a 6423     		movge	r3, #100
  17:Thaumazein.cpp **** 
 107              		.loc 1 17 24 view .LVU22
 108 002c 23EAE373 		bic	r3, r3, r3, asr #31
 109 0030 FFF7FEFF 		bl	snprintf
 110              	.LVL1:
  20:Thaumazein.cpp ****         pos += snprintf(msg + pos, sizeof(msg) - pos, "Engine: %d (%s)\n", current_engine_idx, (cur
 111              		.loc 1 20 34 view .LVU23
 112 0034 254B     		ldr	r3, .L7+12
  21:Thaumazein.cpp **** 
 113              		.loc 1 21 24 view .LVU24
 114 0036 2649     		ldr	r1, .L7+16
  17:Thaumazein.cpp **** 
 115              		.loc 1 17 24 view .LVU25
 116 0038 0446     		mov	r4, r0
 117              	.LVL2:
  20:Thaumazein.cpp ****         pos += snprintf(msg + pos, sizeof(msg) - pos, "Engine: %d (%s)\n", current_engine_idx, (cur
 118              		.loc 1 20 9 is_stmt 1 view .LVU26
  20:Thaumazein.cpp ****         pos += snprintf(msg + pos, sizeof(msg) - pos, "Engine: %d (%s)\n", current_engine_idx, (cur
 119              		.loc 1 20 34 is_stmt 0 view .LVU27
 120 003a 1B68     		ldr	r3, [r3]
 121              	.LVL3:
  21:Thaumazein.cpp **** 
 122              		.loc 1 21 9 is_stmt 1 view .LVU28
  21:Thaumazein.cpp **** 
 123              		.loc 1 21 24 is_stmt 0 view .LVU29
 124 003c 254A     		ldr	r2, .L7+20
 125 003e 032B     		cmp	r3, #3
 126 0040 C8BF     		it	gt
 127 0042 0A46     		movgt	r2, r1
 128 0044 C0F50071 		rsb	r1, r0, #512
 129 0048 02A8     		add	r0, sp, #8
 130              	.LVL4:
  21:Thaumazein.cpp **** 
 131              		.loc 1 21 24 view .LVU30
 132 004a 0092     		str	r2, [sp]
 133 004c 2044     		add	r0, r0, r4
 134 004e 224A     		ldr	r2, .L7+24
 135 0050 FFF7FEFF 		bl	snprintf
 136              	.LVL5:
  24:Thaumazein.cpp ****         for (int i = 8; i < 12; ++i) {
 137              		.loc 1 24 24 view .LVU31
 138 0054 02AB     		add	r3, sp, #8
  21:Thaumazein.cpp **** 
 139              		.loc 1 21 13 view .LVU32
 140 0056 0444     		add	r4, r4, r0
 141              	.LVL6:
  24:Thaumazein.cpp ****         for (int i = 8; i < 12; ++i) {
 142              		.loc 1 24 9 is_stmt 1 view .LVU33
  24:Thaumazein.cpp ****         for (int i = 8; i < 12; ++i) {
 143              		.loc 1 24 24 is_stmt 0 view .LVU34
 144 0058 204A     		ldr	r2, .L7+28
 145 005a C4F50071 		rsb	r1, r4, #512
 146 005e 1819     		adds	r0, r3, r4
 147 0060 FFF7FEFF 		bl	snprintf
ARM GAS  /var/folders/9s/8rp0_f2s1n31qbztm3b5_fdh0000gn/T//ccnok6VO.s 			page 6


 148              	.LVL7:
  24:Thaumazein.cpp ****         for (int i = 8; i < 12; ++i) {
 149              		.loc 1 24 13 view .LVU35
 150 0064 0444     		add	r4, r4, r0
 151              	.LVL8:
 152              		.loc 1 25 9 is_stmt 1 view .LVU36
 153              	.LBB43:
 154              		.loc 1 25 27 view .LVU37
 155              	.L4:
  26:Thaumazein.cpp ****             pos += snprintf(msg + pos, sizeof(msg) - pos, "[%d]: %d\n", i, static_cast<int>(adc_raw
 156              		.loc 1 26 13 view .LVU38
 157              		.loc 1 26 109 is_stmt 0 view .LVU39
 158 0066 1E4B     		ldr	r3, .L7+32
 159              		.loc 1 26 28 view .LVU40
 160 0068 02A8     		add	r0, sp, #8
 161              		.loc 1 26 111 view .LVU41
 162 006a 9FED1E7A 		vldr.32	s14, .L7+36
 163              		.loc 1 26 28 view .LVU42
 164 006e C4F50071 		rsb	r1, r4, #512
 165              		.loc 1 26 109 view .LVU43
 166 0072 03EB8503 		add	r3, r3, r5, lsl #2
 167              		.loc 1 26 28 view .LVU44
 168 0076 2044     		add	r0, r0, r4
 169 0078 1B4A     		ldr	r2, .L7+40
 170              		.loc 1 26 109 view .LVU45
 171 007a D3ED007A 		vldr.32	s15, [r3]
 172              		.loc 1 26 28 view .LVU46
 173 007e 2B46     		mov	r3, r5
 174              		.loc 1 26 111 view .LVU47
 175 0080 67EE877A 		vmul.f32	s15, s15, s14
 176              		.loc 1 26 28 view .LVU48
 177 0084 FDEEE77A 		vcvt.s32.f32	s15, s15
 178 0088 CDED007A 		vstr.32	s15, [sp]	@ int
 179 008c FFF7FEFF 		bl	snprintf
 180              	.LVL9:
 181              		.loc 1 26 17 view .LVU49
 182 0090 0444     		add	r4, r4, r0
 183              	.LVL10:
  27:Thaumazein.cpp ****             if(pos >= (int)sizeof(msg) - 20) break; // safety margin
 184              		.loc 1 27 13 is_stmt 1 view .LVU50
 185 0092 B4F5F67F 		cmp	r4, #492
 186 0096 02DA     		bge	.L3
  25:Thaumazein.cpp ****             pos += snprintf(msg + pos, sizeof(msg) - pos, "[%d]: %d\n", i, static_cast<int>(adc_raw
 187              		.loc 1 25 9 view .LVU51
 188 0098 0135     		adds	r5, r5, #1
 189              	.LVL11:
  25:Thaumazein.cpp ****             pos += snprintf(msg + pos, sizeof(msg) - pos, "[%d]: %d\n", i, static_cast<int>(adc_raw
 190              		.loc 1 25 27 view .LVU52
 191 009a 0C2D     		cmp	r5, #12
 192 009c E3D1     		bne	.L4
 193              	.L3:
  25:Thaumazein.cpp ****             pos += snprintf(msg + pos, sizeof(msg) - pos, "[%d]: %d\n", i, static_cast<int>(adc_raw
 194              		.loc 1 25 27 is_stmt 0 view .LVU53
 195              	.LBE43:
  28:Thaumazein.cpp ****         }
  29:Thaumazein.cpp **** 
  30:Thaumazein.cpp ****         // Separator
ARM GAS  /var/folders/9s/8rp0_f2s1n31qbztm3b5_fdh0000gn/T//ccnok6VO.s 			page 7


  31:Thaumazein.cpp ****         pos += snprintf(msg + pos, sizeof(msg) - pos, "--------");
 196              		.loc 1 31 9 is_stmt 1 view .LVU54
 197              		.loc 1 31 24 is_stmt 0 view .LVU55
 198 009e 02AB     		add	r3, sp, #8
 199 00a0 124A     		ldr	r2, .L7+44
 200 00a2 C4F50071 		rsb	r1, r4, #512
 201 00a6 1819     		adds	r0, r3, r4
 202 00a8 FFF7FEFF 		bl	snprintf
 203              	.LVL12:
  32:Thaumazein.cpp **** 
  33:Thaumazein.cpp ****         // Print once with a single call to avoid throttling
  34:Thaumazein.cpp ****         hw.PrintLine("%s", msg);
 204              		.loc 1 34 9 is_stmt 1 view .LVU56
 205              	.LBB44:
 206              	.LBI44:
 207              		.file 3 "lib/libdaisy/src/daisy_seed.h"
   1:lib/libdaisy/src/daisy_seed.h **** #pragma once
   2:lib/libdaisy/src/daisy_seed.h **** #ifndef DSY_SEED_H
   3:lib/libdaisy/src/daisy_seed.h **** #define DSY_SEED_H
   4:lib/libdaisy/src/daisy_seed.h **** 
   5:lib/libdaisy/src/daisy_seed.h **** #include "daisy.h"
   6:lib/libdaisy/src/daisy_seed.h **** 
   7:lib/libdaisy/src/daisy_seed.h **** //Uncomment this out if you're still using the rev2 hardware
   8:lib/libdaisy/src/daisy_seed.h **** //#define SEED_REV2
   9:lib/libdaisy/src/daisy_seed.h **** 
  10:lib/libdaisy/src/daisy_seed.h **** namespace daisy
  11:lib/libdaisy/src/daisy_seed.h **** {
  12:lib/libdaisy/src/daisy_seed.h **** /**
  13:lib/libdaisy/src/daisy_seed.h ****    @brief This is the higher-level interface for the Daisy board. \n 
  14:lib/libdaisy/src/daisy_seed.h ****     All basic peripheral configuration/initialization is setup here. \n
  15:lib/libdaisy/src/daisy_seed.h **** 
  16:lib/libdaisy/src/daisy_seed.h ****    @ingroup boards
  17:lib/libdaisy/src/daisy_seed.h **** */
  18:lib/libdaisy/src/daisy_seed.h **** class DaisySeed
  19:lib/libdaisy/src/daisy_seed.h **** {
  20:lib/libdaisy/src/daisy_seed.h ****   public:
  21:lib/libdaisy/src/daisy_seed.h ****     DaisySeed() {}
  22:lib/libdaisy/src/daisy_seed.h ****     ~DaisySeed() {}
  23:lib/libdaisy/src/daisy_seed.h **** 
  24:lib/libdaisy/src/daisy_seed.h ****     /** This function used to provide a pre-initialization configuraiton 
  25:lib/libdaisy/src/daisy_seed.h ****      *  it has since been deprecated, and does nothing.
  26:lib/libdaisy/src/daisy_seed.h ****      */
  27:lib/libdaisy/src/daisy_seed.h ****     void Configure();
  28:lib/libdaisy/src/daisy_seed.h **** 
  29:lib/libdaisy/src/daisy_seed.h ****     /** 
  30:lib/libdaisy/src/daisy_seed.h ****     Initializes the Daisy Seed and the following peripherals:
  31:lib/libdaisy/src/daisy_seed.h ****     SDRAM, QSPI, 24-bit 48kHz Audio via AK4556, Internal USB,
  32:lib/libdaisy/src/daisy_seed.h ****     as well as the built-in LED and Testpoint.
  33:lib/libdaisy/src/daisy_seed.h **** 
  34:lib/libdaisy/src/daisy_seed.h ****     ADCs, DACs, and other special peripherals (such as I2C, SPI, etc.)
  35:lib/libdaisy/src/daisy_seed.h ****     can be initialized using their specific initializers within libdaisy
  36:lib/libdaisy/src/daisy_seed.h ****     for a specific application.
  37:lib/libdaisy/src/daisy_seed.h ****     */
  38:lib/libdaisy/src/daisy_seed.h ****     void Init(bool boost = false);
  39:lib/libdaisy/src/daisy_seed.h **** 
  40:lib/libdaisy/src/daisy_seed.h ****     /** 
  41:lib/libdaisy/src/daisy_seed.h ****     Deinitializes all peripherals automatically handled by `Init`.
ARM GAS  /var/folders/9s/8rp0_f2s1n31qbztm3b5_fdh0000gn/T//ccnok6VO.s 			page 8


  42:lib/libdaisy/src/daisy_seed.h ****     */
  43:lib/libdaisy/src/daisy_seed.h ****     void DeInit();
  44:lib/libdaisy/src/daisy_seed.h **** 
  45:lib/libdaisy/src/daisy_seed.h ****     /** 
  46:lib/libdaisy/src/daisy_seed.h ****     Wait some ms before going on.
  47:lib/libdaisy/src/daisy_seed.h ****     \param del Delay time in ms.
  48:lib/libdaisy/src/daisy_seed.h ****     */
  49:lib/libdaisy/src/daisy_seed.h ****     void DelayMs(size_t del);
  50:lib/libdaisy/src/daisy_seed.h **** 
  51:lib/libdaisy/src/daisy_seed.h ****     /** 
  52:lib/libdaisy/src/daisy_seed.h ****     Returns the gpio_pin corresponding to the index 0-31.
  53:lib/libdaisy/src/daisy_seed.h ****     For the given GPIO on the Daisy Seed (labeled 1-32 in docs).
  54:lib/libdaisy/src/daisy_seed.h ****     */
  55:lib/libdaisy/src/daisy_seed.h ****     static dsy_gpio_pin GetPin(uint8_t pin_idx);
  56:lib/libdaisy/src/daisy_seed.h **** 
  57:lib/libdaisy/src/daisy_seed.h ****     /** Begins the audio for the seeds builtin audio.
  58:lib/libdaisy/src/daisy_seed.h ****     the specified callback will get called whenever
  59:lib/libdaisy/src/daisy_seed.h ****     new data is ready to be prepared.
  60:lib/libdaisy/src/daisy_seed.h ****     */
  61:lib/libdaisy/src/daisy_seed.h ****     void StartAudio(AudioHandle::InterleavingAudioCallback cb);
  62:lib/libdaisy/src/daisy_seed.h **** 
  63:lib/libdaisy/src/daisy_seed.h ****     /** Begins the audio for the seeds builtin audio.
  64:lib/libdaisy/src/daisy_seed.h ****     the specified callback will get called whenever
  65:lib/libdaisy/src/daisy_seed.h ****     new data is ready to be prepared.
  66:lib/libdaisy/src/daisy_seed.h ****     This will use the newer non-interleaved callback.
  67:lib/libdaisy/src/daisy_seed.h ****     */
  68:lib/libdaisy/src/daisy_seed.h ****     void StartAudio(AudioHandle::AudioCallback cb);
  69:lib/libdaisy/src/daisy_seed.h **** 
  70:lib/libdaisy/src/daisy_seed.h ****     /** Changes to a new interleaved callback
  71:lib/libdaisy/src/daisy_seed.h ****      */
  72:lib/libdaisy/src/daisy_seed.h ****     void ChangeAudioCallback(AudioHandle::InterleavingAudioCallback cb);
  73:lib/libdaisy/src/daisy_seed.h **** 
  74:lib/libdaisy/src/daisy_seed.h ****     /** Changes to a new multichannel callback
  75:lib/libdaisy/src/daisy_seed.h ****      */
  76:lib/libdaisy/src/daisy_seed.h ****     void ChangeAudioCallback(AudioHandle::AudioCallback cb);
  77:lib/libdaisy/src/daisy_seed.h **** 
  78:lib/libdaisy/src/daisy_seed.h ****     /** Stops the audio if it is running. */
  79:lib/libdaisy/src/daisy_seed.h ****     void StopAudio();
  80:lib/libdaisy/src/daisy_seed.h **** 
  81:lib/libdaisy/src/daisy_seed.h ****     /** Updates the Audio Sample Rate, and reinitializes.
  82:lib/libdaisy/src/daisy_seed.h ****      ** Audio must be stopped for this to work.
  83:lib/libdaisy/src/daisy_seed.h ****      */
  84:lib/libdaisy/src/daisy_seed.h ****     void SetAudioSampleRate(SaiHandle::Config::SampleRate samplerate);
  85:lib/libdaisy/src/daisy_seed.h **** 
  86:lib/libdaisy/src/daisy_seed.h ****     /** Returns the audio sample rate in Hz as a floating point number.
  87:lib/libdaisy/src/daisy_seed.h ****      */
  88:lib/libdaisy/src/daisy_seed.h ****     float AudioSampleRate();
  89:lib/libdaisy/src/daisy_seed.h **** 
  90:lib/libdaisy/src/daisy_seed.h ****     /** Sets the number of samples processed per channel by the audio callback.
  91:lib/libdaisy/src/daisy_seed.h ****      */
  92:lib/libdaisy/src/daisy_seed.h ****     void SetAudioBlockSize(size_t blocksize);
  93:lib/libdaisy/src/daisy_seed.h **** 
  94:lib/libdaisy/src/daisy_seed.h ****     /** Returns the number of samples per channel in a block of audio. */
  95:lib/libdaisy/src/daisy_seed.h ****     size_t AudioBlockSize();
  96:lib/libdaisy/src/daisy_seed.h **** 
  97:lib/libdaisy/src/daisy_seed.h ****     /** Returns the rate in Hz that the Audio callback is called */
  98:lib/libdaisy/src/daisy_seed.h ****     float AudioCallbackRate() const;
ARM GAS  /var/folders/9s/8rp0_f2s1n31qbztm3b5_fdh0000gn/T//ccnok6VO.s 			page 9


  99:lib/libdaisy/src/daisy_seed.h **** 
 100:lib/libdaisy/src/daisy_seed.h ****     /** Sets the state of the built in LED
 101:lib/libdaisy/src/daisy_seed.h ****      */
 102:lib/libdaisy/src/daisy_seed.h ****     void SetLed(bool state);
 103:lib/libdaisy/src/daisy_seed.h **** 
 104:lib/libdaisy/src/daisy_seed.h ****     /** Sets the state of the test point near pin 10
 105:lib/libdaisy/src/daisy_seed.h ****      */
 106:lib/libdaisy/src/daisy_seed.h ****     void SetTestPoint(bool state);
 107:lib/libdaisy/src/daisy_seed.h **** 
 108:lib/libdaisy/src/daisy_seed.h ****     /** Print formatted debug log message
 109:lib/libdaisy/src/daisy_seed.h ****      */
 110:lib/libdaisy/src/daisy_seed.h ****     template <typename... VA>
 111:lib/libdaisy/src/daisy_seed.h ****     static void Print(const char* format, VA... va)
 112:lib/libdaisy/src/daisy_seed.h ****     {
 113:lib/libdaisy/src/daisy_seed.h ****         Log::Print(format, va...);
 114:lib/libdaisy/src/daisy_seed.h ****     }
 115:lib/libdaisy/src/daisy_seed.h **** 
 116:lib/libdaisy/src/daisy_seed.h ****     /** Print formatted debug log message with automatic line termination
 117:lib/libdaisy/src/daisy_seed.h ****     */
 118:lib/libdaisy/src/daisy_seed.h ****     template <typename... VA>
 119:lib/libdaisy/src/daisy_seed.h ****     static void PrintLine(const char* format, VA... va)
 208              		.loc 3 119 17 view .LVU57
 209              	.LBB45:
 120:lib/libdaisy/src/daisy_seed.h ****     {
 121:lib/libdaisy/src/daisy_seed.h ****         Log::PrintLine(format, va...);
 210              		.loc 3 121 23 is_stmt 0 view .LVU58
 211 00ac 02A9     		add	r1, sp, #8
 212              	.LVL13:
 213              		.loc 3 121 23 view .LVU59
 214 00ae 1048     		ldr	r0, .L7+48
 215 00b0 FFF7FEFF 		bl	_ZN5daisy6LoggerILNS_17LoggerDestinationE1EE9PrintLineEPKcz
 216              	.LVL14:
 217              		.loc 3 121 23 view .LVU60
 218              	.LBE45:
 219              	.LBE44:
  35:Thaumazein.cpp **** 
  36:Thaumazein.cpp ****         update_display = false; 
 220              		.loc 1 36 9 is_stmt 1 view .LVU61
 221              		.loc 1 36 24 is_stmt 0 view .LVU62
 222 00b4 0F4B     		ldr	r3, .L7+52
 223 00b6 0022     		movs	r2, #0
 224 00b8 1A70     		strb	r2, [r3]
 225              	.LBE47:
  37:Thaumazein.cpp ****     }
  38:Thaumazein.cpp **** }
 226              		.loc 1 38 1 view .LVU63
 227 00ba 0DF5037D 		add	sp, sp, #524
 228              		.cfi_def_cfa_offset 12
 229              		@ sp needed
 230 00be 30BD     		pop	{r4, r5, pc}
 231              	.LVL15:
 232              	.L8:
 233              		.loc 1 38 1 view .LVU64
 234              		.align	2
 235              	.L7:
 236 00c0 00000000 		.word	cpu_meter
 237 00c4 0000C842 		.word	1120403456
ARM GAS  /var/folders/9s/8rp0_f2s1n31qbztm3b5_fdh0000gn/T//ccnok6VO.s 			page 10


 238 00c8 0C000000 		.word	.LC4
 239 00cc 00000000 		.word	current_engine_index
 240 00d0 07000000 		.word	.LC3
 241 00d4 00000000 		.word	.LC2
 242 00d8 15000000 		.word	.LC5
 243 00dc 26000000 		.word	.LC6
 244 00e0 00000000 		.word	adc_raw_values
 245 00e4 00007A44 		.word	1148846080
 246 00e8 3A000000 		.word	.LC7
 247 00ec 44000000 		.word	.LC8
 248 00f0 4D000000 		.word	.LC9
 249 00f4 00000000 		.word	update_display
 250              		.cfi_endproc
 251              	.LFE6067:
 253              		.section	.text._Z13UpdateDisplayv,"ax",%progbits
 254              		.align	1
 255              		.global	_Z13UpdateDisplayv
 256              		.syntax unified
 257              		.thumb
 258              		.thumb_func
 260              	_Z13UpdateDisplayv:
 261              	.LFB5343:
   7:Thaumazein.cpp ****     if (update_display) {
 262              		.loc 1 7 22 is_stmt 1 view -0
 263              		.cfi_startproc
 264              		@ args = 0, pretend = 0, frame = 0
 265              		@ frame_needed = 0, uses_anonymous_args = 0
 266              		@ link register save eliminated.
   8:Thaumazein.cpp ****         // Build stats message in a smaller buffer
 267              		.loc 1 8 5 view .LVU66
 268              	.LBB48:
   8:Thaumazein.cpp ****         // Build stats message in a smaller buffer
 269              		.loc 1 8 9 is_stmt 0 view .LVU67
 270 0000 024B     		ldr	r3, .L11
 271 0002 1B78     		ldrb	r3, [r3]	@ zero_extendqisi2
   8:Thaumazein.cpp ****         // Build stats message in a smaller buffer
 272              		.loc 1 8 5 view .LVU68
 273 0004 0BB1     		cbz	r3, .L9
 274              	.LBE48:
 275 0006 FFF7FEBF 		b	_Z13UpdateDisplayv.part.0
 276              	.LVL16:
 277              	.L9:
 278              		.loc 1 38 1 view .LVU69
 279 000a 7047     		bx	lr
 280              	.L12:
 281              		.align	2
 282              	.L11:
 283 000c 00000000 		.word	update_display
 284              		.cfi_endproc
 285              	.LFE5343:
 287              		.section	.text._Z15PollTouchSensorv,"ax",%progbits
 288              		.align	1
 289              		.global	_Z15PollTouchSensorv
 290              		.syntax unified
 291              		.thumb
 292              		.thumb_func
 294              	_Z15PollTouchSensorv:
ARM GAS  /var/folders/9s/8rp0_f2s1n31qbztm3b5_fdh0000gn/T//ccnok6VO.s 			page 11


 295              	.LFB5344:
  39:Thaumazein.cpp **** 
  40:Thaumazein.cpp **** // Poll the touch sensor and update shared variables
  41:Thaumazein.cpp **** void PollTouchSensor() {
 296              		.loc 1 41 24 is_stmt 1 view -0
 297              		.cfi_startproc
 298              		@ args = 0, pretend = 0, frame = 24
 299              		@ frame_needed = 0, uses_anonymous_args = 0
  42:Thaumazein.cpp ****     // Recover from any I2C errors on the touch sensor
  43:Thaumazein.cpp ****     if(touch_sensor.HasError()) {
 300              		.loc 1 43 5 view .LVU71
  41:Thaumazein.cpp ****     // Recover from any I2C errors on the touch sensor
 301              		.loc 1 41 24 is_stmt 0 view .LVU72
 302 0000 F0B5     		push	{r4, r5, r6, r7, lr}
 303              		.cfi_def_cfa_offset 20
 304              		.cfi_offset 4, -20
 305              		.cfi_offset 5, -16
 306              		.cfi_offset 6, -12
 307              		.cfi_offset 7, -8
 308              		.cfi_offset 14, -4
 309              	.LBB67:
 310              		.loc 1 43 29 view .LVU73
 311 0002 5248     		ldr	r0, .L33
 312              	.LBE67:
  41:Thaumazein.cpp ****     // Recover from any I2C errors on the touch sensor
 313              		.loc 1 41 24 view .LVU74
 314 0004 2DED028B 		vpush.64	{d8}
 315              		.cfi_def_cfa_offset 28
 316              		.cfi_offset 80, -28
 317              		.cfi_offset 81, -24
 318 0008 87B0     		sub	sp, sp, #28
 319              		.cfi_def_cfa_offset 56
 320              	.LBB81:
 321              		.loc 1 43 29 view .LVU75
 322 000a FFF7FEFF 		bl	_ZNK6Mpr1218HasErrorEv
 323              	.LVL17:
 324              		.loc 1 43 5 view .LVU76
 325 000e E8B1     		cbz	r0, .L14
 326              	.LBB68:
  44:Thaumazein.cpp ****         touch_sensor.ClearError();
 327              		.loc 1 44 9 is_stmt 1 view .LVU77
 328              		.loc 1 44 32 is_stmt 0 view .LVU78
 329 0010 4E48     		ldr	r0, .L33
 330 0012 FFF7FEFF 		bl	_ZN6Mpr12110ClearErrorEv
 331              	.LVL18:
  45:Thaumazein.cpp ****         Mpr121::Config cfg;
 332              		.loc 1 45 9 is_stmt 1 view .LVU79
 333              	.LBB69:
 334              	.LBI69:
 335              		.file 4 "mpr121_daisy.h"
   1:mpr121_daisy.h **** #pragma once
   2:mpr121_daisy.h **** #ifndef MPR121_DAISY_H
   3:mpr121_daisy.h **** #define MPR121_DAISY_H
   4:mpr121_daisy.h **** 
   5:mpr121_daisy.h **** #include "daisy_seed.h"
   6:mpr121_daisy.h **** #include "per/i2c.h"
   7:mpr121_daisy.h **** 
ARM GAS  /var/folders/9s/8rp0_f2s1n31qbztm3b5_fdh0000gn/T//ccnok6VO.s 			page 12


   8:mpr121_daisy.h **** using namespace daisy;
   9:mpr121_daisy.h **** 
  10:mpr121_daisy.h **** /// mp
  11:mpr121_daisy.h **** 
  12:mpr121_daisy.h **** // Register map
  13:mpr121_daisy.h **** #define MPR121_TOUCHSTATUS_L 0x00
  14:mpr121_daisy.h **** #define MPR121_TOUCHSTATUS_H 0x01
  15:mpr121_daisy.h **** #define MPR121_FILTDATA_0L 0x04
  16:mpr121_daisy.h **** #define MPR121_FILTDATA_0H 0x05
  17:mpr121_daisy.h **** #define MPR121_BASELINE_0 0x1E
  18:mpr121_daisy.h **** #define MPR121_MHDR 0x2B
  19:mpr121_daisy.h **** #define MPR121_NHDR 0x2C
  20:mpr121_daisy.h **** #define MPR121_NCLR 0x2D
  21:mpr121_daisy.h **** #define MPR121_FDLR 0x2E
  22:mpr121_daisy.h **** #define MPR121_MHDF 0x2F
  23:mpr121_daisy.h **** #define MPR121_NHDF 0x30
  24:mpr121_daisy.h **** #define MPR121_NCLF 0x31
  25:mpr121_daisy.h **** #define MPR121_FDLF 0x32
  26:mpr121_daisy.h **** #define MPR121_NHDT 0x33
  27:mpr121_daisy.h **** #define MPR121_NCLT 0x34
  28:mpr121_daisy.h **** #define MPR121_FDLT 0x35
  29:mpr121_daisy.h **** 
  30:mpr121_daisy.h **** #define MPR121_TOUCHTH_0 0x41
  31:mpr121_daisy.h **** #define MPR121_RELEASETH_0 0x42
  32:mpr121_daisy.h **** #define MPR121_DEBOUNCE 0x5B
  33:mpr121_daisy.h **** #define MPR121_CONFIG1 0x5C
  34:mpr121_daisy.h **** #define MPR121_CONFIG2 0x5D
  35:mpr121_daisy.h **** #define MPR121_CHARGECURR_0 0x5F
  36:mpr121_daisy.h **** #define MPR121_CHARGETIME_1 0x6C
  37:mpr121_daisy.h **** #define MPR121_ECR 0x5E
  38:mpr121_daisy.h **** #define MPR121_AUTOCONFIG0 0x7B
  39:mpr121_daisy.h **** #define MPR121_AUTOCONFIG1 0x7C
  40:mpr121_daisy.h **** #define MPR121_UPLIMIT 0x7D
  41:mpr121_daisy.h **** #define MPR121_LOWLIMIT 0x7E
  42:mpr121_daisy.h **** #define MPR121_TARGETLIMIT 0x7F
  43:mpr121_daisy.h **** 
  44:mpr121_daisy.h **** #define MPR121_GPIODIR 0x76
  45:mpr121_daisy.h **** #define MPR121_GPIOEN 0x77
  46:mpr121_daisy.h **** #define MPR121_GPIOSET 0x78
  47:mpr121_daisy.h **** #define MPR121_GPIOCLR 0x79
  48:mpr121_daisy.h **** #define MPR121_GPIOTOGGLE 0x7A
  49:mpr121_daisy.h **** 
  50:mpr121_daisy.h **** #define MPR121_SOFTRESET 0x80
  51:mpr121_daisy.h **** #define MPR121_I2CADDR_DEFAULT 0x5A
  52:mpr121_daisy.h **** 
  53:mpr121_daisy.h **** class Mpr121
  54:mpr121_daisy.h **** {
  55:mpr121_daisy.h ****   public:
  56:mpr121_daisy.h ****     Mpr121() {}
  57:mpr121_daisy.h ****     ~Mpr121() {}
  58:mpr121_daisy.h **** 
  59:mpr121_daisy.h ****     struct Config
 336              		.loc 4 59 12 view .LVU80
 337              	.LBB70:
 338              	.LBI70:
 339              		.file 5 "lib/libdaisy/src/per/i2c.h"
   1:lib/libdaisy/src/per/i2c.h **** #pragma once
ARM GAS  /var/folders/9s/8rp0_f2s1n31qbztm3b5_fdh0000gn/T//ccnok6VO.s 			page 13


   2:lib/libdaisy/src/per/i2c.h **** #include "daisy_core.h"
   3:lib/libdaisy/src/per/i2c.h **** 
   4:lib/libdaisy/src/per/i2c.h **** namespace daisy
   5:lib/libdaisy/src/per/i2c.h **** {
   6:lib/libdaisy/src/per/i2c.h **** /** A handle for interacting with an I2C peripheral. This is a dumb
   7:lib/libdaisy/src/per/i2c.h ****  *  gateway that internally points to one of the four I2C peripherals
   8:lib/libdaisy/src/per/i2c.h ****  *  after it was initialised. It can then be copied and passed around.
   9:lib/libdaisy/src/per/i2c.h ****  *  Use an I2CHandle like this:
  10:lib/libdaisy/src/per/i2c.h ****  *  
  11:lib/libdaisy/src/per/i2c.h ****  *      // setup the configuration
  12:lib/libdaisy/src/per/i2c.h ****  *      I2CHandle::Config i2c_conf;
  13:lib/libdaisy/src/per/i2c.h ****  *      i2c_conf.periph = I2CHandle::Config::Peripheral::I2C_1;
  14:lib/libdaisy/src/per/i2c.h ****  *      i2c_conf.speed  = I2CHandle::Config::Speed::I2C_400KHZ;
  15:lib/libdaisy/src/per/i2c.h ****  *      i2c_conf.mode   = I2CHandle::Config::Mode::Master;
  16:lib/libdaisy/src/per/i2c.h ****  *      i2c_conf.pin_config.scl  = {DSY_GPIOB, 8};
  17:lib/libdaisy/src/per/i2c.h ****  *      i2c_conf.pin_config.sda  = {DSY_GPIOB, 9};
  18:lib/libdaisy/src/per/i2c.h ****  *      // initialise the peripheral
  19:lib/libdaisy/src/per/i2c.h ****  *      I2CHandle i2c;
  20:lib/libdaisy/src/per/i2c.h ****  *      i2c.Init(i2c_conf);
  21:lib/libdaisy/src/per/i2c.h ****  *      // now i2c points to the corresponding peripheral and can be used.
  22:lib/libdaisy/src/per/i2c.h ****  *      i2c.TransmitBlocking( ... );
  23:lib/libdaisy/src/per/i2c.h ****  */
  24:lib/libdaisy/src/per/i2c.h **** class I2CHandle
  25:lib/libdaisy/src/per/i2c.h **** {
  26:lib/libdaisy/src/per/i2c.h ****   public:
  27:lib/libdaisy/src/per/i2c.h ****     /** Contains settings for initialising an I2C interface. */
  28:lib/libdaisy/src/per/i2c.h ****     struct Config
 340              		.loc 5 28 12 view .LVU81
 341              	.LBB71:
 342 0016 1023     		movs	r3, #16
 343              	.LBE71:
 344              	.LBE70:
 345              	.LBE69:
 346              	.LBB74:
 347              	.LBB75:
  60:mpr121_daisy.h ****     {
  61:mpr121_daisy.h ****         I2CHandle::Config i2c_config;
  62:mpr121_daisy.h ****         uint8_t          i2c_address;
  63:mpr121_daisy.h **** 
  64:mpr121_daisy.h ****         void Defaults()
  65:mpr121_daisy.h ****         {
  66:mpr121_daisy.h ****             i2c_config.periph = I2CHandle::Config::Peripheral::I2C_1;
  67:mpr121_daisy.h ****             i2c_config.speed  = I2CHandle::Config::Speed::I2C_400KHZ;
 348              		.loc 4 67 31 is_stmt 0 view .LVU82
 349 0018 0122     		movs	r2, #1
 350              	.LBE75:
 351              	.LBE74:
  46:Thaumazein.cpp ****         cfg.Defaults();
  47:Thaumazein.cpp ****         touch_sensor.Init(cfg);
 352              		.loc 1 47 26 view .LVU83
 353 001a 6946     		mov	r1, sp
 354              	.LBB78:
 355              	.LBB73:
 356              	.LBB72:
 357              		.loc 5 28 12 view .LVU84
 358 001c 8DF81030 		strb	r3, [sp, #16]
 359              	.LVL19:
ARM GAS  /var/folders/9s/8rp0_f2s1n31qbztm3b5_fdh0000gn/T//ccnok6VO.s 			page 14


 360              		.loc 5 28 12 view .LVU85
 361              	.LBE72:
 362              	.LBE73:
 363              	.LBE78:
  46:Thaumazein.cpp ****         cfg.Defaults();
 364              		.loc 1 46 9 is_stmt 1 view .LVU86
 365              	.LBB79:
 366              	.LBI74:
  64:mpr121_daisy.h ****         {
 367              		.loc 4 64 14 view .LVU87
 368              	.LBB76:
  66:mpr121_daisy.h ****             i2c_config.speed  = I2CHandle::Config::Speed::I2C_400KHZ;
 369              		.loc 4 66 13 view .LVU88
  66:mpr121_daisy.h ****             i2c_config.speed  = I2CHandle::Config::Speed::I2C_400KHZ;
 370              		.loc 4 66 31 is_stmt 0 view .LVU89
 371 0020 0023     		movs	r3, #0
 372              	.LBE76:
 373              	.LBE79:
 374              		.loc 1 47 26 view .LVU90
 375 0022 4A48     		ldr	r0, .L33
 376              	.LBB80:
 377              	.LBB77:
  66:mpr121_daisy.h ****             i2c_config.speed  = I2CHandle::Config::Speed::I2C_400KHZ;
 378              		.loc 4 66 31 view .LVU91
 379 0024 0093     		str	r3, [sp]
 380              		.loc 4 67 13 is_stmt 1 view .LVU92
  68:mpr121_daisy.h ****             i2c_config.mode   = I2CHandle::Config::Mode::I2C_MASTER;
 381              		.loc 4 68 31 is_stmt 0 view .LVU93
 382 0026 CDE90223 		strd	r2, r3, [sp, #8]
  69:mpr121_daisy.h ****             i2c_config.pin_config.scl = {DSY_GPIOB, 8};
 383              		.loc 4 69 13 is_stmt 1 view .LVU94
 384              		.loc 4 69 39 is_stmt 0 view .LVU95
 385 002a 494B     		ldr	r3, .L33+4
 386 002c 1A88     		ldrh	r2, [r3]	@ unaligned
  70:mpr121_daisy.h ****             i2c_config.pin_config.sda = {DSY_GPIOB, 9};
 387              		.loc 4 70 39 view .LVU96
 388 002e 5B88     		ldrh	r3, [r3, #2]	@ unaligned
  69:mpr121_daisy.h ****             i2c_config.pin_config.scl = {DSY_GPIOB, 8};
 389              		.loc 4 69 39 view .LVU97
 390 0030 ADF80420 		strh	r2, [sp, #4]	@ unaligned
 391              		.loc 4 70 13 is_stmt 1 view .LVU98
 392              		.loc 4 70 39 is_stmt 0 view .LVU99
 393 0034 ADF80630 		strh	r3, [sp, #6]	@ unaligned
  71:mpr121_daisy.h ****             i2c_address               = MPR121_I2CADDR_DEFAULT;
 394              		.loc 4 71 13 is_stmt 1 view .LVU100
 395              		.loc 4 71 39 is_stmt 0 view .LVU101
 396 0038 5A23     		movs	r3, #90
 397 003a 8DF81430 		strb	r3, [sp, #20]
 398              	.LVL20:
 399              		.loc 4 71 39 view .LVU102
 400              	.LBE77:
 401              	.LBE80:
 402              		.loc 1 47 9 is_stmt 1 view .LVU103
 403              		.loc 1 47 26 is_stmt 0 view .LVU104
 404 003e FFF7FEFF 		bl	_ZN6Mpr1214InitERKNS_6ConfigE
 405              	.LVL21:
  48:Thaumazein.cpp ****         touch_sensor.SetThresholds(6, 3);
ARM GAS  /var/folders/9s/8rp0_f2s1n31qbztm3b5_fdh0000gn/T//ccnok6VO.s 			page 15


 406              		.loc 1 48 9 is_stmt 1 view .LVU105
 407              		.loc 1 48 35 is_stmt 0 view .LVU106
 408 0042 0322     		movs	r2, #3
 409 0044 0621     		movs	r1, #6
 410 0046 4148     		ldr	r0, .L33
 411 0048 FFF7FEFF 		bl	_ZN6Mpr12113SetThresholdsEhh
 412              	.LVL22:
 413              	.L14:
 414              	.LBE68:
 415              	.LBE81:
  49:Thaumazein.cpp ****     }
  50:Thaumazein.cpp ****     uint16_t touched = touch_sensor.Touched();
 416              		.loc 1 50 5 is_stmt 1 view .LVU107
 417              		.loc 1 50 44 is_stmt 0 view .LVU108
 418 004c 3F48     		ldr	r0, .L33
  51:Thaumazein.cpp ****     current_touch_state = touched;
  52:Thaumazein.cpp **** 
  53:Thaumazein.cpp ****     // Update touch pad LEDs with touch and ARP blink
  54:Thaumazein.cpp ****     uint32_t now = hw.system.GetNow();
  55:Thaumazein.cpp ****     bool arp_on = arp.IsActive();
 419              		.loc 1 55 31 view .LVU109
 420 004e 0B24     		movs	r4, #11
  50:Thaumazein.cpp ****     current_touch_state = touched;
 421              		.loc 1 50 44 view .LVU110
 422 0050 FFF7FEFF 		bl	_ZN6Mpr1217TouchedEv
 423              	.LVL23:
  51:Thaumazein.cpp ****     current_touch_state = touched;
 424              		.loc 1 51 25 view .LVU111
 425 0054 3F4B     		ldr	r3, .L33+8
  50:Thaumazein.cpp ****     current_touch_state = touched;
 426              		.loc 1 50 44 view .LVU112
 427 0056 0646     		mov	r6, r0
 428              	.LVL24:
  51:Thaumazein.cpp ****     current_touch_state = touched;
 429              		.loc 1 51 5 is_stmt 1 view .LVU113
  51:Thaumazein.cpp ****     current_touch_state = touched;
 430              		.loc 1 51 25 is_stmt 0 view .LVU114
 431 0058 1880     		strh	r0, [r3]	@ movhi
  54:Thaumazein.cpp ****     bool arp_on = arp.IsActive();
 432              		.loc 1 54 5 is_stmt 1 view .LVU115
  54:Thaumazein.cpp ****     bool arp_on = arp.IsActive();
 433              		.loc 1 54 36 is_stmt 0 view .LVU116
 434 005a FFF7FEFF 		bl	_ZN5daisy6System6GetNowEv
 435              	.LVL25:
  54:Thaumazein.cpp ****     bool arp_on = arp.IsActive();
 436              		.loc 1 54 36 view .LVU117
 437 005e 0546     		mov	r5, r0
 438              	.LVL26:
 439              		.loc 1 55 5 is_stmt 1 view .LVU118
 440              		.loc 1 55 31 is_stmt 0 view .LVU119
 441 0060 3D48     		ldr	r0, .L33+12
 442              	.LVL27:
 443              		.loc 1 55 31 view .LVU120
 444 0062 FFF7FEFF 		bl	_ZNK11Arpeggiator8IsActiveEv
 445              	.LVL28:
 446 0066 0746     		mov	r7, r0
 447              	.LVL29:
ARM GAS  /var/folders/9s/8rp0_f2s1n31qbztm3b5_fdh0000gn/T//ccnok6VO.s 			page 16


  56:Thaumazein.cpp ****     for(int i = 0; i < 12; ++i) {
 448              		.loc 1 56 5 is_stmt 1 view .LVU121
 449              	.LBB82:
 450              		.loc 1 56 22 view .LVU122
 451              	.L16:
 452              	.LBB83:
  57:Thaumazein.cpp ****         int ledIdx = 11 - i;  // pad i maps to LED[11-i]
  58:Thaumazein.cpp ****         bool padTouched = (touched & (1 << i)) != 0;
  59:Thaumazein.cpp ****         bool blink     = (now - arp_led_timestamps[ledIdx]) < ARP_LED_DURATION_MS;
 453              		.loc 1 59 58 is_stmt 0 view .LVU123
 454 0068 3C4A     		ldr	r2, .L33+16
 455 006a C4F10B03 		rsb	r3, r4, #11
 456              	.LVL30:
  57:Thaumazein.cpp ****         int ledIdx = 11 - i;  // pad i maps to LED[11-i]
 457              		.loc 1 57 9 is_stmt 1 view .LVU124
  58:Thaumazein.cpp ****         bool blink     = (now - arp_led_timestamps[ledIdx]) < ARP_LED_DURATION_MS;
 458              		.loc 1 58 9 view .LVU125
 459              		.loc 1 59 9 view .LVU126
 460              		.loc 1 59 58 is_stmt 0 view .LVU127
 461 006e 52F82410 		ldr	r1, [r2, r4, lsl #2]
 462              		.loc 1 59 63 view .LVU128
 463 0072 3B4A     		ldr	r2, .L33+20
 464              		.loc 1 59 31 view .LVU129
 465 0074 691A     		subs	r1, r5, r1
 466              		.loc 1 59 63 view .LVU130
 467 0076 1268     		ldr	r2, [r2]
 468 0078 9142     		cmp	r1, r2
 469 007a 2CBF     		ite	cs
 470 007c 0021     		movcs	r1, #0
 471 007e 0121     		movcc	r1, #1
 472              	.LVL31:
  60:Thaumazein.cpp ****         bool ledState  = arp_on ? blink : (padTouched || blink);
 473              		.loc 1 60 9 is_stmt 1 view .LVU131
 474              		.loc 1 60 33 is_stmt 0 view .LVU132
 475 0080 2FB9     		cbnz	r7, .L15
  58:Thaumazein.cpp ****         bool blink     = (now - arp_led_timestamps[ledIdx]) < ARP_LED_DURATION_MS;
 476              		.loc 1 58 48 discriminator 2 view .LVU133
 477 0082 46FA03F3 		asr	r3, r6, r3
 478              	.LVL32:
 479              		.loc 1 60 55 discriminator 2 view .LVU134
 480 0086 13F0010F 		tst	r3, #1
 481 008a 18BF     		it	ne
 482 008c 0121     		movne	r1, #1
 483              	.LVL33:
 484              	.L15:
  61:Thaumazein.cpp ****         touch_leds[ledIdx].Write(ledState);
 485              		.loc 1 61 9 is_stmt 1 discriminator 10 view .LVU135
 486              		.loc 1 61 33 is_stmt 0 discriminator 10 view .LVU136
 487 008e 354B     		ldr	r3, .L33+24
 488 0090 1420     		movs	r0, #20
 489 0092 00FB0430 		mla	r0, r0, r4, r3
 490 0096 FFF7FEFF 		bl	_ZN5daisy4GPIO5WriteEb
 491              	.LVL34:
 492              		.loc 1 61 33 discriminator 10 view .LVU137
 493              	.LBE83:
  56:Thaumazein.cpp ****         int ledIdx = 11 - i;  // pad i maps to LED[11-i]
 494              		.loc 1 56 5 is_stmt 1 discriminator 10 view .LVU138
ARM GAS  /var/folders/9s/8rp0_f2s1n31qbztm3b5_fdh0000gn/T//ccnok6VO.s 			page 17


  56:Thaumazein.cpp ****         int ledIdx = 11 - i;  // pad i maps to LED[11-i]
 495              		.loc 1 56 22 discriminator 10 view .LVU139
 496 009a 013C     		subs	r4, r4, #1
 497              	.LVL35:
  56:Thaumazein.cpp ****         int ledIdx = 11 - i;  // pad i maps to LED[11-i]
 498              		.loc 1 56 22 is_stmt 0 discriminator 10 view .LVU140
 499 009c E4D2     		bcs	.L16
 500              	.LBE82:
  62:Thaumazein.cpp ****     }
  63:Thaumazein.cpp **** 
  64:Thaumazein.cpp ****     if (touched == 0) {
 501              		.loc 1 64 5 is_stmt 1 view .LVU141
 502 009e 66B9     		cbnz	r6, .L22
  65:Thaumazein.cpp ****        
  66:Thaumazein.cpp ****         touch_cv_value = touch_cv_value * 0.95f; 
 503              		.loc 1 66 9 view .LVU142
 504              		.loc 1 66 26 is_stmt 0 view .LVU143
 505 00a0 314B     		ldr	r3, .L33+28
 506              		.loc 1 66 41 view .LVU144
 507 00a2 9FED327A 		vldr.32	s14, .L33+32
 508              		.loc 1 66 26 view .LVU145
 509 00a6 D3ED007A 		vldr.32	s15, [r3]
 510              		.loc 1 66 41 view .LVU146
 511 00aa 67EE877A 		vmul.f32	s15, s15, s14
 512              	.LVL36:
 513              	.L32:
  67:Thaumazein.cpp ****         return;
  68:Thaumazein.cpp ****     }
  69:Thaumazein.cpp **** 
  70:Thaumazein.cpp ****     float total_deviation = 0.0f;
  71:Thaumazein.cpp ****     int touched_count = 0;
  72:Thaumazein.cpp **** 
  73:Thaumazein.cpp ****     // Iterate through all pads
  74:Thaumazein.cpp ****     for (int i = 0; i < 12; i++) {
  75:Thaumazein.cpp ****         if (touched & (1 << i)) {
  76:Thaumazein.cpp ****             int16_t deviation = touch_sensor.GetBaselineDeviation(i);
  77:Thaumazein.cpp ****             total_deviation += deviation;
  78:Thaumazein.cpp ****             touched_count++;
  79:Thaumazein.cpp ****         }
  80:Thaumazein.cpp ****     }
  81:Thaumazein.cpp **** 
  82:Thaumazein.cpp ****     float average_deviation = 0.0f;
  83:Thaumazein.cpp ****     if (touched_count > 0) {
  84:Thaumazein.cpp ****         average_deviation = total_deviation / touched_count;
  85:Thaumazein.cpp ****     }
  86:Thaumazein.cpp **** 
  87:Thaumazein.cpp ****     // Normalize to 0.0-1.0 range with adjustable sensitivity
  88:Thaumazein.cpp ****     // Consider recalibrating sensitivity if needed for average pressure
  89:Thaumazein.cpp ****     float sensitivity = 150.0f;
  90:Thaumazein.cpp ****     float normalized_value = daisysp::fmax(0.0f, daisysp::fmin(1.0f, average_deviation / sensitivit
  91:Thaumazein.cpp **** 
  92:Thaumazein.cpp ****     // Apply curve for better control response (squared curve feels more natural)
  93:Thaumazein.cpp ****     normalized_value = normalized_value * normalized_value;
  94:Thaumazein.cpp **** 
  95:Thaumazein.cpp ****     // Remove the position component - control is now based purely on average pressure
  96:Thaumazein.cpp ****     // float position_value = highest_pad / 11.0f; // Removed
  97:Thaumazein.cpp ****     // float position_weight = 0.7f;              // Removed
ARM GAS  /var/folders/9s/8rp0_f2s1n31qbztm3b5_fdh0000gn/T//ccnok6VO.s 			page 18


  98:Thaumazein.cpp ****     // float combined_value = position_value * position_weight + normalized_value * (1.0f - positio
  99:Thaumazein.cpp ****     float combined_value = normalized_value; // Use normalized average pressure directly
 100:Thaumazein.cpp **** 
 101:Thaumazein.cpp ****     // Apply adaptive smoothing - more smoothing for small changes, less for big changes
 102:Thaumazein.cpp ****     float change = fabsf(combined_value - touch_cv_value);
 103:Thaumazein.cpp ****     float smoothing = daisysp::fmax(0.5f, 0.95f - change * 2.0f); // 0.5-0.95 smoothing range
 104:Thaumazein.cpp **** 
 105:Thaumazein.cpp ****     // Update the shared volatile variable
 106:Thaumazein.cpp ****     touch_cv_value = touch_cv_value * smoothing + combined_value * (1.0f - smoothing);
 514              		.loc 1 106 20 view .LVU147
 515 00ae C3ED007A 		vstr.32	s15, [r3]
 107:Thaumazein.cpp **** }
 516              		.loc 1 107 1 view .LVU148
 517 00b2 07B0     		add	sp, sp, #28
 518              		.cfi_remember_state
 519              		.cfi_def_cfa_offset 28
 520              		@ sp needed
 521 00b4 BDEC028B 		vldm	sp!, {d8}
 522              		.cfi_restore 80
 523              		.cfi_restore 81
 524              		.cfi_def_cfa_offset 20
 525 00b8 F0BD     		pop	{r4, r5, r6, r7, pc}
 526              	.LVL37:
 527              	.L22:
 528              		.cfi_restore_state
  70:Thaumazein.cpp ****     int touched_count = 0;
 529              		.loc 1 70 11 view .LVU149
 530 00ba DFED2D8A 		vldr.32	s17, .L33+36
 531              	.LBB84:
  74:Thaumazein.cpp ****         if (touched & (1 << i)) {
 532              		.loc 1 74 14 view .LVU150
 533 00be 0025     		movs	r5, #0
 534              	.LVL38:
  74:Thaumazein.cpp ****         if (touched & (1 << i)) {
 535              		.loc 1 74 14 view .LVU151
 536 00c0 B0EE688A 		vmov.f32	s16, s17
 537              	.LBE84:
  71:Thaumazein.cpp **** 
 538              		.loc 1 71 9 view .LVU152
 539 00c4 2C46     		mov	r4, r5
 540              	.LVL39:
 541              	.L17:
  75:Thaumazein.cpp ****             int16_t deviation = touch_sensor.GetBaselineDeviation(i);
 542              		.loc 1 75 9 is_stmt 1 view .LVU153
 543              	.LBB87:
 544              	.LBB85:
  75:Thaumazein.cpp ****             int16_t deviation = touch_sensor.GetBaselineDeviation(i);
 545              		.loc 1 75 21 is_stmt 0 view .LVU154
 546 00c6 46FA05F3 		asr	r3, r6, r5
  75:Thaumazein.cpp ****             int16_t deviation = touch_sensor.GetBaselineDeviation(i);
 547              		.loc 1 75 9 view .LVU155
 548 00ca DB07     		lsls	r3, r3, #31
 549 00cc 0AD5     		bpl	.L19
 550              	.LBB86:
  76:Thaumazein.cpp ****             total_deviation += deviation;
 551              		.loc 1 76 13 is_stmt 1 view .LVU156
  76:Thaumazein.cpp ****             total_deviation += deviation;
ARM GAS  /var/folders/9s/8rp0_f2s1n31qbztm3b5_fdh0000gn/T//ccnok6VO.s 			page 19


 552              		.loc 1 76 66 is_stmt 0 view .LVU157
 553 00ce E9B2     		uxtb	r1, r5
 554 00d0 1E48     		ldr	r0, .L33
 555 00d2 FFF7FEFF 		bl	_ZN6Mpr12120GetBaselineDeviationEh
 556              	.LVL40:
  77:Thaumazein.cpp ****             touched_count++;
 557              		.loc 1 77 13 is_stmt 1 view .LVU158
  77:Thaumazein.cpp ****             touched_count++;
 558              		.loc 1 77 29 is_stmt 0 view .LVU159
 559 00d6 07EE900A 		vmov	s15, r0	@ int
  78:Thaumazein.cpp ****         }
 560              		.loc 1 78 26 view .LVU160
 561 00da 0134     		adds	r4, r4, #1
 562              	.LVL41:
  77:Thaumazein.cpp ****             touched_count++;
 563              		.loc 1 77 29 view .LVU161
 564 00dc F8EEE77A 		vcvt.f32.s32	s15, s15
 565 00e0 78EEA78A 		vadd.f32	s17, s17, s15
 566              	.LVL42:
  78:Thaumazein.cpp ****         }
 567              		.loc 1 78 13 is_stmt 1 view .LVU162
 568              	.L19:
  78:Thaumazein.cpp ****         }
 569              		.loc 1 78 13 is_stmt 0 view .LVU163
 570              	.LBE86:
 571              	.LBE85:
  74:Thaumazein.cpp ****         if (touched & (1 << i)) {
 572              		.loc 1 74 5 is_stmt 1 discriminator 2 view .LVU164
 573 00e4 0135     		adds	r5, r5, #1
 574              	.LVL43:
  74:Thaumazein.cpp ****         if (touched & (1 << i)) {
 575              		.loc 1 74 23 discriminator 2 view .LVU165
 576 00e6 0C2D     		cmp	r5, #12
 577 00e8 EDD1     		bne	.L17
  74:Thaumazein.cpp ****         if (touched & (1 << i)) {
 578              		.loc 1 74 23 is_stmt 0 discriminator 2 view .LVU166
 579              	.LBE87:
  82:Thaumazein.cpp ****     if (touched_count > 0) {
 580              		.loc 1 82 5 is_stmt 1 view .LVU167
 581              	.LVL44:
  83:Thaumazein.cpp ****         average_deviation = total_deviation / touched_count;
 582              		.loc 1 83 5 view .LVU168
 583 00ea 5CB3     		cbz	r4, .L23
  84:Thaumazein.cpp ****     }
 584              		.loc 1 84 9 view .LVU169
  84:Thaumazein.cpp ****     }
 585              		.loc 1 84 45 is_stmt 0 view .LVU170
 586 00ec 07EE904A 		vmov	s15, r4	@ int
 587 00f0 F8EEE77A 		vcvt.f32.s32	s15, s15
  84:Thaumazein.cpp ****     }
 588              		.loc 1 84 27 view .LVU171
 589 00f4 C8EEA76A 		vdiv.f32	s13, s17, s15
 590              	.LVL45:
 591              	.L20:
  89:Thaumazein.cpp ****     float normalized_value = daisysp::fmax(0.0f, daisysp::fmin(1.0f, average_deviation / sensitivit
 592              		.loc 1 89 5 is_stmt 1 view .LVU172
  90:Thaumazein.cpp **** 
ARM GAS  /var/folders/9s/8rp0_f2s1n31qbztm3b5_fdh0000gn/T//ccnok6VO.s 			page 20


 593              		.loc 1 90 5 view .LVU173
 594              	.LBB88:
 595              	.LBI88:
 596              		.file 6 "lib/DaisySP/Source/Utility/dsp.h"
   1:lib/DaisySP/Source/Utility/dsp.h **** /*
   2:lib/DaisySP/Source/Utility/dsp.h **** Copyright (c) 2020 Electrosmith, Corp, Emilie Gillet
   3:lib/DaisySP/Source/Utility/dsp.h **** 
   4:lib/DaisySP/Source/Utility/dsp.h **** Use of this source code is governed by an MIT-style
   5:lib/DaisySP/Source/Utility/dsp.h **** license that can be found in the LICENSE file or at
   6:lib/DaisySP/Source/Utility/dsp.h **** https://opensource.org/licenses/MIT.
   7:lib/DaisySP/Source/Utility/dsp.h **** */
   8:lib/DaisySP/Source/Utility/dsp.h **** 
   9:lib/DaisySP/Source/Utility/dsp.h **** /** Helpful defines, functions, and other utilities for use in/with daisysp modules.
  10:lib/DaisySP/Source/Utility/dsp.h **** */
  11:lib/DaisySP/Source/Utility/dsp.h **** #pragma once
  12:lib/DaisySP/Source/Utility/dsp.h **** #ifndef DSY_CORE_DSP
  13:lib/DaisySP/Source/Utility/dsp.h **** #define DSY_CORE_DSP
  14:lib/DaisySP/Source/Utility/dsp.h **** #include <cassert>
  15:lib/DaisySP/Source/Utility/dsp.h **** #include <cstdint>
  16:lib/DaisySP/Source/Utility/dsp.h **** #include <random>
  17:lib/DaisySP/Source/Utility/dsp.h **** #include <cmath>
  18:lib/DaisySP/Source/Utility/dsp.h **** 
  19:lib/DaisySP/Source/Utility/dsp.h **** /** PIs
  20:lib/DaisySP/Source/Utility/dsp.h **** */
  21:lib/DaisySP/Source/Utility/dsp.h **** #define PI_F 3.1415927410125732421875f
  22:lib/DaisySP/Source/Utility/dsp.h **** #define TWOPI_F (2.0f * PI_F)
  23:lib/DaisySP/Source/Utility/dsp.h **** #define HALFPI_F (PI_F * 0.5f)
  24:lib/DaisySP/Source/Utility/dsp.h **** #define DSY_MIN(in, mn) (in < mn ? in : mn)
  25:lib/DaisySP/Source/Utility/dsp.h **** #define DSY_MAX(in, mx) (in > mx ? in : mx)
  26:lib/DaisySP/Source/Utility/dsp.h **** #define DSY_CLAMP(in, mn, mx) (DSY_MIN(DSY_MAX(in, mn), mx))
  27:lib/DaisySP/Source/Utility/dsp.h **** #define DSY_COUNTOF(_arr) (sizeof(_arr) / sizeof(_arr[0]))
  28:lib/DaisySP/Source/Utility/dsp.h **** 
  29:lib/DaisySP/Source/Utility/dsp.h **** namespace daisysp
  30:lib/DaisySP/Source/Utility/dsp.h **** {
  31:lib/DaisySP/Source/Utility/dsp.h **** //Avoids division for random floats. e.g. rand() * kRandFrac
  32:lib/DaisySP/Source/Utility/dsp.h **** static constexpr float kRandFrac = 1.f / (float)RAND_MAX;
  33:lib/DaisySP/Source/Utility/dsp.h **** 
  34:lib/DaisySP/Source/Utility/dsp.h **** //Convert from semitones to other units. e.g. 2 ^ (kOneTwelfth * x)
  35:lib/DaisySP/Source/Utility/dsp.h **** static constexpr float kOneTwelfth = 1.f / 12.f;
  36:lib/DaisySP/Source/Utility/dsp.h **** 
  37:lib/DaisySP/Source/Utility/dsp.h **** /** efficient floating point min/max
  38:lib/DaisySP/Source/Utility/dsp.h **** c/o stephen mccaul
  39:lib/DaisySP/Source/Utility/dsp.h **** */
  40:lib/DaisySP/Source/Utility/dsp.h **** inline float fmax(float a, float b)
  41:lib/DaisySP/Source/Utility/dsp.h **** {
  42:lib/DaisySP/Source/Utility/dsp.h ****     float r;
  43:lib/DaisySP/Source/Utility/dsp.h **** #ifdef __arm__
  44:lib/DaisySP/Source/Utility/dsp.h ****     asm("vmaxnm.f32 %[d], %[n], %[m]" : [d] "=t"(r) : [n] "t"(a), [m] "t"(b) :);
  45:lib/DaisySP/Source/Utility/dsp.h **** #else
  46:lib/DaisySP/Source/Utility/dsp.h ****     r = (a > b) ? a : b;
  47:lib/DaisySP/Source/Utility/dsp.h **** #endif // __arm__
  48:lib/DaisySP/Source/Utility/dsp.h ****     return r;
  49:lib/DaisySP/Source/Utility/dsp.h **** }
  50:lib/DaisySP/Source/Utility/dsp.h **** 
  51:lib/DaisySP/Source/Utility/dsp.h **** inline float fmin(float a, float b)
 597              		.loc 6 51 14 view .LVU174
 598              	.LBB89:
ARM GAS  /var/folders/9s/8rp0_f2s1n31qbztm3b5_fdh0000gn/T//ccnok6VO.s 			page 21


  52:lib/DaisySP/Source/Utility/dsp.h **** {
  53:lib/DaisySP/Source/Utility/dsp.h ****     float r;
 599              		.loc 6 53 5 view .LVU175
  54:lib/DaisySP/Source/Utility/dsp.h **** #ifdef __arm__
  55:lib/DaisySP/Source/Utility/dsp.h ****     asm("vminnm.f32 %[d], %[n], %[m]" : [d] "=t"(r) : [n] "t"(a), [m] "t"(b) :);
 600              		.loc 6 55 5 view .LVU176
 601              	.LBE89:
 602              	.LBE88:
  90:Thaumazein.cpp **** 
 603              		.loc 1 90 43 is_stmt 0 view .LVU177
 604 00f8 9FED1E6A 		vldr.32	s12, .L33+40
 102:Thaumazein.cpp ****     float smoothing = daisysp::fmax(0.5f, 0.95f - change * 2.0f); // 0.5-0.95 smoothing range
 605              		.loc 1 102 43 view .LVU178
 606 00fc 1A4B     		ldr	r3, .L33+28
  90:Thaumazein.cpp **** 
 607              		.loc 1 90 43 view .LVU179
 608 00fe 86EE867A 		vdiv.f32	s14, s13, s12
 609              	.LVL46:
 102:Thaumazein.cpp ****     float smoothing = daisysp::fmax(0.5f, 0.95f - change * 2.0f); // 0.5-0.95 smoothing range
 610              		.loc 1 102 43 view .LVU180
 611 0102 D3ED006A 		vldr.32	s13, [r3]
 612              	.LVL47:
 103:Thaumazein.cpp **** 
 613              		.loc 1 103 36 view .LVU181
 614 0106 9FED196A 		vldr.32	s12, .L33+32
 615              	.LBB91:
 616              	.LBB90:
 617              		.loc 6 55 5 view .LVU182
 618 010a F7EE007A 		vmov.f32	s15, #1.0e+0
 619              		.syntax unified
 620              	@ 55 "lib/DaisySP/Source/Utility/dsp.h" 1
 621 010e 87FEC77A 		vminnm.f32 s14, s15, s14
 622              	@ 0 "" 2
 623              	.LVL48:
  56:lib/DaisySP/Source/Utility/dsp.h **** #else
  57:lib/DaisySP/Source/Utility/dsp.h ****     r = (a < b) ? a : b;
  58:lib/DaisySP/Source/Utility/dsp.h **** #endif // __arm__
  59:lib/DaisySP/Source/Utility/dsp.h ****     return r;
 624              		.loc 6 59 5 is_stmt 1 view .LVU183
 625              		.loc 6 59 5 is_stmt 0 view .LVU184
 626              		.thumb
 627              		.syntax unified
 628              	.LBE90:
 629              	.LBE91:
 630              	.LBB92:
 631              	.LBI92:
  40:lib/DaisySP/Source/Utility/dsp.h **** {
 632              		.loc 6 40 14 is_stmt 1 view .LVU185
 633              	.LBB93:
  42:lib/DaisySP/Source/Utility/dsp.h **** #ifdef __arm__
 634              		.loc 6 42 5 view .LVU186
  44:lib/DaisySP/Source/Utility/dsp.h **** #else
 635              		.loc 6 44 5 view .LVU187
 636              		.syntax unified
 637              	@ 44 "lib/DaisySP/Source/Utility/dsp.h" 1
 638 0112 88FE077A 		vmaxnm.f32 s14, s16, s14
 639              	@ 0 "" 2
ARM GAS  /var/folders/9s/8rp0_f2s1n31qbztm3b5_fdh0000gn/T//ccnok6VO.s 			page 22


 640              	.LVL49:
  48:lib/DaisySP/Source/Utility/dsp.h **** }
 641              		.loc 6 48 5 view .LVU188
  48:lib/DaisySP/Source/Utility/dsp.h **** }
 642              		.loc 6 48 5 is_stmt 0 view .LVU189
 643              		.thumb
 644              		.syntax unified
 645              	.LBE93:
 646              	.LBE92:
  93:Thaumazein.cpp **** 
 647              		.loc 1 93 5 is_stmt 1 view .LVU190
  93:Thaumazein.cpp **** 
 648              		.loc 1 93 22 is_stmt 0 view .LVU191
 649 0116 27EE077A 		vmul.f32	s14, s14, s14
 650              	.LVL50:
  99:Thaumazein.cpp **** 
 651              		.loc 1 99 5 is_stmt 1 view .LVU192
 102:Thaumazein.cpp ****     float smoothing = daisysp::fmax(0.5f, 0.95f - change * 2.0f); // 0.5-0.95 smoothing range
 652              		.loc 1 102 5 view .LVU193
 103:Thaumazein.cpp **** 
 653              		.loc 1 103 5 view .LVU194
 103:Thaumazein.cpp **** 
 654              		.loc 1 103 36 is_stmt 0 view .LVU195
 655 011a F0EE005A 		vmov.f32	s11, #2.0e+0
 102:Thaumazein.cpp ****     float smoothing = daisysp::fmax(0.5f, 0.95f - change * 2.0f); // 0.5-0.95 smoothing range
 656              		.loc 1 102 41 view .LVU196
 657 011e 77EE666A 		vsub.f32	s13, s14, s13
 658              	.LVL51:
 102:Thaumazein.cpp ****     float smoothing = daisysp::fmax(0.5f, 0.95f - change * 2.0f); // 0.5-0.95 smoothing range
 659              		.loc 1 102 57 view .LVU197
 660 0122 F0EEE66A 		vabs.f32	s13, s13
 661              	.LVL52:
 103:Thaumazein.cpp **** 
 662              		.loc 1 103 36 view .LVU198
 663 0126 A6EEE56A 		vfms.f32	s12, s13, s11
 664              	.LVL53:
 665              	.LBB94:
 666              	.LBI94:
  40:lib/DaisySP/Source/Utility/dsp.h **** {
 667              		.loc 6 40 14 is_stmt 1 view .LVU199
 668              	.LBB95:
  42:lib/DaisySP/Source/Utility/dsp.h **** #ifdef __arm__
 669              		.loc 6 42 5 view .LVU200
  44:lib/DaisySP/Source/Utility/dsp.h **** #else
 670              		.loc 6 44 5 view .LVU201
 671 012a F6EE006A 		vmov.f32	s13, #5.0e-1
 672              	.LVL54:
  44:lib/DaisySP/Source/Utility/dsp.h **** #else
 673              		.loc 6 44 5 is_stmt 0 view .LVU202
 674              		.syntax unified
 675              	@ 44 "lib/DaisySP/Source/Utility/dsp.h" 1
 676 012e C6FE866A 		vmaxnm.f32 s13, s13, s12
 677              	@ 0 "" 2
 678              	.LVL55:
  48:lib/DaisySP/Source/Utility/dsp.h **** }
 679              		.loc 6 48 5 is_stmt 1 view .LVU203
  48:lib/DaisySP/Source/Utility/dsp.h **** }
ARM GAS  /var/folders/9s/8rp0_f2s1n31qbztm3b5_fdh0000gn/T//ccnok6VO.s 			page 23


 680              		.loc 6 48 5 is_stmt 0 view .LVU204
 681              		.thumb
 682              		.syntax unified
 683              	.LBE95:
 684              	.LBE94:
 106:Thaumazein.cpp **** }
 685              		.loc 1 106 5 is_stmt 1 view .LVU205
 106:Thaumazein.cpp **** }
 686              		.loc 1 106 74 is_stmt 0 view .LVU206
 687 0132 77EEE67A 		vsub.f32	s15, s15, s13
 106:Thaumazein.cpp **** }
 688              		.loc 1 106 22 view .LVU207
 689 0136 93ED006A 		vldr.32	s12, [r3]
 106:Thaumazein.cpp **** }
 690              		.loc 1 106 66 view .LVU208
 691 013a 67EE877A 		vmul.f32	s15, s15, s14
 106:Thaumazein.cpp **** }
 692              		.loc 1 106 49 view .LVU209
 693 013e E6EE267A 		vfma.f32	s15, s12, s13
 694 0142 B4E7     		b	.L32
 695              	.LVL56:
 696              	.L23:
  82:Thaumazein.cpp ****     if (touched_count > 0) {
 697              		.loc 1 82 11 view .LVU210
 698 0144 DFED0A6A 		vldr.32	s13, .L33+36
 699 0148 D6E7     		b	.L20
 700              	.L34:
 701 014a 00BF     		.align	2
 702              	.L33:
 703 014c 00000000 		.word	touch_sensor
 704 0150 00000000 		.word	.LANCHOR0
 705 0154 00000000 		.word	.LANCHOR1
 706 0158 00000000 		.word	arp
 707 015c 00000000 		.word	arp_led_timestamps
 708 0160 00000000 		.word	ARP_LED_DURATION_MS
 709 0164 00000000 		.word	touch_leds
 710 0168 00000000 		.word	.LANCHOR2
 711 016c 3333733F 		.word	1064514355
 712 0170 00000000 		.word	0
 713 0174 00001643 		.word	1125515264
 714              		.cfi_endproc
 715              	.LFE5344:
 717              		.section	.text.startup.main,"ax",%progbits
 718              		.align	1
 719              		.global	main
 720              		.syntax unified
 721              		.thumb
 722              		.thumb_func
 724              	main:
 725              	.LFB5348:
 108:Thaumazein.cpp **** 
 109:Thaumazein.cpp **** int main(void) {
 726              		.loc 1 109 16 is_stmt 1 view -0
 727              		.cfi_startproc
 728              		@ args = 0, pretend = 0, frame = 0
 729              		@ frame_needed = 0, uses_anonymous_args = 0
 110:Thaumazein.cpp ****     InitializeSynth();
ARM GAS  /var/folders/9s/8rp0_f2s1n31qbztm3b5_fdh0000gn/T//ccnok6VO.s 			page 24


 730              		.loc 1 110 5 view .LVU212
 109:Thaumazein.cpp ****     InitializeSynth();
 731              		.loc 1 109 16 is_stmt 0 view .LVU213
 732 0000 10B5     		push	{r4, lr}
 733              		.cfi_def_cfa_offset 8
 734              		.cfi_offset 4, -8
 735              		.cfi_offset 14, -4
 736              		.loc 1 110 20 view .LVU214
 737 0002 FFF7FEFF 		bl	_Z15InitializeSynthv
 738              	.LVL57:
 111:Thaumazein.cpp ****     
 112:Thaumazein.cpp ****     uint32_t lastPoll = hw.system.GetNow();  // Track last poll time
 739              		.loc 1 112 5 is_stmt 1 view .LVU215
 740              		.loc 1 112 41 is_stmt 0 view .LVU216
 741 0006 FFF7FEFF 		bl	_ZN5daisy6System6GetNowEv
 742              	.LVL58:
 743 000a 0446     		mov	r4, r0
 744              	.LVL59:
 745              	.L37:
 113:Thaumazein.cpp ****     
 114:Thaumazein.cpp ****     // Main Loop 
 115:Thaumazein.cpp ****     while (1) {
 746              		.loc 1 115 5 is_stmt 1 view .LVU217
 116:Thaumazein.cpp ****         UpdateLED();
 747              		.loc 1 116 9 view .LVU218
 748              		.loc 1 116 18 is_stmt 0 view .LVU219
 749 000c FFF7FEFF 		bl	_Z9UpdateLEDv
 750              	.LVL60:
 117:Thaumazein.cpp ****         
 118:Thaumazein.cpp ****         // Check bootloader condition via ADC touch pads
 119:Thaumazein.cpp ****         Bootload();
 751              		.loc 1 119 9 is_stmt 1 view .LVU220
 752              		.loc 1 119 17 is_stmt 0 view .LVU221
 753 0010 FFF7FEFF 		bl	_Z8Bootloadv
 754              	.LVL61:
 120:Thaumazein.cpp ****         
 121:Thaumazein.cpp ****         UpdateDisplay();
 755              		.loc 1 121 9 is_stmt 1 view .LVU222
 756              		.loc 1 121 22 is_stmt 0 view .LVU223
 757 0014 FFF7FEFF 		bl	_Z13UpdateDisplayv
 758              	.LVL62:
 122:Thaumazein.cpp ****         
 123:Thaumazein.cpp ****         // Poll touch sensor every 5 ms (200 Hz)
 124:Thaumazein.cpp ****         if (hw.system.GetNow() - lastPoll >= 5) {
 759              		.loc 1 124 9 is_stmt 1 view .LVU224
 760              		.loc 1 124 29 is_stmt 0 view .LVU225
 761 0018 FFF7FEFF 		bl	_ZN5daisy6System6GetNowEv
 762              	.LVL63:
 763              		.loc 1 124 32 view .LVU226
 764 001c 001B     		subs	r0, r0, r4
 765              		.loc 1 124 9 view .LVU227
 766 001e 0428     		cmp	r0, #4
 767 0020 04D9     		bls	.L36
 125:Thaumazein.cpp ****             lastPoll = hw.system.GetNow();
 768              		.loc 1 125 13 is_stmt 1 view .LVU228
 769              		.loc 1 125 40 is_stmt 0 view .LVU229
 770 0022 FFF7FEFF 		bl	_ZN5daisy6System6GetNowEv
ARM GAS  /var/folders/9s/8rp0_f2s1n31qbztm3b5_fdh0000gn/T//ccnok6VO.s 			page 25


 771              	.LVL64:
 772 0026 0446     		mov	r4, r0
 773              	.LVL65:
 126:Thaumazein.cpp ****             PollTouchSensor(); 
 774              		.loc 1 126 13 is_stmt 1 view .LVU230
 775              		.loc 1 126 28 is_stmt 0 view .LVU231
 776 0028 FFF7FEFF 		bl	_Z15PollTouchSensorv
 777              	.LVL66:
 778              	.L36:
 127:Thaumazein.cpp ****         }
 128:Thaumazein.cpp ****         
 129:Thaumazein.cpp ****         // Yield for system tasks, adjusted for polling interval
 130:Thaumazein.cpp ****         System::Delay(1); // Shorter delay to allow more frequent polling checks
 779              		.loc 1 130 9 is_stmt 1 view .LVU232
 780              		.loc 1 130 22 is_stmt 0 view .LVU233
 781 002c 0120     		movs	r0, #1
 782 002e FFF7FEFF 		bl	_ZN5daisy6System5DelayEm
 783              	.LVL67:
 115:Thaumazein.cpp ****         UpdateLED();
 784              		.loc 1 115 5 is_stmt 1 view .LVU234
 116:Thaumazein.cpp ****         
 785              		.loc 1 116 18 is_stmt 0 view .LVU235
 786 0032 EBE7     		b	.L37
 787              		.cfi_endproc
 788              	.LFE5348:
 790              		.global	touch_cv_value
 791              		.global	current_touch_state
 792              		.section	.rodata
 793              		.set	.LANCHOR0,. + 0
 794              	.LC0:
 795 0000 01       		.byte	1
 796 0001 08       		.byte	8
 797              	.LC1:
 798 0002 01       		.byte	1
 799 0003 09       		.byte	9
 800              		.section	.bss.current_touch_state,"aw",%nobits
 801              		.align	1
 802              		.set	.LANCHOR1,. + 0
 805              	current_touch_state:
 806 0000 0000     		.space	2
 807              		.section	.bss.touch_cv_value,"aw",%nobits
 808              		.align	2
 809              		.set	.LANCHOR2,. + 0
 812              	touch_cv_value:
 813 0000 00000000 		.space	4
 814              		.text
 815              	.Letext0:
 816              		.file 7 "/Library/DaisyToolchain/0.2.0/arm/arm-none-eabi/include/machine/_default_types.h"
 817              		.file 8 "/Library/DaisyToolchain/0.2.0/arm/arm-none-eabi/include/sys/_stdint.h"
 818              		.file 9 "/Library/DaisyToolchain/0.2.0/arm/arm-none-eabi/include/stdint.h"
 819              		.file 10 "/Library/DaisyToolchain/0.2.0/arm/lib/gcc/arm-none-eabi/10.3.1/include/stddef.h"
 820              		.file 11 "/Library/DaisyToolchain/0.2.0/arm/arm-none-eabi/include/c++/10.3.1/cmath"
 821              		.file 12 "/Library/DaisyToolchain/0.2.0/arm/arm-none-eabi/include/c++/10.3.1/bits/std_abs.h"
 822              		.file 13 "/Library/DaisyToolchain/0.2.0/arm/arm-none-eabi/include/c++/10.3.1/cstdlib"
 823              		.file 14 "/Library/DaisyToolchain/0.2.0/arm/arm-none-eabi/include/c++/10.3.1/cstdint"
 824              		.file 15 "/Library/DaisyToolchain/0.2.0/arm/arm-none-eabi/include/c++/10.3.1/type_traits"
 825              		.file 16 "/Library/DaisyToolchain/0.2.0/arm/arm-none-eabi/include/c++/10.3.1/arm-none-eabi/thumb/v
ARM GAS  /var/folders/9s/8rp0_f2s1n31qbztm3b5_fdh0000gn/T//ccnok6VO.s 			page 26


 826              		.file 17 "/Library/DaisyToolchain/0.2.0/arm/arm-none-eabi/include/c++/10.3.1/bits/stl_pair.h"
 827              		.file 18 "/Library/DaisyToolchain/0.2.0/arm/arm-none-eabi/include/c++/10.3.1/debug/debug.h"
 828              		.file 19 "/Library/DaisyToolchain/0.2.0/arm/arm-none-eabi/include/c++/10.3.1/bits/algorithmfwd.h"
 829              		.file 20 "/Library/DaisyToolchain/0.2.0/arm/arm-none-eabi/include/c++/10.3.1/bits/exception_ptr.h"
 830              		.file 21 "/Library/DaisyToolchain/0.2.0/arm/arm-none-eabi/include/c++/10.3.1/cstdarg"
 831              		.file 22 "/Library/DaisyToolchain/0.2.0/arm/arm-none-eabi/include/c++/10.3.1/cstdio"
 832              		.file 23 "/Library/DaisyToolchain/0.2.0/arm/arm-none-eabi/include/c++/10.3.1/cstring"
 833              		.file 24 "/Library/DaisyToolchain/0.2.0/arm/arm-none-eabi/include/c++/10.3.1/cwchar"
 834              		.file 25 "/Library/DaisyToolchain/0.2.0/arm/arm-none-eabi/include/c++/10.3.1/clocale"
 835              		.file 26 "/Library/DaisyToolchain/0.2.0/arm/arm-none-eabi/include/c++/10.3.1/bits/basic_string.h"
 836              		.file 27 "/Library/DaisyToolchain/0.2.0/arm/arm-none-eabi/include/c++/10.3.1/bits/stl_iterator.h"
 837              		.file 28 "/Library/DaisyToolchain/0.2.0/arm/arm-none-eabi/include/c++/10.3.1/bits/uses_allocator.h
 838              		.file 29 "/Library/DaisyToolchain/0.2.0/arm/arm-none-eabi/include/c++/10.3.1/tuple"
 839              		.file 30 "/Library/DaisyToolchain/0.2.0/arm/arm-none-eabi/include/c++/10.3.1/bits/std_function.h"
 840              		.file 31 "/Library/DaisyToolchain/0.2.0/arm/arm-none-eabi/include/c++/10.3.1/functional"
 841              		.file 32 "/Library/DaisyToolchain/0.2.0/arm/arm-none-eabi/include/c++/10.3.1/bits/allocator.h"
 842              		.file 33 "/Library/DaisyToolchain/0.2.0/arm/arm-none-eabi/include/c++/10.3.1/bits/alloc_traits.h"
 843              		.file 34 "/Library/DaisyToolchain/0.2.0/arm/arm-none-eabi/include/c++/10.3.1/bits/stl_vector.h"
 844              		.file 35 "/Library/DaisyToolchain/0.2.0/arm/arm-none-eabi/include/c++/10.3.1/bits/vector.tcc"
 845              		.file 36 "/Library/DaisyToolchain/0.2.0/arm/arm-none-eabi/include/c++/10.3.1/bits/stl_function.h"
 846              		.file 37 "/Library/DaisyToolchain/0.2.0/arm/arm-none-eabi/include/c++/10.3.1/bits/refwrap.h"
 847              		.file 38 "/Library/DaisyToolchain/0.2.0/arm/arm-none-eabi/include/c++/10.3.1/bits/predefined_ops.h
 848              		.file 39 "/Library/DaisyToolchain/0.2.0/arm/arm-none-eabi/include/c++/10.3.1/ext/new_allocator.h"
 849              		.file 40 "/Library/DaisyToolchain/0.2.0/arm/arm-none-eabi/include/c++/10.3.1/ext/alloc_traits.h"
 850              		.file 41 "/Library/DaisyToolchain/0.2.0/arm/arm-none-eabi/include/sys/_types.h"
 851              		.file 42 "/Library/DaisyToolchain/0.2.0/arm/arm-none-eabi/include/sys/reent.h"
 852              		.file 43 "/Library/DaisyToolchain/0.2.0/arm/arm-none-eabi/include/sys/lock.h"
 853              		.file 44 "/Library/DaisyToolchain/0.2.0/arm/arm-none-eabi/include/math.h"
 854              		.file 45 "/Library/DaisyToolchain/0.2.0/arm/arm-none-eabi/include/stdlib.h"
 855              		.file 46 "/Library/DaisyToolchain/0.2.0/arm/arm-none-eabi/include/c++/10.3.1/math.h"
 856              		.file 47 "/Library/DaisyToolchain/0.2.0/arm/arm-none-eabi/include/c++/10.3.1/stdlib.h"
 857              		.file 48 "lib/libdaisy/src/daisy_core.h"
 858              		.file 49 "lib/libdaisy/src/per/tim.h"
 859              		.file 50 "lib/libdaisy/src/sys/system.h"
 860              		.file 51 "lib/libdaisy/src/per/qspi.h"
 861              		.file 52 "lib/libdaisy/src/per/dac.h"
 862              		.file 53 "lib/libdaisy/src/per/gpio.h"
 863              		.file 54 "lib/libdaisy/src/per/sai.h"
 864              		.file 55 "lib/libdaisy/src/hid/audio.h"
 865              		.file 56 "lib/libdaisy/src/per/adc.h"
 866              		.file 57 "lib/libdaisy/src/hid/usb.h"
 867              		.file 58 "lib/libdaisy/src/hid/logger_impl.h"
 868              		.file 59 "lib/libdaisy/src/util/wav_format.h"
 869              		.file 60 "lib/libdaisy/src/hid/logger.h"
 870              		.file 61 "lib/libdaisy/src/dev/sdram.h"
 871              		.file 62 "/Library/DaisyToolchain/0.2.0/arm/lib/gcc/arm-none-eabi/10.3.1/include/stdarg.h"
 872              		.file 63 "/Library/DaisyToolchain/0.2.0/arm/arm-none-eabi/include/stdio.h"
 873              		.file 64 "/Library/DaisyToolchain/0.2.0/arm/arm-none-eabi/include/string.h"
 874              		.file 65 "lib/DaisySP/Source/Control/adenv.h"
 875              		.file 66 "lib/DaisySP/Source/Utility/metro.h"
 876              		.file 67 "/Library/DaisyToolchain/0.2.0/arm/arm-none-eabi/include/wchar.h"
 877              		.file 68 "/Library/DaisyToolchain/0.2.0/arm/arm-none-eabi/include/locale.h"
 878              		.file 69 "eurorack/stmlib/stmlib.h"
 879              		.file 70 "eurorack/plaits/dsp/dsp.h"
 880              		.file 71 "eurorack/plaits/dsp/engine/additive_engine.h"
 881              		.file 72 "eurorack/plaits/dsp/oscillator/oscillator.h"
 882              		.file 73 "eurorack/plaits/dsp/engine/chord_engine.h"
ARM GAS  /var/folders/9s/8rp0_f2s1n31qbztm3b5_fdh0000gn/T//ccnok6VO.s 			page 27


 883              		.file 74 "eurorack/plaits/dsp/physical_modelling/resonator.h"
 884              		.file 75 "eurorack/plaits/dsp/engine/particle_engine.h"
 885              		.file 76 "eurorack/plaits/dsp/physical_modelling/string.h"
 886              		.file 77 "eurorack/plaits/dsp/engine/string_engine.h"
 887              		.file 78 "eurorack/plaits/dsp/engine/swarm_engine.h"
 888              		.file 79 "eurorack/plaits/dsp/oscillator/variable_saw_oscillator.h"
 889              		.file 80 "eurorack/plaits/dsp/voice.h"
 890              		.file 81 "Effects/BiquadFilters.h"
 891              		.file 82 "Arpeggiator.h"
 892              		.file 83 "Thaumazein.h"
 893              		.file 84 "lib/libdaisy/src/dev/sr_595.h"
 894              		.file 85 "<built-in>"
ARM GAS  /var/folders/9s/8rp0_f2s1n31qbztm3b5_fdh0000gn/T//ccnok6VO.s 			page 28


DEFINED SYMBOLS
                            *ABS*:0000000000000000 Thaumazein.cpp
/var/folders/9s/8rp0_f2s1n31qbztm3b5_fdh0000gn/T//ccnok6VO.s:36     .text._Z13UpdateDisplayv.part.0:0000000000000000 $t
/var/folders/9s/8rp0_f2s1n31qbztm3b5_fdh0000gn/T//ccnok6VO.s:41     .text._Z13UpdateDisplayv.part.0:0000000000000000 _Z13UpdateDisplayv.part.0
/var/folders/9s/8rp0_f2s1n31qbztm3b5_fdh0000gn/T//ccnok6VO.s:236    .text._Z13UpdateDisplayv.part.0:00000000000000c0 $d
/var/folders/9s/8rp0_f2s1n31qbztm3b5_fdh0000gn/T//ccnok6VO.s:254    .text._Z13UpdateDisplayv:0000000000000000 $t
/var/folders/9s/8rp0_f2s1n31qbztm3b5_fdh0000gn/T//ccnok6VO.s:260    .text._Z13UpdateDisplayv:0000000000000000 _Z13UpdateDisplayv
/var/folders/9s/8rp0_f2s1n31qbztm3b5_fdh0000gn/T//ccnok6VO.s:283    .text._Z13UpdateDisplayv:000000000000000c $d
/var/folders/9s/8rp0_f2s1n31qbztm3b5_fdh0000gn/T//ccnok6VO.s:288    .text._Z15PollTouchSensorv:0000000000000000 $t
/var/folders/9s/8rp0_f2s1n31qbztm3b5_fdh0000gn/T//ccnok6VO.s:294    .text._Z15PollTouchSensorv:0000000000000000 _Z15PollTouchSensorv
/var/folders/9s/8rp0_f2s1n31qbztm3b5_fdh0000gn/T//ccnok6VO.s:703    .text._Z15PollTouchSensorv:000000000000014c $d
/var/folders/9s/8rp0_f2s1n31qbztm3b5_fdh0000gn/T//ccnok6VO.s:718    .text.startup.main:0000000000000000 $t
/var/folders/9s/8rp0_f2s1n31qbztm3b5_fdh0000gn/T//ccnok6VO.s:724    .text.startup.main:0000000000000000 main
/var/folders/9s/8rp0_f2s1n31qbztm3b5_fdh0000gn/T//ccnok6VO.s:812    .bss.touch_cv_value:0000000000000000 touch_cv_value
/var/folders/9s/8rp0_f2s1n31qbztm3b5_fdh0000gn/T//ccnok6VO.s:805    .bss.current_touch_state:0000000000000000 current_touch_state
/var/folders/9s/8rp0_f2s1n31qbztm3b5_fdh0000gn/T//ccnok6VO.s:801    .bss.current_touch_state:0000000000000000 $d
/var/folders/9s/8rp0_f2s1n31qbztm3b5_fdh0000gn/T//ccnok6VO.s:808    .bss.touch_cv_value:0000000000000000 $d

UNDEFINED SYMBOLS
snprintf
_ZN5daisy6LoggerILNS_17LoggerDestinationE1EE9PrintLineEPKcz
cpu_meter
current_engine_index
adc_raw_values
update_display
_ZNK6Mpr1218HasErrorEv
_ZN6Mpr12110ClearErrorEv
_ZN6Mpr1214InitERKNS_6ConfigE
_ZN6Mpr12113SetThresholdsEhh
_ZN6Mpr1217TouchedEv
_ZN5daisy6System6GetNowEv
_ZNK11Arpeggiator8IsActiveEv
_ZN5daisy4GPIO5WriteEb
_ZN6Mpr12120GetBaselineDeviationEh
touch_sensor
arp
arp_led_timestamps
ARP_LED_DURATION_MS
touch_leds
_Z15InitializeSynthv
_Z9UpdateLEDv
_Z8Bootloadv
_ZN5daisy6System5DelayEm
